#
# There is insufficient memory for the Java Runtime Environment to continue.
# Native memory allocation (mmap) failed to map 65536 bytes for Failed to commit metaspace.
# Possible reasons:
#   The system is out of physical RAM or swap space
#   The process is running with CompressedOops enabled, and the Java Heap may be blocking the growth of the native heap
# Possible solutions:
#   Reduce memory load on the system
#   Increase physical memory or swap space
#   Check if swap backing store is full
#   Decrease Java heap size (-Xmx/-Xms)
#   Decrease number of Java threads
#   Decrease Java thread stack sizes (-Xss)
#   Set larger code cache with -XX:ReservedCodeCacheSize=
#   JVM is running with Unscaled Compressed Oops mode in which the Java heap is
#     placed in the first 4GB address space. The Java Heap base address is the
#     maximum limit for the native heap growth. Please use -XX:HeapBaseMinAddress
#     to set the Java Heap base and to place the Java Heap above 4GB virtual address.
# This output file may be truncated or incomplete.
#
#  Out of Memory Error (virtualSpaceNode.cpp:110), pid=11600, tid=13668
#
# JRE version: Java(TM) SE Runtime Environment (17.0.11+7) (build 17.0.11+7-LTS-207)
# Java VM: Java HotSpot(TM) 64-Bit Server VM (17.0.11+7-LTS-207, mixed mode, emulated-client, sharing, tiered, compressed oops, compressed class ptrs, g1 gc, windows-amd64)
# No core dump will be written. Minidumps are not enabled by default on client versions of Windows
#

---------------  S U M M A R Y ------------

Command Line: -XX:TieredStopAtLevel=1 -Dspring.output.ansi.enabled=always -Dcom.sun.management.jmxremote -Dspring.jmx.enabled=true -Dspring.liveBeansView.mbeanDomain -Dspring.application.admin.enabled=true -Dmanagement.endpoints.jmx.exposure.include=* -javaagent:C:\Program Files\JetBrains\IntelliJ IDEA 2024.1.2\lib\idea_rt.jar=64069:C:\Program Files\JetBrains\IntelliJ IDEA 2024.1.2\bin -Dfile.encoding=UTF-8 com.hussain.springbootweb_servlet_jsp.SpringbootWebApplication

Host: Intel(R) Core(TM) i3-1005G1 CPU @ 1.20GHz, 4 cores, 7G,  Windows 11 , 64 bit Build 22621 (10.0.22621.3958)
Time: Mon Sep  2 15:59:23 2024 India Standard Time elapsed time: 1.918040 seconds (0d 0h 0m 1s)

---------------  T H R E A D  ---------------

Current thread (0x0000017f79018c10):  JavaThread "main" [_thread_in_vm, id=13668, stack(0x0000000176300000,0x0000000176400000)]

Stack: [0x0000000176300000,0x0000000176400000]
Native frames: (J=compiled Java code, j=interpreted, Vv=VM code, C=native code)
V  [jvm.dll+0x679cca]
V  [jvm.dll+0x7da13d]
V  [jvm.dll+0x7dba83]
V  [jvm.dll+0x7dc0f3]
V  [jvm.dll+0x2449af]
V  [jvm.dll+0x7d5d0b]
V  [jvm.dll+0x6200b6]
V  [jvm.dll+0x1be687]
V  [jvm.dll+0x622a12]
V  [jvm.dll+0x620a76]
V  [jvm.dll+0x1e5ed3]
V  [jvm.dll+0x1e8c50]
V  [jvm.dll+0x1de3c1]
V  [jvm.dll+0x53f19c]
V  [jvm.dll+0x754fc8]
V  [jvm.dll+0x7550b4]
V  [jvm.dll+0x40cb9f]
V  [jvm.dll+0x413629]
C  [java.dll+0x17ec]

Java frames: (J=compiled Java code, j=interpreted, Vv=VM code)
J 1113  java.lang.ClassLoader.defineClass1(Ljava/lang/ClassLoader;Ljava/lang/String;[BIILjava/security/ProtectionDomain;Ljava/lang/String;)Ljava/lang/Class; java.base@17.0.11 (0 bytes) @ 0x0000017f794a29e3 [0x0000017f794a2920+0x00000000000000c3]
J 1208 c1 java.lang.ClassLoader.defineClass(Ljava/lang/String;[BIILjava/security/ProtectionDomain;)Ljava/lang/Class; java.base@17.0.11 (43 bytes) @ 0x0000017f794c7e5c [0x0000017f794c7d60+0x00000000000000fc]
J 1124 c1 jdk.internal.loader.BuiltinClassLoader.defineClass(Ljava/lang/String;Ljdk/internal/loader/Resource;)Ljava/lang/Class; java.base@17.0.11 (121 bytes) @ 0x0000017f794aa964 [0x0000017f794aa4a0+0x00000000000004c4]
J 1123 c1 jdk.internal.loader.BuiltinClassLoader.findClassOnClassPathOrNull(Ljava/lang/String;)Ljava/lang/Class; java.base@17.0.11 (64 bytes) @ 0x0000017f794a99b4 [0x0000017f794a9700+0x00000000000002b4]
J 892 c1 jdk.internal.loader.BuiltinClassLoader.loadClassOrNull(Ljava/lang/String;Z)Ljava/lang/Class; java.base@17.0.11 (143 bytes) @ 0x0000017f794406dc [0x0000017f79440280+0x000000000000045c]
J 1003 c1 jdk.internal.loader.ClassLoaders$AppClassLoader.loadClass(Ljava/lang/String;Z)Ljava/lang/Class; java.base@17.0.11 (40 bytes) @ 0x0000017f79474ea4 [0x0000017f79474d60+0x0000000000000144]
J 1002 c1 java.lang.ClassLoader.loadClass(Ljava/lang/String;)Ljava/lang/Class; java.base@17.0.11 (7 bytes) @ 0x0000017f79473fe4 [0x0000017f79473fa0+0x0000000000000044]
v  ~StubRoutines::call_stub
j  org.springframework.cglib.core.AbstractClassGenerator.<init>(Lorg/springframework/cglib/core/AbstractClassGenerator$Source;)V+12
j  org.springframework.cglib.proxy.Enhancer.<init>()V+4
j  org.springframework.context.annotation.ConfigurationClassEnhancer.newEnhancer(Ljava/lang/Class;Ljava/lang/ClassLoader;)Lorg/springframework/cglib/proxy/Enhancer;+4
j  org.springframework.context.annotation.ConfigurationClassEnhancer.enhance(Ljava/lang/Class;Ljava/lang/ClassLoader;)Ljava/lang/Class;+50
j  org.springframework.context.annotation.ConfigurationClassPostProcessor.enhanceConfigurationClasses(Lorg/springframework/beans/factory/config/ConfigurableListableBeanFactory;)V+415
j  org.springframework.context.annotation.ConfigurationClassPostProcessor.postProcessBeanFactory(Lorg/springframework/beans/factory/config/ConfigurableListableBeanFactory;)V+75
j  org.springframework.context.support.PostProcessorRegistrationDelegate.invokeBeanFactoryPostProcessors(Ljava/util/Collection;Lorg/springframework/beans/factory/config/ConfigurableListableBeanFactory;)V+61
j  org.springframework.context.support.PostProcessorRegistrationDelegate.invokeBeanFactoryPostProcessors(Lorg/springframework/beans/factory/config/ConfigurableListableBeanFactory;Ljava/util/List;)V+521
j  org.springframework.context.support.AbstractApplicationContext.invokeBeanFactoryPostProcessors(Lorg/springframework/beans/factory/config/ConfigurableListableBeanFactory;)V+5
j  org.springframework.context.support.AbstractApplicationContext.refresh()V+62
j  org.springframework.boot.web.servlet.context.ServletWebServerApplicationContext.refresh()V+1
j  org.springframework.boot.SpringApplication.refresh(Lorg/springframework/context/ConfigurableApplicationContext;)V+1
j  org.springframework.boot.SpringApplication.refreshContext(Lorg/springframework/context/ConfigurableApplicationContext;)V+16
j  org.springframework.boot.SpringApplication.run([Ljava/lang/String;)Lorg/springframework/context/ConfigurableApplicationContext;+110
j  org.springframework.boot.SpringApplication.run([Ljava/lang/Class;[Ljava/lang/String;)Lorg/springframework/context/ConfigurableApplicationContext;+9
j  org.springframework.boot.SpringApplication.run(Ljava/lang/Class;[Ljava/lang/String;)Lorg/springframework/context/ConfigurableApplicationContext;+9
j  com.hussain.springbootweb_servlet_jsp.SpringbootWebApplication.main([Ljava/lang/String;)V+3
v  ~StubRoutines::call_stub

---------------  P R O C E S S  ---------------

Threads class SMR info:
_java_thread_list=0x0000017f51a2f870, length=17, elements={
0x0000017f79018c10, 0x0000017f7ef06480, 0x0000017f7ef08f50, 0x0000017f7ef193a0,
0x0000017f7ef19d60, 0x0000017f7ef1dee0, 0x0000017f7ef1f450, 0x0000017f7ef23b60,
0x0000017f7ef25c20, 0x0000017f7ef95690, 0x0000017f7ef9cb50, 0x0000017f7ef9d520,
0x0000017f0bad7780, 0x0000017f0bae2490, 0x0000017f51057300, 0x0000017f51571bd0,
0x0000017f5159e8f0
}

Java Threads: ( => current thread )
=>0x0000017f79018c10 JavaThread "main" [_thread_in_vm, id=13668, stack(0x0000000176300000,0x0000000176400000)]
  0x0000017f7ef06480 JavaThread "Reference Handler" daemon [_thread_blocked, id=15724, stack(0x0000000176a00000,0x0000000176b00000)]
  0x0000017f7ef08f50 JavaThread "Finalizer" daemon [_thread_blocked, id=15608, stack(0x0000000176b00000,0x0000000176c00000)]
  0x0000017f7ef193a0 JavaThread "Signal Dispatcher" daemon [_thread_blocked, id=3384, stack(0x0000000176c00000,0x0000000176d00000)]
  0x0000017f7ef19d60 JavaThread "Attach Listener" daemon [_thread_blocked, id=9268, stack(0x0000000176d00000,0x0000000176e00000)]
  0x0000017f7ef1dee0 JavaThread "Service Thread" daemon [_thread_blocked, id=11980, stack(0x0000000176e00000,0x0000000176f00000)]
  0x0000017f7ef1f450 JavaThread "Monitor Deflation Thread" daemon [_thread_blocked, id=2920, stack(0x0000000176f00000,0x0000000177000000)]
  0x0000017f7ef23b60 JavaThread "C1 CompilerThread0" daemon [_thread_blocked, id=16348, stack(0x0000000177000000,0x0000000177100000)]
  0x0000017f7ef25c20 JavaThread "Sweeper thread" daemon [_thread_blocked, id=4356, stack(0x0000000177100000,0x0000000177200000)]
  0x0000017f7ef95690 JavaThread "Common-Cleaner" daemon [_thread_blocked, id=7148, stack(0x0000000177200000,0x0000000177300000)]
  0x0000017f7ef9cb50 JavaThread "C1 CompilerThread1" daemon [_thread_blocked, id=2144, stack(0x0000000177300000,0x0000000177400000)]
  0x0000017f7ef9d520 JavaThread "C1 CompilerThread2" daemon [_thread_blocked, id=7236, stack(0x0000000177400000,0x0000000177500000)]
  0x0000017f0bad7780 JavaThread "Monitor Ctrl-Break" daemon [_thread_in_native, id=10692, stack(0x0000000177500000,0x0000000177600000)]
  0x0000017f0bae2490 JavaThread "Notification Thread" daemon [_thread_blocked, id=9984, stack(0x0000000177600000,0x0000000177700000)]
  0x0000017f51057300 JavaThread "RMI TCP Accept-0" daemon [_thread_in_native, id=2592, stack(0x0000000177700000,0x0000000177800000)]
  0x0000017f51571bd0 JavaThread "RMI TCP Connection(1)-192.168.1.15" daemon [_thread_in_native, id=6576, stack(0x0000000177d00000,0x0000000177e00000)]
  0x0000017f5159e8f0 JavaThread "RMI Scheduler(0)" daemon [_thread_blocked, id=13492, stack(0x0000000177e00000,0x0000000177f00000)]

Other Threads:
  0x0000017f7ef01e40 VMThread "VM Thread" [stack: 0x0000000176900000,0x0000000176a00000] [id=7280]
  0x0000017f790198a0 WatcherThread [stack: 0x0000000177800000,0x0000000177900000] [id=13268]
  0x0000017f790709c0 GCTaskThread "GC Thread#0" [stack: 0x0000000176400000,0x0000000176500000] [id=3168]
  0x0000017f51388ae0 GCTaskThread "GC Thread#1" [stack: 0x0000000177900000,0x0000000177a00000] [id=15732]
  0x0000017f5137e790 GCTaskThread "GC Thread#2" [stack: 0x0000000177a00000,0x0000000177b00000] [id=12904]
  0x0000017f513a80a0 GCTaskThread "GC Thread#3" [stack: 0x0000000177b00000,0x0000000177c00000] [id=1960]
  0x0000017f79081110 ConcurrentGCThread "G1 Main Marker" [stack: 0x0000000176500000,0x0000000176600000] [id=1088]
  0x0000017f79081b20 ConcurrentGCThread "G1 Conc#0" [stack: 0x0000000176600000,0x0000000176700000] [id=11816]
  0x0000017f790d7fa0 ConcurrentGCThread "G1 Refine#0" [stack: 0x0000000176700000,0x0000000176800000] [id=13636]
  0x0000017f513b4c90 ConcurrentGCThread "G1 Refine#1" [stack: 0x0000000177c00000,0x0000000177d00000] [id=16132]
  0x0000017f7edb14a0 ConcurrentGCThread "G1 Service" [stack: 0x0000000176800000,0x0000000176900000] [id=2464]

Threads with active compile tasks:

VM state: not at safepoint (normal execution)

VM Mutex/Monitor currently owned by a thread:  ([mutex/lock_event])
[0x0000017f79013010] Metaspace_lock - owner thread: 0x0000017f79018c10

Heap address: 0x0000000084000000, size: 1984 MB, Compressed Oops mode: 32-bit

CDS archive(s) mapped at: [0x0000017f0c000000-0x0000017f0cbd0000-0x0000017f0cbd0000), size 12386304, SharedBaseAddress: 0x0000017f0c000000, ArchiveRelocationMode: 1.
Compressed class space mapped at: 0x0000017f0d000000-0x0000017f4d000000, reserved size: 1073741824
Narrow klass base: 0x0000017f0c000000, Narrow klass shift: 0, Narrow klass range: 0x100000000

GC Precious Log:
 CPUs: 4 total, 4 available
 Memory: 7934M
 Large Page Support: Disabled
 NUMA Support: Disabled
 Compressed Oops: Enabled (32-bit)
 Heap Region Size: 1M
 Heap Min Capacity: 8M
 Heap Initial Capacity: 124M
 Heap Max Capacity: 1984M
 Pre-touch: Disabled
 Parallel Workers: 4
 Concurrent Workers: 1
 Concurrent Refinement Workers: 4
 Periodic GC: Disabled

Heap:
 garbage-first heap   total 126976K, used 45540K [0x0000000084000000, 0x0000000100000000)
  region size 1024K, 43 young (44032K), 4 survivors (4096K)
 Metaspace       used 20343K, committed 20608K, reserved 1114112K
  class space    used 2765K, committed 2880K, reserved 1048576K

Heap Regions: E=young(eden), S=young(survivor), O=old, HS=humongous(starts), HC=humongous(continues), CS=collection set, F=free, OA=open archive, CA=closed archive, TAMS=top-at-mark-start (previous, next)
|   0|0x0000000084000000, 0x0000000084100000, 0x0000000084100000|100%| O|  |TAMS 0x0000000084000000, 0x0000000084000000| Untracked 
|   1|0x0000000084100000, 0x0000000084200000, 0x0000000084200000|100%| O|  |TAMS 0x0000000084100000, 0x0000000084100000| Untracked 
|   2|0x0000000084200000, 0x0000000084300000, 0x0000000084300000|100%| O|  |TAMS 0x0000000084200000, 0x0000000084200000| Untracked 
|   3|0x0000000084300000, 0x0000000084400000, 0x0000000084400000|100%| O|  |TAMS 0x0000000084300000, 0x0000000084300000| Untracked 
|   4|0x0000000084400000, 0x000000008444be00, 0x0000000084500000| 29%| O|  |TAMS 0x0000000084400000, 0x0000000084400000| Untracked 
|   5|0x0000000084500000, 0x0000000084500000, 0x0000000084600000|  0%| F|  |TAMS 0x0000000084500000, 0x0000000084500000| Untracked 
|   6|0x0000000084600000, 0x0000000084600000, 0x0000000084700000|  0%| F|  |TAMS 0x0000000084600000, 0x0000000084600000| Untracked 
|   7|0x0000000084700000, 0x0000000084700000, 0x0000000084800000|  0%| F|  |TAMS 0x0000000084700000, 0x0000000084700000| Untracked 
|   8|0x0000000084800000, 0x0000000084800000, 0x0000000084900000|  0%| F|  |TAMS 0x0000000084800000, 0x0000000084800000| Untracked 
|   9|0x0000000084900000, 0x0000000084900000, 0x0000000084a00000|  0%| F|  |TAMS 0x0000000084900000, 0x0000000084900000| Untracked 
|  10|0x0000000084a00000, 0x0000000084a00000, 0x0000000084b00000|  0%| F|  |TAMS 0x0000000084a00000, 0x0000000084a00000| Untracked 
|  11|0x0000000084b00000, 0x0000000084b00000, 0x0000000084c00000|  0%| F|  |TAMS 0x0000000084b00000, 0x0000000084b00000| Untracked 
|  12|0x0000000084c00000, 0x0000000084c00000, 0x0000000084d00000|  0%| F|  |TAMS 0x0000000084c00000, 0x0000000084c00000| Untracked 
|  13|0x0000000084d00000, 0x0000000084d00000, 0x0000000084e00000|  0%| F|  |TAMS 0x0000000084d00000, 0x0000000084d00000| Untracked 
|  14|0x0000000084e00000, 0x0000000084e00000, 0x0000000084f00000|  0%| F|  |TAMS 0x0000000084e00000, 0x0000000084e00000| Untracked 
|  15|0x0000000084f00000, 0x0000000084f00000, 0x0000000085000000|  0%| F|  |TAMS 0x0000000084f00000, 0x0000000084f00000| Untracked 
|  16|0x0000000085000000, 0x0000000085000000, 0x0000000085100000|  0%| F|  |TAMS 0x0000000085000000, 0x0000000085000000| Untracked 
|  17|0x0000000085100000, 0x0000000085100000, 0x0000000085200000|  0%| F|  |TAMS 0x0000000085100000, 0x0000000085100000| Untracked 
|  18|0x0000000085200000, 0x0000000085200000, 0x0000000085300000|  0%| F|  |TAMS 0x0000000085200000, 0x0000000085200000| Untracked 
|  19|0x0000000085300000, 0x0000000085300000, 0x0000000085400000|  0%| F|  |TAMS 0x0000000085300000, 0x0000000085300000| Untracked 
|  20|0x0000000085400000, 0x0000000085400000, 0x0000000085500000|  0%| F|  |TAMS 0x0000000085400000, 0x0000000085400000| Untracked 
|  21|0x0000000085500000, 0x0000000085500000, 0x0000000085600000|  0%| F|  |TAMS 0x0000000085500000, 0x0000000085500000| Untracked 
|  22|0x0000000085600000, 0x0000000085600000, 0x0000000085700000|  0%| F|  |TAMS 0x0000000085600000, 0x0000000085600000| Untracked 
|  23|0x0000000085700000, 0x0000000085700000, 0x0000000085800000|  0%| F|  |TAMS 0x0000000085700000, 0x0000000085700000| Untracked 
|  24|0x0000000085800000, 0x0000000085800000, 0x0000000085900000|  0%| F|  |TAMS 0x0000000085800000, 0x0000000085800000| Untracked 
|  25|0x0000000085900000, 0x0000000085900000, 0x0000000085a00000|  0%| F|  |TAMS 0x0000000085900000, 0x0000000085900000| Untracked 
|  26|0x0000000085a00000, 0x0000000085a00000, 0x0000000085b00000|  0%| F|  |TAMS 0x0000000085a00000, 0x0000000085a00000| Untracked 
|  27|0x0000000085b00000, 0x0000000085b00000, 0x0000000085c00000|  0%| F|  |TAMS 0x0000000085b00000, 0x0000000085b00000| Untracked 
|  28|0x0000000085c00000, 0x0000000085c00000, 0x0000000085d00000|  0%| F|  |TAMS 0x0000000085c00000, 0x0000000085c00000| Untracked 
|  29|0x0000000085d00000, 0x0000000085d00000, 0x0000000085e00000|  0%| F|  |TAMS 0x0000000085d00000, 0x0000000085d00000| Untracked 
|  30|0x0000000085e00000, 0x0000000085e00000, 0x0000000085f00000|  0%| F|  |TAMS 0x0000000085e00000, 0x0000000085e00000| Untracked 
|  31|0x0000000085f00000, 0x0000000085f00000, 0x0000000086000000|  0%| F|  |TAMS 0x0000000085f00000, 0x0000000085f00000| Untracked 
|  32|0x0000000086000000, 0x0000000086000000, 0x0000000086100000|  0%| F|  |TAMS 0x0000000086000000, 0x0000000086000000| Untracked 
|  33|0x0000000086100000, 0x0000000086100000, 0x0000000086200000|  0%| F|  |TAMS 0x0000000086100000, 0x0000000086100000| Untracked 
|  34|0x0000000086200000, 0x0000000086200000, 0x0000000086300000|  0%| F|  |TAMS 0x0000000086200000, 0x0000000086200000| Untracked 
|  35|0x0000000086300000, 0x0000000086300000, 0x0000000086400000|  0%| F|  |TAMS 0x0000000086300000, 0x0000000086300000| Untracked 
|  36|0x0000000086400000, 0x0000000086400000, 0x0000000086500000|  0%| F|  |TAMS 0x0000000086400000, 0x0000000086400000| Untracked 
|  37|0x0000000086500000, 0x0000000086500000, 0x0000000086600000|  0%| F|  |TAMS 0x0000000086500000, 0x0000000086500000| Untracked 
|  38|0x0000000086600000, 0x0000000086600000, 0x0000000086700000|  0%| F|  |TAMS 0x0000000086600000, 0x0000000086600000| Untracked 
|  39|0x0000000086700000, 0x0000000086700000, 0x0000000086800000|  0%| F|  |TAMS 0x0000000086700000, 0x0000000086700000| Untracked 
|  40|0x0000000086800000, 0x0000000086800000, 0x0000000086900000|  0%| F|  |TAMS 0x0000000086800000, 0x0000000086800000| Untracked 
|  41|0x0000000086900000, 0x0000000086900000, 0x0000000086a00000|  0%| F|  |TAMS 0x0000000086900000, 0x0000000086900000| Untracked 
|  42|0x0000000086a00000, 0x0000000086a00000, 0x0000000086b00000|  0%| F|  |TAMS 0x0000000086a00000, 0x0000000086a00000| Untracked 
|  43|0x0000000086b00000, 0x0000000086b00000, 0x0000000086c00000|  0%| F|  |TAMS 0x0000000086b00000, 0x0000000086b00000| Untracked 
|  44|0x0000000086c00000, 0x0000000086c00000, 0x0000000086d00000|  0%| F|  |TAMS 0x0000000086c00000, 0x0000000086c00000| Untracked 
|  45|0x0000000086d00000, 0x0000000086d00000, 0x0000000086e00000|  0%| F|  |TAMS 0x0000000086d00000, 0x0000000086d00000| Untracked 
|  46|0x0000000086e00000, 0x0000000086e00000, 0x0000000086f00000|  0%| F|  |TAMS 0x0000000086e00000, 0x0000000086e00000| Untracked 
|  47|0x0000000086f00000, 0x0000000086f00000, 0x0000000087000000|  0%| F|  |TAMS 0x0000000086f00000, 0x0000000086f00000| Untracked 
|  48|0x0000000087000000, 0x0000000087000000, 0x0000000087100000|  0%| F|  |TAMS 0x0000000087000000, 0x0000000087000000| Untracked 
|  49|0x0000000087100000, 0x0000000087100000, 0x0000000087200000|  0%| F|  |TAMS 0x0000000087100000, 0x0000000087100000| Untracked 
|  50|0x0000000087200000, 0x0000000087200000, 0x0000000087300000|  0%| F|  |TAMS 0x0000000087200000, 0x0000000087200000| Untracked 
|  51|0x0000000087300000, 0x0000000087300000, 0x0000000087400000|  0%| F|  |TAMS 0x0000000087300000, 0x0000000087300000| Untracked 
|  52|0x0000000087400000, 0x0000000087400000, 0x0000000087500000|  0%| F|  |TAMS 0x0000000087400000, 0x0000000087400000| Untracked 
|  53|0x0000000087500000, 0x0000000087500000, 0x0000000087600000|  0%| F|  |TAMS 0x0000000087500000, 0x0000000087500000| Untracked 
|  54|0x0000000087600000, 0x0000000087600000, 0x0000000087700000|  0%| F|  |TAMS 0x0000000087600000, 0x0000000087600000| Untracked 
|  55|0x0000000087700000, 0x0000000087700000, 0x0000000087800000|  0%| F|  |TAMS 0x0000000087700000, 0x0000000087700000| Untracked 
|  56|0x0000000087800000, 0x0000000087800000, 0x0000000087900000|  0%| F|  |TAMS 0x0000000087800000, 0x0000000087800000| Untracked 
|  57|0x0000000087900000, 0x0000000087900000, 0x0000000087a00000|  0%| F|  |TAMS 0x0000000087900000, 0x0000000087900000| Untracked 
|  58|0x0000000087a00000, 0x0000000087a00000, 0x0000000087b00000|  0%| F|  |TAMS 0x0000000087a00000, 0x0000000087a00000| Untracked 
|  59|0x0000000087b00000, 0x0000000087b00000, 0x0000000087c00000|  0%| F|  |TAMS 0x0000000087b00000, 0x0000000087b00000| Untracked 
|  60|0x0000000087c00000, 0x0000000087c00000, 0x0000000087d00000|  0%| F|  |TAMS 0x0000000087c00000, 0x0000000087c00000| Untracked 
|  61|0x0000000087d00000, 0x0000000087d00000, 0x0000000087e00000|  0%| F|  |TAMS 0x0000000087d00000, 0x0000000087d00000| Untracked 
|  62|0x0000000087e00000, 0x0000000087e00000, 0x0000000087f00000|  0%| F|  |TAMS 0x0000000087e00000, 0x0000000087e00000| Untracked 
|  63|0x0000000087f00000, 0x0000000087f00000, 0x0000000088000000|  0%| F|  |TAMS 0x0000000087f00000, 0x0000000087f00000| Untracked 
|  64|0x0000000088000000, 0x0000000088000000, 0x0000000088100000|  0%| F|  |TAMS 0x0000000088000000, 0x0000000088000000| Untracked 
|  65|0x0000000088100000, 0x0000000088100000, 0x0000000088200000|  0%| F|  |TAMS 0x0000000088100000, 0x0000000088100000| Untracked 
|  66|0x0000000088200000, 0x0000000088200000, 0x0000000088300000|  0%| F|  |TAMS 0x0000000088200000, 0x0000000088200000| Untracked 
|  67|0x0000000088300000, 0x0000000088300000, 0x0000000088400000|  0%| F|  |TAMS 0x0000000088300000, 0x0000000088300000| Untracked 
|  68|0x0000000088400000, 0x0000000088400000, 0x0000000088500000|  0%| F|  |TAMS 0x0000000088400000, 0x0000000088400000| Untracked 
|  69|0x0000000088500000, 0x0000000088500000, 0x0000000088600000|  0%| F|  |TAMS 0x0000000088500000, 0x0000000088500000| Untracked 
|  70|0x0000000088600000, 0x0000000088600000, 0x0000000088700000|  0%| F|  |TAMS 0x0000000088600000, 0x0000000088600000| Untracked 
|  71|0x0000000088700000, 0x0000000088700000, 0x0000000088800000|  0%| F|  |TAMS 0x0000000088700000, 0x0000000088700000| Untracked 
|  72|0x0000000088800000, 0x0000000088800000, 0x0000000088900000|  0%| F|  |TAMS 0x0000000088800000, 0x0000000088800000| Untracked 
|  73|0x0000000088900000, 0x0000000088900000, 0x0000000088a00000|  0%| F|  |TAMS 0x0000000088900000, 0x0000000088900000| Untracked 
|  74|0x0000000088a00000, 0x0000000088a00000, 0x0000000088b00000|  0%| F|  |TAMS 0x0000000088a00000, 0x0000000088a00000| Untracked 
|  75|0x0000000088b00000, 0x0000000088b00000, 0x0000000088c00000|  0%| F|  |TAMS 0x0000000088b00000, 0x0000000088b00000| Untracked 
|  76|0x0000000088c00000, 0x0000000088c00000, 0x0000000088d00000|  0%| F|  |TAMS 0x0000000088c00000, 0x0000000088c00000| Untracked 
|  77|0x0000000088d00000, 0x0000000088d00000, 0x0000000088e00000|  0%| F|  |TAMS 0x0000000088d00000, 0x0000000088d00000| Untracked 
|  78|0x0000000088e00000, 0x0000000088e00000, 0x0000000088f00000|  0%| F|  |TAMS 0x0000000088e00000, 0x0000000088e00000| Untracked 
|  79|0x0000000088f00000, 0x0000000088f00000, 0x0000000089000000|  0%| F|  |TAMS 0x0000000088f00000, 0x0000000088f00000| Untracked 
|  80|0x0000000089000000, 0x0000000089000000, 0x0000000089100000|  0%| F|  |TAMS 0x0000000089000000, 0x0000000089000000| Untracked 
|  81|0x0000000089100000, 0x0000000089180800, 0x0000000089200000| 50%| E|  |TAMS 0x0000000089100000, 0x0000000089100000| Complete 
|  82|0x0000000089200000, 0x0000000089300000, 0x0000000089300000|100%| E|CS|TAMS 0x0000000089200000, 0x0000000089200000| Complete 
|  83|0x0000000089300000, 0x0000000089400000, 0x0000000089400000|100%| E|CS|TAMS 0x0000000089300000, 0x0000000089300000| Complete 
|  84|0x0000000089400000, 0x0000000089500000, 0x0000000089500000|100%| E|CS|TAMS 0x0000000089400000, 0x0000000089400000| Complete 
|  85|0x0000000089500000, 0x0000000089600000, 0x0000000089600000|100%| E|CS|TAMS 0x0000000089500000, 0x0000000089500000| Complete 
|  86|0x0000000089600000, 0x0000000089700000, 0x0000000089700000|100%| E|CS|TAMS 0x0000000089600000, 0x0000000089600000| Complete 
|  87|0x0000000089700000, 0x0000000089800000, 0x0000000089800000|100%| E|CS|TAMS 0x0000000089700000, 0x0000000089700000| Complete 
|  88|0x0000000089800000, 0x0000000089900000, 0x0000000089900000|100%| E|CS|TAMS 0x0000000089800000, 0x0000000089800000| Complete 
|  89|0x0000000089900000, 0x0000000089a00000, 0x0000000089a00000|100%| E|CS|TAMS 0x0000000089900000, 0x0000000089900000| Complete 
|  90|0x0000000089a00000, 0x0000000089b00000, 0x0000000089b00000|100%| E|CS|TAMS 0x0000000089a00000, 0x0000000089a00000| Complete 
|  91|0x0000000089b00000, 0x0000000089c00000, 0x0000000089c00000|100%| E|CS|TAMS 0x0000000089b00000, 0x0000000089b00000| Complete 
|  92|0x0000000089c00000, 0x0000000089d00000, 0x0000000089d00000|100%| E|CS|TAMS 0x0000000089c00000, 0x0000000089c00000| Complete 
|  93|0x0000000089d00000, 0x0000000089e00000, 0x0000000089e00000|100%| E|CS|TAMS 0x0000000089d00000, 0x0000000089d00000| Complete 
|  94|0x0000000089e00000, 0x0000000089e2d320, 0x0000000089f00000| 17%| S|CS|TAMS 0x0000000089e00000, 0x0000000089e00000| Complete 
|  95|0x0000000089f00000, 0x000000008a000000, 0x000000008a000000|100%| S|CS|TAMS 0x0000000089f00000, 0x0000000089f00000| Complete 
|  96|0x000000008a000000, 0x000000008a100000, 0x000000008a100000|100%| S|CS|TAMS 0x000000008a000000, 0x000000008a000000| Complete 
|  97|0x000000008a100000, 0x000000008a200000, 0x000000008a200000|100%| S|CS|TAMS 0x000000008a100000, 0x000000008a100000| Complete 
|  98|0x000000008a200000, 0x000000008a300000, 0x000000008a300000|100%| E|CS|TAMS 0x000000008a200000, 0x000000008a200000| Complete 
|  99|0x000000008a300000, 0x000000008a400000, 0x000000008a400000|100%| E|CS|TAMS 0x000000008a300000, 0x000000008a300000| Complete 
| 100|0x000000008a400000, 0x000000008a500000, 0x000000008a500000|100%| E|CS|TAMS 0x000000008a400000, 0x000000008a400000| Complete 
| 101|0x000000008a500000, 0x000000008a600000, 0x000000008a600000|100%| E|CS|TAMS 0x000000008a500000, 0x000000008a500000| Complete 
| 102|0x000000008a600000, 0x000000008a700000, 0x000000008a700000|100%| E|CS|TAMS 0x000000008a600000, 0x000000008a600000| Complete 
| 103|0x000000008a700000, 0x000000008a800000, 0x000000008a800000|100%| E|CS|TAMS 0x000000008a700000, 0x000000008a700000| Complete 
| 104|0x000000008a800000, 0x000000008a900000, 0x000000008a900000|100%| E|CS|TAMS 0x000000008a800000, 0x000000008a800000| Complete 
| 105|0x000000008a900000, 0x000000008aa00000, 0x000000008aa00000|100%| E|CS|TAMS 0x000000008a900000, 0x000000008a900000| Complete 
| 106|0x000000008aa00000, 0x000000008ab00000, 0x000000008ab00000|100%| E|CS|TAMS 0x000000008aa00000, 0x000000008aa00000| Complete 
| 107|0x000000008ab00000, 0x000000008ac00000, 0x000000008ac00000|100%| E|CS|TAMS 0x000000008ab00000, 0x000000008ab00000| Complete 
| 108|0x000000008ac00000, 0x000000008ad00000, 0x000000008ad00000|100%| E|CS|TAMS 0x000000008ac00000, 0x000000008ac00000| Complete 
| 109|0x000000008ad00000, 0x000000008ae00000, 0x000000008ae00000|100%| E|CS|TAMS 0x000000008ad00000, 0x000000008ad00000| Complete 
| 110|0x000000008ae00000, 0x000000008af00000, 0x000000008af00000|100%| E|CS|TAMS 0x000000008ae00000, 0x000000008ae00000| Complete 
| 111|0x000000008af00000, 0x000000008b000000, 0x000000008b000000|100%| E|CS|TAMS 0x000000008af00000, 0x000000008af00000| Complete 
| 112|0x000000008b000000, 0x000000008b100000, 0x000000008b100000|100%| E|CS|TAMS 0x000000008b000000, 0x000000008b000000| Complete 
| 113|0x000000008b100000, 0x000000008b200000, 0x000000008b200000|100%| E|CS|TAMS 0x000000008b100000, 0x000000008b100000| Complete 
| 114|0x000000008b200000, 0x000000008b300000, 0x000000008b300000|100%| E|CS|TAMS 0x000000008b200000, 0x000000008b200000| Complete 
| 115|0x000000008b300000, 0x000000008b400000, 0x000000008b400000|100%| E|CS|TAMS 0x000000008b300000, 0x000000008b300000| Complete 
| 116|0x000000008b400000, 0x000000008b500000, 0x000000008b500000|100%| E|CS|TAMS 0x000000008b400000, 0x000000008b400000| Complete 
| 117|0x000000008b500000, 0x000000008b600000, 0x000000008b600000|100%| E|CS|TAMS 0x000000008b500000, 0x000000008b500000| Complete 
| 118|0x000000008b600000, 0x000000008b700000, 0x000000008b700000|100%| E|CS|TAMS 0x000000008b600000, 0x000000008b600000| Complete 
| 119|0x000000008b700000, 0x000000008b800000, 0x000000008b800000|100%| E|CS|TAMS 0x000000008b700000, 0x000000008b700000| Complete 
| 120|0x000000008b800000, 0x000000008b900000, 0x000000008b900000|100%| E|  |TAMS 0x000000008b800000, 0x000000008b800000| Complete 
| 121|0x000000008b900000, 0x000000008ba00000, 0x000000008ba00000|100%| E|CS|TAMS 0x000000008b900000, 0x000000008b900000| Complete 
| 122|0x000000008ba00000, 0x000000008bb00000, 0x000000008bb00000|100%| E|CS|TAMS 0x000000008ba00000, 0x000000008ba00000| Complete 
| 123|0x000000008bb00000, 0x000000008bc00000, 0x000000008bc00000|100%| E|CS|TAMS 0x000000008bb00000, 0x000000008bb00000| Complete 

Card table byte_map: [0x0000017f7c4c0000,0x0000017f7c8a0000] _byte_map_base: 0x0000017f7c0a0000

Marking Bits (Prev, Next): (CMBitMap*) 0x0000017f79070fe0, (CMBitMap*) 0x0000017f79071020
 Prev Bits: [0x0000017f7cc80000, 0x0000017f7eb80000)
 Next Bits: [0x0000017f077f0000, 0x0000017f096f0000)

Polling page: 0x0000017f76f00000

Metaspace:

Usage:
  Non-class:     17.17 MB used.
      Class:      2.70 MB used.
       Both:     19.87 MB used.

Virtual space:
  Non-class space:       64.00 MB reserved,      17.31 MB ( 27%) committed,  1 nodes.
      Class space:        1.00 GB reserved,       2.81 MB ( <1%) committed,  1 nodes.
             Both:        1.06 GB reserved,      20.12 MB (  2%) committed. 

Chunk freelists:
   Non-Class:  14.36 MB
       Class:  13.00 MB
        Both:  27.36 MB

MaxMetaspaceSize: unlimited
CompressedClassSpaceSize: 1.00 GB
Initial GC threshold: 21.00 MB
Current GC threshold: 21.00 MB
CDS: on
MetaspaceReclaimPolicy: balanced
 - commit_granule_bytes: 65536.
 - commit_granule_words: 8192.
 - virtual_space_node_default_size: 8388608.
 - enlarge_chunks_in_place: 1.
 - new_chunks_are_fully_committed: 0.
 - uncommit_free_chunks: 1.
 - use_allocation_guard: 0.
 - handle_deallocations: 1.


Internal statistics:

num_allocs_failed_limit: 0.
num_arena_births: 330.
num_arena_deaths: 0.
num_vsnodes_births: 2.
num_vsnodes_deaths: 0.
num_space_committed: 322.
num_space_uncommitted: 0.
num_chunks_returned_to_freelist: 0.
num_chunks_taken_from_freelist: 978.
num_chunk_merges: 0.
num_chunk_splits: 674.
num_chunks_enlarged: 496.
num_inconsistent_stats: 0.

CodeCache: size=49152Kb used=6715Kb max_used=6715Kb free=42436Kb
 bounds [0x0000017f790e0000, 0x0000017f79770000, 0x0000017f7c0e0000]
 total_blobs=3403 nmethods=2895 adapters=433
 compilation: enabled
              stopped_count=0, restarted_count=0
 full_count=0

Compilation events (20 events):
Event: 1.913 Thread 0x0000017f7ef9cb50 2887       1       java.lang.invoke.MethodHandle::bindTo (19 bytes)
Event: 1.914 Thread 0x0000017f7ef9cb50 nmethod 2887 0x0000017f7976a610 code [0x0000017f7976a7e0, 0x0000017f7976aab8]
Event: 1.914 Thread 0x0000017f7ef9cb50 2888       1       java.lang.invoke.MethodType::leadingReferenceParameter (30 bytes)
Event: 1.914 Thread 0x0000017f7ef9d520 nmethod 2885 0x0000017f7976ac90 code [0x0000017f7976af00, 0x0000017f7976b658]
Event: 1.914 Thread 0x0000017f7ef9d520 2889       1       java.lang.invoke.MethodHandle::bindArgumentL (10 bytes)
Event: 1.914 Thread 0x0000017f7ef9cb50 nmethod 2888 0x0000017f7976ba10 code [0x0000017f7976bbc0, 0x0000017f7976bd68]
Event: 1.914 Thread 0x0000017f7ef9cb50 2890       1       java.lang.invoke.DelegatingMethodHandle::rebind (8 bytes)
Event: 1.914 Thread 0x0000017f7ef9d520 nmethod 2889 0x0000017f7976be90 code [0x0000017f7976c040, 0x0000017f7976c268]
Event: 1.914 Thread 0x0000017f7ef9cb50 nmethod 2890 0x0000017f7976c410 code [0x0000017f7976c5c0, 0x0000017f7976c6d8]
Event: 1.914 Thread 0x0000017f7ef9cb50 2891       1       java.lang.invoke.SimpleMethodHandle::speciesData (4 bytes)
Event: 1.914 Thread 0x0000017f7ef23b60 nmethod 2886 0x0000017f7976c790 code [0x0000017f7976ca40, 0x0000017f7976d628]
Event: 1.914 Thread 0x0000017f7ef9d520 2892       1       java.lang.invoke.SimpleMethodHandle::copyWithExtendL (7 bytes)
Event: 1.914 Thread 0x0000017f7ef9cb50 nmethod 2891 0x0000017f7976dd10 code [0x0000017f7976dea0, 0x0000017f7976df78]
Event: 1.914 Thread 0x0000017f7ef23b60 2893       1       java.lang.invoke.BoundMethodHandle::bindSingle (7 bytes)
Event: 1.914 Thread 0x0000017f7ef23b60 nmethod 2893 0x0000017f7976e010 code [0x0000017f7976e1a0, 0x0000017f7976e328]
Event: 1.914 Thread 0x0000017f7ef9d520 nmethod 2892 0x0000017f7976e410 code [0x0000017f7976e5a0, 0x0000017f7976e748]
Event: 1.915 Thread 0x0000017f7ef9d520 2894       1       java.lang.invoke.Invokers::maybeCustomize (5 bytes)
Event: 1.915 Thread 0x0000017f7ef23b60 2895       1       java.lang.invoke.MethodHandle::maybeCustomize (38 bytes)
Event: 1.916 Thread 0x0000017f7ef9d520 nmethod 2894 0x0000017f7976e810 code [0x0000017f7976e9a0, 0x0000017f7976ea68]
Event: 1.916 Thread 0x0000017f7ef23b60 nmethod 2895 0x0000017f7976eb10 code [0x0000017f7976ecc0, 0x0000017f7976eea8]

GC Heap History (6 events):
Event: 0.659 GC heap before
{Heap before GC invocations=0 (full 0):
 garbage-first heap   total 126976K, used 12288K [0x0000000084000000, 0x0000000100000000)
  region size 1024K, 13 young (13312K), 0 survivors (0K)
 Metaspace       used 5743K, committed 5888K, reserved 1114112K
  class space    used 705K, committed 768K, reserved 1048576K
}
Event: 0.665 GC heap after
{Heap after GC invocations=1 (full 0):
 garbage-first heap   total 126976K, used 4373K [0x0000000084000000, 0x0000000100000000)
  region size 1024K, 2 young (2048K), 2 survivors (2048K)
 Metaspace       used 5743K, committed 5888K, reserved 1114112K
  class space    used 705K, committed 768K, reserved 1048576K
}
Event: 0.926 GC heap before
{Heap before GC invocations=1 (full 0):
 garbage-first heap   total 126976K, used 16661K [0x0000000084000000, 0x0000000100000000)
  region size 1024K, 14 young (14336K), 2 survivors (2048K)
 Metaspace       used 8640K, committed 8832K, reserved 1114112K
  class space    used 1133K, committed 1216K, reserved 1048576K
}
Event: 0.930 GC heap after
{Heap after GC invocations=2 (full 0):
 garbage-first heap   total 126976K, used 5414K [0x0000000084000000, 0x0000000100000000)
  region size 1024K, 1 young (1024K), 1 survivors (1024K)
 Metaspace       used 8640K, committed 8832K, reserved 1114112K
  class space    used 1133K, committed 1216K, reserved 1048576K
}
Event: 1.285 GC heap before
{Heap before GC invocations=2 (full 0):
 garbage-first heap   total 126976K, used 31014K [0x0000000084000000, 0x0000000100000000)
  region size 1024K, 26 young (26624K), 1 survivors (1024K)
 Metaspace       used 14339K, committed 14592K, reserved 1114112K
  class space    used 1882K, committed 1984K, reserved 1048576K
}
Event: 1.289 GC heap after
{Heap after GC invocations=3 (full 0):
 garbage-first heap   total 126976K, used 7652K [0x0000000084000000, 0x0000000100000000)
  region size 1024K, 4 young (4096K), 4 survivors (4096K)
 Metaspace       used 14339K, committed 14592K, reserved 1114112K
  class space    used 1882K, committed 1984K, reserved 1048576K
}

Deoptimization events (0 events):
No events

Classes unloaded (0 events):
No events

Classes redefined (0 events):
No events

Internal exceptions (20 events):
Event: 1.094 Thread 0x0000017f79018c10 Exception <a 'java/lang/NoSuchMethodError'{0x000000008b5287c0}: 'java.lang.Object java.lang.invoke.Invokers$Holder.linkToTargetMethod(java.lang.Object, long, java.lang.Object)'> (0x000000008b5287c0) 
thrown [s\open\src\hotspot\share\interpreter\linkResolver.cpp, line 759]
Event: 1.107 Thread 0x0000017f79018c10 Exception <a 'java/lang/NoSuchMethodError'{0x000000008b448168}: 'void java.lang.invoke.DirectMethodHandle$Holder.invokeVirtual(java.lang.Object, java.lang.Object, java.lang.Object, java.lang.Object)'> (0x000000008b448168) 
thrown [s\open\src\hotspot\share\interpreter\linkResolver.cpp, line 759]
Event: 1.126 Thread 0x0000017f51571bd0 Exception <a 'java/lang/NoSuchMethodError'{0x000000008b306370}: static [B.<clinit>()V> (0x000000008b306370) 
thrown [s\open\src\hotspot\share\prims\jni.cpp, line 1112]
Event: 1.136 Thread 0x0000017f51571bd0 Exception <a 'java/lang/ClassNotFoundException'{0x000000008b200378}: javax/management/remote/rmi/RMIConnectionImpl_Skel> (0x000000008b200378) 
thrown [s\open\src\hotspot\share\classfile\systemDictionary.cpp, line 256]
Event: 1.146 Thread 0x0000017f51571bd0 Exception <a 'java/lang/reflect/InvocationTargetException'{0x000000008b2ad660}> (0x000000008b2ad660) 
thrown [s\open\src\hotspot\share\runtime\reflection.cpp, line 1121]
Event: 1.148 Thread 0x0000017f79018c10 Exception <a 'java/lang/NoSuchMethodError'{0x000000008b244f70}: 'void java.lang.invoke.DirectMethodHandle$Holder.invokeSpecial(java.lang.Object, java.lang.Object, java.lang.Object)'> (0x000000008b244f70) 
thrown [s\open\src\hotspot\share\interpreter\linkResolver.cpp, line 759]
Event: 1.150 Thread 0x0000017f51571bd0 Exception <a 'java/lang/NoSuchMethodError'{0x000000008b2d7f28}: static [Ljava/lang/StackTraceElement;.<clinit>()V> (0x000000008b2d7f28) 
thrown [s\open\src\hotspot\share\prims\jni.cpp, line 1112]
Event: 1.158 Thread 0x0000017f79018c10 Exception <a 'java/lang/IncompatibleClassChangeError'{0x000000008b274f60}: Found class java.lang.Object, but interface was expected> (0x000000008b274f60) 
thrown [s\open\src\hotspot\share\interpreter\linkResolver.cpp, line 826]
Event: 1.161 Thread 0x0000017f515cc020 Exception <a 'java/lang/NoClassDefFoundError'{0x000000008b1116c0}: jakarta/validation/Validation> (0x000000008b1116c0) 
thrown [s\open\src\hotspot\share\classfile\systemDictionary.cpp, line 245]
Event: 1.363 Thread 0x0000017f79018c10 Exception <a 'sun/nio/fs/WindowsException'{0x000000008b3df968}> (0x000000008b3df968) 
thrown [s\open\src\hotspot\share\prims\jni.cpp, line 516]
Event: 1.364 Thread 0x0000017f79018c10 Exception <a 'java/lang/NoSuchMethodError'{0x000000008b3e1020}: 'int java.lang.invoke.DirectMethodHandle$Holder.invokeSpecial(java.lang.Object, java.lang.Object, java.lang.Object, java.lang.Object, java.lang.Object)'> (0x000000008b3e1020) 
thrown [s\open\src\hotspot\share\interpreter\linkResolver.cpp, line 759]
Event: 1.365 Thread 0x0000017f79018c10 Exception <a 'java/lang/NoSuchMethodError'{0x000000008b3e9c38}: 'void java.lang.invoke.DirectMethodHandle$Holder.invokeVirtual(java.lang.Object, java.lang.Object)'> (0x000000008b3e9c38) 
thrown [s\open\src\hotspot\share\interpreter\linkResolver.cpp, line 759]
Event: 1.408 Thread 0x0000017f515cc020 Exception <a 'java/lang/NoSuchMethodError'{0x000000008af6a1d0}: 'long java.lang.invoke.DirectMethodHandle$Holder.invokeSpecial(java.lang.Object, java.lang.Object)'> (0x000000008af6a1d0) 
thrown [s\open\src\hotspot\share\interpreter\linkResolver.cpp, line 759]
Event: 1.411 Thread 0x0000017f515cc020 Exception <a 'java/lang/NoSuchMethodError'{0x000000008af74d88}: 'long java.lang.invoke.DirectMethodHandle$Holder.invokeStatic(java.lang.Object, java.lang.Object)'> (0x000000008af74d88) 
thrown [s\open\src\hotspot\share\interpreter\linkResolver.cpp, line 759]
Event: 1.411 Thread 0x0000017f515cc020 Exception <a 'java/lang/NoSuchMethodError'{0x000000008af780e0}: 'long java.lang.invoke.DirectMethodHandle$Holder.invokeStaticInit(java.lang.Object, java.lang.Object)'> (0x000000008af780e0) 
thrown [s\open\src\hotspot\share\interpreter\linkResolver.cpp, line 759]
Event: 1.413 Thread 0x0000017f515cc020 Exception <a 'java/lang/NoSuchMethodError'{0x000000008af859e0}: 'long java.lang.invoke.DirectMethodHandle$Holder.invokeInterface(java.lang.Object, java.lang.Object)'> (0x000000008af859e0) 
thrown [s\open\src\hotspot\share\interpreter\linkResolver.cpp, line 759]
Event: 1.413 Thread 0x0000017f515cc020 Exception <a 'java/lang/IncompatibleClassChangeError'{0x000000008af88cc8}: Found class java.lang.Object, but interface was expected> (0x000000008af88cc8) 
thrown [s\open\src\hotspot\share\interpreter\linkResolver.cpp, line 826]
Event: 1.417 Thread 0x0000017f515cc020 Exception <a 'java/lang/NoSuchMethodError'{0x000000008afa2810}: 'java.lang.Object java.lang.invoke.DirectMethodHandle$Holder.invokeVirtual(java.lang.Object, java.lang.Object, java.lang.Object, java.lang.Object)'> (0x000000008afa2810) 
thrown [s\open\src\hotspot\share\interpreter\linkResolver.cpp, line 759]
Event: 1.473 Thread 0x0000017f79018c10 Exception <a 'java/lang/IncompatibleClassChangeError'{0x000000008a95d4b8}: Found class java.lang.Object, but interface was expected> (0x000000008a95d4b8) 
thrown [s\open\src\hotspot\share\interpreter\linkResolver.cpp, line 826]
Event: 1.659 Thread 0x0000017f51571bd0 Exception <a 'java/lang/reflect/InvocationTargetException'{0x0000000089b09528}> (0x0000000089b09528) 
thrown [s\open\src\hotspot\share\runtime\reflection.cpp, line 1121]

VM Operations (20 events):
Event: 0.980 Executing VM operation: HandshakeAllThreads
Event: 0.980 Executing VM operation: HandshakeAllThreads done
Event: 1.135 Executing VM operation: HandshakeAllThreads
Event: 1.135 Executing VM operation: HandshakeAllThreads done
Event: 1.138 Executing VM operation: HandshakeAllThreads
Event: 1.138 Executing VM operation: HandshakeAllThreads done
Event: 1.143 Executing VM operation: HandshakeAllThreads
Event: 1.143 Executing VM operation: HandshakeAllThreads done
Event: 1.248 Executing VM operation: ICBufferFull
Event: 1.248 Executing VM operation: ICBufferFull done
Event: 1.285 Executing VM operation: G1CollectForAllocation
Event: 1.289 Executing VM operation: G1CollectForAllocation done
Event: 1.311 Executing VM operation: HandshakeAllThreads
Event: 1.311 Executing VM operation: HandshakeAllThreads done
Event: 1.349 Executing VM operation: HandshakeAllThreads
Event: 1.349 Executing VM operation: HandshakeAllThreads done
Event: 1.462 Executing VM operation: HandshakeAllThreads
Event: 1.462 Executing VM operation: HandshakeAllThreads done
Event: 1.668 Executing VM operation: ICBufferFull
Event: 1.668 Executing VM operation: ICBufferFull done

Events (20 events):
Event: 1.462 loading class sun/security/util/ObjectIdentifier done
Event: 1.464 loading class java/security/spec/ECFieldF2m
Event: 1.465 loading class java/security/spec/ECFieldF2m done
Event: 1.468 loading class sun/security/ssl/SunJSSE
Event: 1.468 loading class sun/security/ssl/SunJSSE done
Event: 1.469 loading class com/sun/crypto/provider/SunJCE
Event: 1.469 loading class com/sun/crypto/provider/SunJCE done
Event: 1.473 loading class sun/security/provider/certpath/ldap/JdkLDAP
Event: 1.473 loading class sun/security/provider/certpath/ldap/JdkLDAP done
Event: 1.473 loading class sun/security/provider/certpath/ldap/JdkLDAP$ProviderService
Event: 1.473 loading class sun/security/provider/certpath/ldap/JdkLDAP$ProviderService done
Event: 1.474 loading class com/sun/security/sasl/Provider
Event: 1.474 loading class com/sun/security/sasl/Provider done
Event: 1.474 loading class com/sun/security/sasl/Provider$1
Event: 1.474 loading class com/sun/security/sasl/Provider$1 done
Event: 1.474 loading class com/sun/security/sasl/Provider$ProviderService
Event: 1.474 loading class com/sun/security/sasl/Provider$ProviderService done
Event: 1.476 Thread 0x0000017f515cc020 Thread exited: 0x0000017f515cc020
Event: 1.655 Thread 0x0000017f51ae7890 Thread added: 0x0000017f51ae7890
Event: 1.661 Thread 0x0000017f51ae7890 Thread exited: 0x0000017f51ae7890


Dynamic libraries:
0x00007ff715030000 - 0x00007ff715040000 	C:\Program Files\Java\jdk-17\bin\java.exe
0x00007ffc98150000 - 0x00007ffc98367000 	C:\WINDOWS\SYSTEM32\ntdll.dll
0x00007ffc973a0000 - 0x00007ffc97464000 	C:\WINDOWS\System32\KERNEL32.DLL
0x00007ffc95a30000 - 0x00007ffc95ddd000 	C:\WINDOWS\System32\KERNELBASE.dll
0x00007ffc954f0000 - 0x00007ffc95601000 	C:\WINDOWS\System32\ucrtbase.dll
0x00007ffc80d80000 - 0x00007ffc80d99000 	C:\Program Files\Java\jdk-17\bin\jli.dll
0x00007ffc95f10000 - 0x00007ffc95fc2000 	C:\WINDOWS\System32\ADVAPI32.dll
0x00007ffc98060000 - 0x00007ffc98107000 	C:\WINDOWS\System32\msvcrt.dll
0x00007ffc965b0000 - 0x00007ffc96659000 	C:\WINDOWS\System32\sechost.dll
0x00007ffc95610000 - 0x00007ffc95638000 	C:\WINDOWS\System32\bcrypt.dll
0x00007ffc97880000 - 0x00007ffc97994000 	C:\WINDOWS\System32\RPCRT4.dll
0x00007ffc979c0000 - 0x00007ffc97b6e000 	C:\WINDOWS\System32\USER32.dll
0x00007ffc956b0000 - 0x00007ffc956d6000 	C:\WINDOWS\System32\win32u.dll
0x00007ffc972d0000 - 0x00007ffc972f9000 	C:\WINDOWS\System32\GDI32.dll
0x00007ffc95850000 - 0x00007ffc95969000 	C:\WINDOWS\System32\gdi32full.dll
0x00007ffc95de0000 - 0x00007ffc95e7a000 	C:\WINDOWS\System32\msvcp_win.dll
0x00007ffc66a30000 - 0x00007ffc66a4b000 	C:\Program Files\Java\jdk-17\bin\VCRUNTIME140.dll
0x00007ffc83410000 - 0x00007ffc836a3000 	C:\WINDOWS\WinSxS\amd64_microsoft.windows.common-controls_6595b64144ccf1df_6.0.22621.3672_none_2713b9d173822955\COMCTL32.dll
0x00007ffc8b380000 - 0x00007ffc8b38a000 	C:\WINDOWS\SYSTEM32\VERSION.dll
0x00007ffc95e80000 - 0x00007ffc95eb1000 	C:\WINDOWS\System32\IMM32.DLL
0x00007ffc80d70000 - 0x00007ffc80d7c000 	C:\Program Files\Java\jdk-17\bin\vcruntime140_1.dll
0x00007ffc5b140000 - 0x00007ffc5b1ce000 	C:\Program Files\Java\jdk-17\bin\msvcp140.dll
0x00007ffc03730000 - 0x00007ffc04310000 	C:\Program Files\Java\jdk-17\bin\server\jvm.dll
0x00007ffc96770000 - 0x00007ffc96778000 	C:\WINDOWS\System32\PSAPI.DLL
0x00007ffc74280000 - 0x00007ffc74289000 	C:\WINDOWS\SYSTEM32\WSOCK32.dll
0x00007ffc97320000 - 0x00007ffc97391000 	C:\WINDOWS\System32\WS2_32.dll
0x00007ffc8e390000 - 0x00007ffc8e3c4000 	C:\WINDOWS\SYSTEM32\WINMM.dll
0x00007ffc944c0000 - 0x00007ffc944d8000 	C:\WINDOWS\SYSTEM32\kernel.appcore.dll
0x00007ffc662c0000 - 0x00007ffc662ca000 	C:\Program Files\Java\jdk-17\bin\jimage.dll
0x00007ffc92e90000 - 0x00007ffc930c2000 	C:\WINDOWS\SYSTEM32\DBGHELP.DLL
0x00007ffc97bd0000 - 0x00007ffc97f5e000 	C:\WINDOWS\System32\combase.dll
0x00007ffc97470000 - 0x00007ffc97547000 	C:\WINDOWS\System32\OLEAUT32.dll
0x00007ffc72530000 - 0x00007ffc72562000 	C:\WINDOWS\SYSTEM32\dbgcore.DLL
0x00007ffc95470000 - 0x00007ffc954eb000 	C:\WINDOWS\System32\bcryptPrimitives.dll
0x00007ffc910b0000 - 0x00007ffc910be000 	C:\Program Files\Java\jdk-17\bin\instrument.dll
0x00007ffc5cc80000 - 0x00007ffc5cca5000 	C:\Program Files\Java\jdk-17\bin\java.dll
0x00007ffc5aa70000 - 0x00007ffc5ab47000 	C:\Program Files\Java\jdk-17\bin\jsvml.dll
0x00007ffc96a60000 - 0x00007ffc972c7000 	C:\WINDOWS\System32\SHELL32.dll
0x00007ffc93280000 - 0x00007ffc93b7f000 	C:\WINDOWS\SYSTEM32\windows.storage.dll
0x00007ffc93bc0000 - 0x00007ffc93cff000 	C:\WINDOWS\SYSTEM32\wintypes.dll
0x00007ffc97f60000 - 0x00007ffc98059000 	C:\WINDOWS\System32\SHCORE.dll
0x00007ffc96780000 - 0x00007ffc967de000 	C:\WINDOWS\System32\shlwapi.dll
0x00007ffc953a0000 - 0x00007ffc953c7000 	C:\WINDOWS\SYSTEM32\profapi.dll
0x00007ffc5c8e0000 - 0x00007ffc5c8f8000 	C:\Program Files\Java\jdk-17\bin\zip.dll
0x00007ffc64fc0000 - 0x00007ffc64fd9000 	C:\Program Files\Java\jdk-17\bin\net.dll
0x00007ffc8e800000 - 0x00007ffc8e936000 	C:\WINDOWS\SYSTEM32\WINHTTP.dll
0x00007ffc94930000 - 0x00007ffc94999000 	C:\WINDOWS\system32\mswsock.dll
0x00007ffc5c9e0000 - 0x00007ffc5c9f6000 	C:\Program Files\Java\jdk-17\bin\nio.dll
0x00007ffc69a10000 - 0x00007ffc69a2a000 	C:\Program Files\JetBrains\IntelliJ IDEA 2024.1.2\bin\breakgen64.dll
0x00007ffc93fc0000 - 0x00007ffc940b8000 	C:\WINDOWS\SYSTEM32\DNSAPI.dll
0x00007ffc93f90000 - 0x00007ffc93fbd000 	C:\WINDOWS\SYSTEM32\IPHLPAPI.DLL
0x00007ffc96890000 - 0x00007ffc96899000 	C:\WINDOWS\System32\NSI.dll
0x00007ffc8e230000 - 0x00007ffc8e23a000 	C:\Windows\System32\rasadhlp.dll
0x00007ffc8d180000 - 0x00007ffc8d203000 	C:\WINDOWS\System32\fwpuclnt.dll
0x00007ffc8fbd0000 - 0x00007ffc8fbda000 	C:\Program Files\Java\jdk-17\bin\management.dll
0x00007ffc8f020000 - 0x00007ffc8f02b000 	C:\Program Files\Java\jdk-17\bin\management_ext.dll
0x00007ffc94b80000 - 0x00007ffc94b9b000 	C:\WINDOWS\SYSTEM32\CRYPTSP.dll
0x00007ffc94420000 - 0x00007ffc94455000 	C:\WINDOWS\system32\rsaenh.dll
0x00007ffc94a20000 - 0x00007ffc94a48000 	C:\WINDOWS\SYSTEM32\USERENV.dll
0x00007ffc94ba0000 - 0x00007ffc94bac000 	C:\WINDOWS\SYSTEM32\CRYPTBASE.dll
0x00007ffc8e370000 - 0x00007ffc8e389000 	C:\WINDOWS\SYSTEM32\dhcpcsvc6.DLL
0x00007ffc8e210000 - 0x00007ffc8e22f000 	C:\WINDOWS\SYSTEM32\dhcpcsvc.DLL
0x00007ffc3ddd0000 - 0x00007ffc3dde7000 	C:\WINDOWS\system32\napinsp.dll
0x00007ffc10a50000 - 0x00007ffc10a6b000 	C:\WINDOWS\system32\pnrpnsp.dll
0x00007ffc10a30000 - 0x00007ffc10a41000 	C:\WINDOWS\System32\winrnr.dll
0x00007ffc8c240000 - 0x00007ffc8c255000 	C:\WINDOWS\system32\wshbth.dll
0x00007ffc8e640000 - 0x00007ffc8e667000 	C:\WINDOWS\system32\nlansp_c.dll
0x00007ffc8ec40000 - 0x00007ffc8ec4e000 	C:\Program Files\Java\jdk-17\bin\sunmscapi.dll
0x00007ffc956e0000 - 0x00007ffc95847000 	C:\WINDOWS\System32\CRYPT32.dll
0x00007ffc94d40000 - 0x00007ffc94d6e000 	C:\WINDOWS\SYSTEM32\ncrypt.dll
0x00007ffc94d00000 - 0x00007ffc94d37000 	C:\WINDOWS\SYSTEM32\NTASN1.dll

dbghelp: loaded successfully - version: 4.0.5 - missing functions: none
symbol engine: initialized successfully - sym options: 0x614 - pdb path: .;C:\Program Files\Java\jdk-17\bin;C:\WINDOWS\SYSTEM32;C:\WINDOWS\WinSxS\amd64_microsoft.windows.common-controls_6595b64144ccf1df_6.0.22621.3672_none_2713b9d173822955;C:\Program Files\Java\jdk-17\bin\server;C:\Program Files\JetBrains\IntelliJ IDEA 2024.1.2\bin

VM Arguments:
jvm_args: -XX:TieredStopAtLevel=1 -Dspring.output.ansi.enabled=always -Dcom.sun.management.jmxremote -Dspring.jmx.enabled=true -Dspring.liveBeansView.mbeanDomain -Dspring.application.admin.enabled=true -Dmanagement.endpoints.jmx.exposure.include=* -javaagent:C:\Program Files\JetBrains\IntelliJ IDEA 2024.1.2\lib\idea_rt.jar=64069:C:\Program Files\JetBrains\IntelliJ IDEA 2024.1.2\bin -Dfile.encoding=UTF-8 
java_command: com.hussain.springbootweb_servlet_jsp.SpringbootWebApplication
java_class_path (initial): I:\Backend-development\SpringbootWeb\target\classes;C:\Users\hussa\.m2\repository\org\springframework\boot\spring-boot-starter-web\3.3.3\spring-boot-starter-web-3.3.3.jar;C:\Users\hussa\.m2\repository\org\springframework\boot\spring-boot-starter\3.3.3\spring-boot-starter-3.3.3.jar;C:\Users\hussa\.m2\repository\org\springframework\boot\spring-boot\3.3.3\spring-boot-3.3.3.jar;C:\Users\hussa\.m2\repository\org\springframework\boot\spring-boot-autoconfigure\3.3.3\spring-boot-autoconfigure-3.3.3.jar;C:\Users\hussa\.m2\repository\org\springframework\boot\spring-boot-starter-logging\3.3.3\spring-boot-starter-logging-3.3.3.jar;C:\Users\hussa\.m2\repository\ch\qos\logback\logback-classic\1.5.7\logback-classic-1.5.7.jar;C:\Users\hussa\.m2\repository\ch\qos\logback\logback-core\1.5.7\logback-core-1.5.7.jar;C:\Users\hussa\.m2\repository\org\apache\logging\log4j\log4j-to-slf4j\2.23.1\log4j-to-slf4j-2.23.1.jar;C:\Users\hussa\.m2\repository\org\apache\logging\log4j\log4j-api\2.23.1\log4j-api-2.23.1.jar;C:\Users\hussa\.m2\repository\org\slf4j\jul-to-slf4j\2.0.16\jul-to-slf4j-2.0.16.jar;C:\Users\hussa\.m2\repository\jakarta\annotation\jakarta.annotation-api\2.1.1\jakarta.annotation-api-2.1.1.jar;C:\Users\hussa\.m2\repository\org\yaml\snakeyaml\2.2\snakeyaml-2.2.jar;C:\Users\hussa\.m2\repository\org\springframework\boot\spring-boot-starter-json\3.3.3\spring-boot-starter-json-3.3.3.jar;C:\Users\hussa\.m2\repository\com\fasterxml\jackson\core\jackson-databind\2.17.2\jackson-databind-2.17.2.jar;C:\Users\hussa\.m2\repository\com\fasterxml\jackson\core\jackson-annotations\2.17.2\jackson-annotations-2.17.2.jar;C:\Users\hussa\.m2\repository\com\fasterxml\jackson\core\jackson-core\2.17.2\jackson-core-2.17.2.jar;C:\Users\hussa\.m2\repository\com\fasterxml\jackson\datatype\jackson-datatype-jdk8\2.17.2\jackson-datatype-jdk8-2.17.2.jar;C:\Users\hussa\.m2\repository\com\fasterxml\jackson\datatype\jackson-datatype-jsr310\2.17.2\jackson-datatype-jsr310-2.17.2.jar;C:\Use
Launcher Type: SUN_STANDARD

[Global flags]
     intx CICompilerCount                          = 3                                         {product} {ergonomic}
     uint ConcGCThreads                            = 1                                         {product} {ergonomic}
     uint G1ConcRefinementThreads                  = 4                                         {product} {ergonomic}
   size_t G1HeapRegionSize                         = 1048576                                   {product} {ergonomic}
    uintx GCDrainStackTargetSize                   = 64                                        {product} {ergonomic}
   size_t InitialHeapSize                          = 130023424                                 {product} {ergonomic}
     bool ManagementServer                         = true                                      {product} {command line}
   size_t MarkStackSize                            = 4194304                                   {product} {ergonomic}
   size_t MaxHeapSize                              = 2080374784                                {product} {ergonomic}
   size_t MaxNewSize                               = 1247805440                                {product} {ergonomic}
   size_t MinHeapDeltaBytes                        = 1048576                                   {product} {ergonomic}
   size_t MinHeapSize                              = 8388608                                   {product} {ergonomic}
    uintx NonProfiledCodeHeapSize                  = 0                                      {pd product} {ergonomic}
     bool ProfileInterpreter                       = false                                  {pd product} {command line}
    uintx ProfiledCodeHeapSize                     = 0                                      {pd product} {ergonomic}
   size_t SoftMaxHeapSize                          = 2080374784                             {manageable} {ergonomic}
     intx TieredStopAtLevel                        = 1                                         {product} {command line}
     bool UseCompressedClassPointers               = true                           {product lp64_product} {ergonomic}
     bool UseCompressedOops                        = true                           {product lp64_product} {ergonomic}
     bool UseG1GC                                  = true                                      {product} {ergonomic}
     bool UseLargePagesIndividualAllocation        = false                                  {pd product} {ergonomic}

Logging:
Log output configuration:
 #0: stdout all=warning uptime,level,tags
 #1: stderr all=off uptime,level,tags

Environment Variables:
PATH=C:\Program Files\Java\jdk-17\bin;C:\WINDOWS\system32;C:\WINDOWS;C:\WINDOWS\System32\Wbem;C:\WINDOWS\System32\WindowsPowerShell\v1.0\;C:\WINDOWS\System32\OpenSSH\;C:\Program Files\Crucial\Crucial Storage Executive;C:\Program Files\Git\cmd;C:\Program Files\nodejs\;C:\Program Files\Java\jdk-17\bin;C:\Users\hussa\AppData\Local\Microsoft\WindowsApps;C:\Users\hussa\AppData\Local\Programs\Microsoft VS Code\bin;C:\Users\hussa\AppData\Roaming\npm;C:\Program Files\JetBrains\IntelliJ IDEA 2024.1.2\bin;;C:\Users\hussa\AppData\Local\Programs\mongosh\
USERNAME=hussa
OS=Windows_NT
PROCESSOR_IDENTIFIER=Intel64 Family 6 Model 126 Stepping 5, GenuineIntel



---------------  S Y S T E M  ---------------

OS:
 Windows 11 , 64 bit Build 22621 (10.0.22621.3958)
OS uptime: 0 days 2:00 hours

CPU: total 4 (initial active 4) (2 cores per cpu, 2 threads per core) family 6 model 126 stepping 5 microcode 0x86, cx8, cmov, fxsr, ht, mmx, 3dnowpref, sse, sse2, sse3, ssse3, sse4.1, sse4.2, popcnt, lzcnt, tsc, tscinvbit, avx, avx2, aes, erms, clmul, bmi1, bmi2, adx, avx512f, avx512dq, avx512cd, avx512bw, avx512vl, sha, fma, vzeroupper, avx512_vpopcntdq, avx512_vpclmulqdq, avx512_vaes, avx512_vnni, clflush, clflushopt, avx512_vbmi2, avx512_vbmi

Memory: 4k page, system-wide physical 7934M (597M free)
TotalPageFile size 9982M (AvailPageFile size 4M)
current process WorkingSet (physical memory assigned to process): 119M, peak: 119M
current process commit charge ("private bytes"): 230M, peak: 231M

vm_info: Java HotSpot(TM) 64-Bit Server VM (17.0.11+7-LTS-207) for windows-amd64 JRE (17.0.11+7-LTS-207), built on Mar 11 2024 19:01:50 by "mach5one" with MS VC++ 17.6 (VS2022)

END.
