#
# There is insufficient memory for the Java Runtime Environment to continue.
# Native memory allocation (malloc) failed to allocate 32744 bytes for ChunkPool::allocate
# Possible reasons:
#   The system is out of physical RAM or swap space
#   The process is running with CompressedOops enabled, and the Java Heap may be blocking the growth of the native heap
# Possible solutions:
#   Reduce memory load on the system
#   Increase physical memory or swap space
#   Check if swap backing store is full
#   Decrease Java heap size (-Xmx/-Xms)
#   Decrease number of Java threads
#   Decrease Java thread stack sizes (-Xss)
#   Set larger code cache with -XX:ReservedCodeCacheSize=
#   JVM is running with Unscaled Compressed Oops mode in which the Java heap is
#     placed in the first 4GB address space. The Java Heap base address is the
#     maximum limit for the native heap growth. Please use -XX:HeapBaseMinAddress
#     to set the Java Heap base and to place the Java Heap above 4GB virtual address.
# This output file may be truncated or incomplete.
#
#  Out of Memory Error (arena.cpp:78), pid=1724, tid=10928
#
# JRE version: Java(TM) SE Runtime Environment (17.0.11+7) (build 17.0.11+7-LTS-207)
# Java VM: Java HotSpot(TM) 64-Bit Server VM (17.0.11+7-LTS-207, mixed mode, emulated-client, sharing, tiered, compressed oops, compressed class ptrs, g1 gc, windows-amd64)
# No core dump will be written. Minidumps are not enabled by default on client versions of Windows
#

---------------  S U M M A R Y ------------

Command Line: -XX:TieredStopAtLevel=1 -Dspring.output.ansi.enabled=always -Dcom.sun.management.jmxremote -Dspring.jmx.enabled=true -Dspring.liveBeansView.mbeanDomain -Dspring.application.admin.enabled=true -Dmanagement.endpoints.jmx.exposure.include=* -javaagent:C:\Program Files\JetBrains\IntelliJ IDEA 2024.1.2\lib\idea_rt.jar=58928:C:\Program Files\JetBrains\IntelliJ IDEA 2024.1.2\bin -Dfile.encoding=UTF-8 com.hussain.springbootweb_servlet_jsp.SpringbootWebApplication

Host: Intel(R) Core(TM) i3-1005G1 CPU @ 1.20GHz, 4 cores, 7G,  Windows 11 , 64 bit Build 22621 (10.0.22621.3958)
Time: Sun Sep  1 19:54:37 2024 India Standard Time elapsed time: 10.347665 seconds (0d 0h 0m 10s)

---------------  T H R E A D  ---------------

Current thread (0x00000225918b1800):  JavaThread "C1 CompilerThread0" daemon [_thread_in_native, id=10928, stack(0x0000003411200000,0x0000003411300000)]


Current CompileTask:
C1:  10347 3702 %     1       java.util.Properties$LineReader::readLine @ 53 (584 bytes)

Stack: [0x0000003411200000,0x0000003411300000]
Native frames: (J=compiled Java code, j=interpreted, Vv=VM code, C=native code)
V  [jvm.dll+0x679cca]
V  [jvm.dll+0x7da13d]
V  [jvm.dll+0x7dba83]
V  [jvm.dll+0x7dc0f3]
V  [jvm.dll+0x2449af]
V  [jvm.dll+0xaba8c]
V  [jvm.dll+0xabe1c]
V  [jvm.dll+0x11c425]
V  [jvm.dll+0x178d8b]
V  [jvm.dll+0x179353]
V  [jvm.dll+0x134ce3]
V  [jvm.dll+0x1345af]
V  [jvm.dll+0x1347f8]
V  [jvm.dll+0x133c81]
V  [jvm.dll+0x13596d]
V  [jvm.dll+0x225a2b]
V  [jvm.dll+0x223bcb]
V  [jvm.dll+0x7903ec]
V  [jvm.dll+0x78a85a]
V  [jvm.dll+0x678bb5]
C  [ucrtbase.dll+0x29333]
C  [KERNEL32.DLL+0x1257d]
C  [ntdll.dll+0x5af28]


---------------  P R O C E S S  ---------------

Threads class SMR info:
_java_thread_list=0x00000225d80bb890, length=31, elements={
0x0000022591899f00, 0x000002259189aac0, 0x00000225918ac030, 0x00000225918ac9f0,
0x00000225918b03d0, 0x00000225918b0d90, 0x00000225918b1800, 0x00000225918f84b0,
0x0000022591883b50, 0x0000022591d3de30, 0x0000022591d3e310, 0x00000225d73853b0,
0x00000225d7a12bc0, 0x00000225d7a5c040, 0x00000225d7c08fc0, 0x00000225d7c09ef0,
0x00000225d7c0a400, 0x00000225d7c094d0, 0x00000225d7c0a910, 0x00000225d7c08ab0,
0x00000225d7c099e0, 0x00000225d7c0b330, 0x00000225d7c07b80, 0x00000225d7c08090,
0x00000225d7c0ae20, 0x00000225d814d3d0, 0x00000225d814cec0, 0x00000225d8151ab0,
0x00000225d814fc50, 0x00000225d814f740, 0x00000225d814b570
}

Java Threads: ( => current thread )
  0x0000022591899f00 JavaThread "Reference Handler" daemon [_thread_blocked, id=16860, stack(0x0000003410c00000,0x0000003410d00000)]
  0x000002259189aac0 JavaThread "Finalizer" daemon [_thread_blocked, id=10696, stack(0x0000003410d00000,0x0000003410e00000)]
  0x00000225918ac030 JavaThread "Signal Dispatcher" daemon [_thread_blocked, id=10784, stack(0x0000003410e00000,0x0000003410f00000)]
  0x00000225918ac9f0 JavaThread "Attach Listener" daemon [_thread_blocked, id=2304, stack(0x0000003410f00000,0x0000003411000000)]
  0x00000225918b03d0 JavaThread "Service Thread" daemon [_thread_blocked, id=7780, stack(0x0000003411000000,0x0000003411100000)]
  0x00000225918b0d90 JavaThread "Monitor Deflation Thread" daemon [_thread_blocked, id=13528, stack(0x0000003411100000,0x0000003411200000)]
=>0x00000225918b1800 JavaThread "C1 CompilerThread0" daemon [_thread_in_native, id=10928, stack(0x0000003411200000,0x0000003411300000)]
  0x00000225918f84b0 JavaThread "Sweeper thread" daemon [_thread_blocked, id=12164, stack(0x0000003411300000,0x0000003411400000)]
  0x0000022591883b50 JavaThread "Common-Cleaner" daemon [_thread_blocked, id=6784, stack(0x0000003411400000,0x0000003411500000)]
  0x0000022591d3de30 JavaThread "Monitor Ctrl-Break" daemon [_thread_in_native, id=6540, stack(0x0000003411600000,0x0000003411700000)]
  0x0000022591d3e310 JavaThread "Notification Thread" daemon [_thread_blocked, id=12376, stack(0x0000003411700000,0x0000003411800000)]
  0x00000225d73853b0 JavaThread "RMI TCP Accept-0" daemon [_thread_in_native, id=12372, stack(0x0000003411800000,0x0000003411900000)]
  0x00000225d7a12bc0 JavaThread "RMI TCP Connection(1)-192.168.1.4" daemon [_thread_in_native, id=7584, stack(0x0000003412000000,0x0000003412100000)]
  0x00000225d7a5c040 JavaThread "RMI Scheduler(0)" daemon [_thread_blocked, id=9348, stack(0x0000003412100000,0x0000003412200000)]
  0x00000225d7c08fc0 JavaThread "Catalina-utility-1" [_thread_blocked, id=13680, stack(0x0000003411f00000,0x0000003412000000)]
  0x00000225d7c09ef0 JavaThread "Catalina-utility-2" [_thread_blocked, id=2568, stack(0x0000003412200000,0x0000003412300000)]
  0x00000225d7c0a400 JavaThread "container-0" [_thread_blocked, id=3816, stack(0x0000003412300000,0x0000003412400000)]
  0x00000225d7c094d0 JavaThread "http-nio-8080-exec-1" daemon [_thread_in_vm, id=532, stack(0x0000003412400000,0x0000003412500000)]
  0x00000225d7c0a910 JavaThread "http-nio-8080-exec-2" daemon [_thread_blocked, id=5184, stack(0x0000003412500000,0x0000003412600000)]
  0x00000225d7c08ab0 JavaThread "http-nio-8080-exec-3" daemon [_thread_blocked, id=3952, stack(0x0000003412600000,0x0000003412700000)]
  0x00000225d7c099e0 JavaThread "http-nio-8080-exec-4" daemon [_thread_blocked, id=16488, stack(0x0000003412700000,0x0000003412800000)]
  0x00000225d7c0b330 JavaThread "http-nio-8080-exec-5" daemon [_thread_blocked, id=6724, stack(0x0000003412800000,0x0000003412900000)]
  0x00000225d7c07b80 JavaThread "http-nio-8080-exec-6" daemon [_thread_blocked, id=7004, stack(0x0000003412900000,0x0000003412a00000)]
  0x00000225d7c08090 JavaThread "http-nio-8080-exec-7" daemon [_thread_blocked, id=4916, stack(0x0000003412a00000,0x0000003412b00000)]
  0x00000225d7c0ae20 JavaThread "http-nio-8080-exec-8" daemon [_thread_blocked, id=15524, stack(0x0000003412b00000,0x0000003412c00000)]
  0x00000225d814d3d0 JavaThread "http-nio-8080-exec-9" daemon [_thread_blocked, id=9952, stack(0x0000003412c00000,0x0000003412d00000)]
  0x00000225d814cec0 JavaThread "http-nio-8080-exec-10" daemon [_thread_blocked, id=15128, stack(0x0000003412d00000,0x0000003412e00000)]
  0x00000225d8151ab0 JavaThread "http-nio-8080-Poller" daemon [_thread_in_native, id=12152, stack(0x0000003412e00000,0x0000003412f00000)]
  0x00000225d814fc50 JavaThread "http-nio-8080-Acceptor" daemon [_thread_in_native, id=11008, stack(0x0000003412f00000,0x0000003413000000)]
  0x00000225d814f740 JavaThread "DestroyJavaVM" [_thread_blocked, id=15740, stack(0x0000003410500000,0x0000003410600000)]
  0x00000225d814b570 JavaThread "RMI TCP Connection(2)-192.168.1.4" daemon [_thread_in_native, id=14844, stack(0x0000003413000000,0x0000003413100000)]

Other Threads:
  0x0000022591896460 VMThread "VM Thread" [stack: 0x0000003410b00000,0x0000003410c00000] [id=3512]
  0x00000225ffbdd1f0 WatcherThread [stack: 0x0000003411900000,0x0000003411a00000] [id=6020]
  0x00000225ffbc1b10 GCTaskThread "GC Thread#0" [stack: 0x0000003410600000,0x0000003410700000] [id=8664]
  0x00000225d7439020 GCTaskThread "GC Thread#1" [stack: 0x0000003411a00000,0x0000003411b00000] [id=3180]
  0x00000225d76bc4b0 GCTaskThread "GC Thread#2" [stack: 0x0000003411b00000,0x0000003411c00000] [id=16736]
  0x00000225d76bc770 GCTaskThread "GC Thread#3" [stack: 0x0000003411c00000,0x0000003411d00000] [id=15532]
  0x00000225ffbd2260 ConcurrentGCThread "G1 Main Marker" [stack: 0x0000003410700000,0x0000003410800000] [id=16272]
  0x00000225ffbd3410 ConcurrentGCThread "G1 Conc#0" [stack: 0x0000003410800000,0x0000003410900000] [id=6832]
  0x00000225ffc2dbb0 ConcurrentGCThread "G1 Refine#0" [stack: 0x0000003410900000,0x0000003410a00000] [id=16496]
  0x00000225d76a8db0 ConcurrentGCThread "G1 Refine#1" [stack: 0x0000003411d00000,0x0000003411e00000] [id=16476]
  0x00000225ffc2e5e0 ConcurrentGCThread "G1 Service" [stack: 0x0000003410a00000,0x0000003410b00000] [id=7120]

Threads with active compile tasks:
C1 CompilerThread0    10382 3702 %     1       java.util.Properties$LineReader::readLine @ 53 (584 bytes)

VM state: not at safepoint (normal execution)

VM Mutex/Monitor currently owned by a thread:  ([mutex/lock_event])
[0x00000225ffb631b0] Metaspace_lock - owner thread: 0x00000225d7c094d0

Heap address: 0x0000000084000000, size: 1984 MB, Compressed Oops mode: 32-bit

CDS archive(s) mapped at: [0x0000022592000000-0x0000022592bd0000-0x0000022592bd0000), size 12386304, SharedBaseAddress: 0x0000022592000000, ArchiveRelocationMode: 1.
Compressed class space mapped at: 0x0000022593000000-0x00000225d3000000, reserved size: 1073741824
Narrow klass base: 0x0000022592000000, Narrow klass shift: 0, Narrow klass range: 0x100000000

GC Precious Log:
 CPUs: 4 total, 4 available
 Memory: 7934M
 Large Page Support: Disabled
 NUMA Support: Disabled
 Compressed Oops: Enabled (32-bit)
 Heap Region Size: 1M
 Heap Min Capacity: 8M
 Heap Initial Capacity: 124M
 Heap Max Capacity: 1984M
 Pre-touch: Disabled
 Parallel Workers: 4
 Concurrent Workers: 1
 Concurrent Refinement Workers: 4
 Periodic GC: Disabled

Heap:
 garbage-first heap   total 95232K, used 25730K [0x0000000084000000, 0x0000000100000000)
  region size 1024K, 14 young (14336K), 2 survivors (2048K)
 Metaspace       used 30559K, committed 31040K, reserved 1114112K
  class space    used 4143K, committed 4416K, reserved 1048576K

Heap Regions: E=young(eden), S=young(survivor), O=old, HS=humongous(starts), HC=humongous(continues), CS=collection set, F=free, OA=open archive, CA=closed archive, TAMS=top-at-mark-start (previous, next)
|   0|0x0000000084000000, 0x0000000084100000, 0x0000000084100000|100%| O|  |TAMS 0x0000000084100000, 0x0000000084000000| Untracked 
|   1|0x0000000084100000, 0x0000000084200000, 0x0000000084200000|100%| O|  |TAMS 0x0000000084200000, 0x0000000084100000| Untracked 
|   2|0x0000000084200000, 0x0000000084300000, 0x0000000084300000|100%| O|  |TAMS 0x0000000084300000, 0x0000000084200000| Untracked 
|   3|0x0000000084300000, 0x0000000084400000, 0x0000000084400000|100%| O|  |TAMS 0x0000000084400000, 0x0000000084300000| Untracked 
|   4|0x0000000084400000, 0x0000000084400000, 0x0000000084500000|  0%| F|  |TAMS 0x0000000084400000, 0x0000000084400000| Untracked 
|   5|0x0000000084500000, 0x0000000084600000, 0x0000000084600000|100%| O|  |TAMS 0x0000000084500000, 0x0000000084500000| Untracked 
|   6|0x0000000084600000, 0x0000000084600000, 0x0000000084700000|  0%| F|  |TAMS 0x0000000084600000, 0x0000000084600000| Untracked 
|   7|0x0000000084700000, 0x0000000084700000, 0x0000000084800000|  0%| F|  |TAMS 0x0000000084700000, 0x0000000084700000| Untracked 
|   8|0x0000000084800000, 0x0000000084800000, 0x0000000084900000|  0%| F|  |TAMS 0x0000000084800000, 0x0000000084800000| Untracked 
|   9|0x0000000084900000, 0x0000000084900000, 0x0000000084a00000|  0%| F|  |TAMS 0x0000000084900000, 0x0000000084900000| Untracked 
|  10|0x0000000084a00000, 0x0000000084a00000, 0x0000000084b00000|  0%| F|  |TAMS 0x0000000084a00000, 0x0000000084a00000| Untracked 
|  11|0x0000000084b00000, 0x0000000084b00000, 0x0000000084c00000|  0%| F|  |TAMS 0x0000000084b00000, 0x0000000084b00000| Untracked 
|  12|0x0000000084c00000, 0x0000000084c00000, 0x0000000084d00000|  0%| F|  |TAMS 0x0000000084c00000, 0x0000000084c00000| Untracked 
|  13|0x0000000084d00000, 0x0000000084d00000, 0x0000000084e00000|  0%| F|  |TAMS 0x0000000084d00000, 0x0000000084d00000| Untracked 
|  14|0x0000000084e00000, 0x0000000084f00000, 0x0000000084f00000|100%| O|  |TAMS 0x0000000084e00000, 0x0000000084e00000| Untracked 
|  15|0x0000000084f00000, 0x0000000085000000, 0x0000000085000000|100%| O|  |TAMS 0x0000000084f00000, 0x0000000084f00000| Untracked 
|  16|0x0000000085000000, 0x0000000085100000, 0x0000000085100000|100%| O|  |TAMS 0x0000000085000000, 0x0000000085000000| Untracked 
|  17|0x0000000085100000, 0x0000000085200000, 0x0000000085200000|100%| O|  |TAMS 0x0000000085100000, 0x0000000085100000| Untracked 
|  18|0x0000000085200000, 0x0000000085300000, 0x0000000085300000|100%| O|  |TAMS 0x0000000085200000, 0x0000000085200000| Untracked 
|  19|0x0000000085300000, 0x0000000085400000, 0x0000000085400000|100%| O|  |TAMS 0x0000000085300000, 0x0000000085300000| Untracked 
|  20|0x0000000085400000, 0x0000000085500000, 0x0000000085500000|100%| O|  |TAMS 0x0000000085400000, 0x0000000085400000| Untracked 
|  21|0x0000000085500000, 0x0000000085524200, 0x0000000085600000| 14%| O|  |TAMS 0x0000000085500000, 0x0000000085500000| Untracked 
|  22|0x0000000085600000, 0x0000000085600000, 0x0000000085700000|  0%| F|  |TAMS 0x0000000085600000, 0x0000000085600000| Untracked 
|  23|0x0000000085700000, 0x0000000085700000, 0x0000000085800000|  0%| F|  |TAMS 0x0000000085700000, 0x0000000085700000| Untracked 
|  24|0x0000000085800000, 0x00000000858fc9c0, 0x0000000085900000| 98%| S|CS|TAMS 0x0000000085800000, 0x0000000085800000| Complete 
|  25|0x0000000085900000, 0x0000000085a00000, 0x0000000085a00000|100%| S|CS|TAMS 0x0000000085900000, 0x0000000085900000| Complete 
|  26|0x0000000085a00000, 0x0000000085a00000, 0x0000000085b00000|  0%| F|  |TAMS 0x0000000085a00000, 0x0000000085a00000| Untracked 
|  27|0x0000000085b00000, 0x0000000085b00000, 0x0000000085c00000|  0%| F|  |TAMS 0x0000000085b00000, 0x0000000085b00000| Untracked 
|  28|0x0000000085c00000, 0x0000000085c00000, 0x0000000085d00000|  0%| F|  |TAMS 0x0000000085c00000, 0x0000000085c00000| Untracked 
|  29|0x0000000085d00000, 0x0000000085d00000, 0x0000000085e00000|  0%| F|  |TAMS 0x0000000085d00000, 0x0000000085d00000| Untracked 
|  30|0x0000000085e00000, 0x0000000085e00000, 0x0000000085f00000|  0%| F|  |TAMS 0x0000000085e00000, 0x0000000085e00000| Untracked 
|  31|0x0000000085f00000, 0x0000000085f00000, 0x0000000086000000|  0%| F|  |TAMS 0x0000000085f00000, 0x0000000085f00000| Untracked 
|  32|0x0000000086000000, 0x0000000086000000, 0x0000000086100000|  0%| F|  |TAMS 0x0000000086000000, 0x0000000086000000| Untracked 
|  33|0x0000000086100000, 0x0000000086100000, 0x0000000086200000|  0%| F|  |TAMS 0x0000000086100000, 0x0000000086100000| Untracked 
|  34|0x0000000086200000, 0x0000000086200000, 0x0000000086300000|  0%| F|  |TAMS 0x0000000086200000, 0x0000000086200000| Untracked 
|  35|0x0000000086300000, 0x0000000086300000, 0x0000000086400000|  0%| F|  |TAMS 0x0000000086300000, 0x0000000086300000| Untracked 
|  36|0x0000000086400000, 0x0000000086400000, 0x0000000086500000|  0%| F|  |TAMS 0x0000000086400000, 0x0000000086400000| Untracked 
|  37|0x0000000086500000, 0x0000000086500000, 0x0000000086600000|  0%| F|  |TAMS 0x0000000086500000, 0x0000000086500000| Untracked 
|  38|0x0000000086600000, 0x0000000086600000, 0x0000000086700000|  0%| F|  |TAMS 0x0000000086600000, 0x0000000086600000| Untracked 
|  39|0x0000000086700000, 0x0000000086700000, 0x0000000086800000|  0%| F|  |TAMS 0x0000000086700000, 0x0000000086700000| Untracked 
|  40|0x0000000086800000, 0x0000000086800000, 0x0000000086900000|  0%| F|  |TAMS 0x0000000086800000, 0x0000000086800000| Untracked 
|  41|0x0000000086900000, 0x0000000086900000, 0x0000000086a00000|  0%| F|  |TAMS 0x0000000086900000, 0x0000000086900000| Untracked 
|  42|0x0000000086a00000, 0x0000000086a00000, 0x0000000086b00000|  0%| F|  |TAMS 0x0000000086a00000, 0x0000000086a00000| Untracked 
|  43|0x0000000086b00000, 0x0000000086b00000, 0x0000000086c00000|  0%| F|  |TAMS 0x0000000086b00000, 0x0000000086b00000| Untracked 
|  44|0x0000000086c00000, 0x0000000086c00000, 0x0000000086d00000|  0%| F|  |TAMS 0x0000000086c00000, 0x0000000086c00000| Untracked 
|  45|0x0000000086d00000, 0x0000000086d00000, 0x0000000086e00000|  0%| F|  |TAMS 0x0000000086d00000, 0x0000000086d00000| Untracked 
|  46|0x0000000086e00000, 0x0000000086e00000, 0x0000000086f00000|  0%| F|  |TAMS 0x0000000086e00000, 0x0000000086e00000| Untracked 
|  47|0x0000000086f00000, 0x0000000086f00000, 0x0000000087000000|  0%| F|  |TAMS 0x0000000086f00000, 0x0000000086f00000| Untracked 
|  48|0x0000000087000000, 0x0000000087000000, 0x0000000087100000|  0%| F|  |TAMS 0x0000000087000000, 0x0000000087000000| Untracked 
|  49|0x0000000087100000, 0x0000000087100000, 0x0000000087200000|  0%| F|  |TAMS 0x0000000087100000, 0x0000000087100000| Untracked 
|  50|0x0000000087200000, 0x0000000087200000, 0x0000000087300000|  0%| F|  |TAMS 0x0000000087200000, 0x0000000087200000| Untracked 
|  51|0x0000000087300000, 0x0000000087300000, 0x0000000087400000|  0%| F|  |TAMS 0x0000000087300000, 0x0000000087300000| Untracked 
|  52|0x0000000087400000, 0x0000000087400000, 0x0000000087500000|  0%| F|  |TAMS 0x0000000087400000, 0x0000000087400000| Untracked 
|  53|0x0000000087500000, 0x0000000087500000, 0x0000000087600000|  0%| F|  |TAMS 0x0000000087500000, 0x0000000087500000| Untracked 
|  54|0x0000000087600000, 0x0000000087600000, 0x0000000087700000|  0%| F|  |TAMS 0x0000000087600000, 0x0000000087600000| Untracked 
|  55|0x0000000087700000, 0x0000000087700000, 0x0000000087800000|  0%| F|  |TAMS 0x0000000087700000, 0x0000000087700000| Untracked 
|  56|0x0000000087800000, 0x0000000087800000, 0x0000000087900000|  0%| F|  |TAMS 0x0000000087800000, 0x0000000087800000| Untracked 
|  57|0x0000000087900000, 0x0000000087900000, 0x0000000087a00000|  0%| F|  |TAMS 0x0000000087900000, 0x0000000087900000| Untracked 
|  58|0x0000000087a00000, 0x0000000087a00000, 0x0000000087b00000|  0%| F|  |TAMS 0x0000000087a00000, 0x0000000087a00000| Untracked 
|  59|0x0000000087b00000, 0x0000000087b00000, 0x0000000087c00000|  0%| F|  |TAMS 0x0000000087b00000, 0x0000000087b00000| Untracked 
|  60|0x0000000087c00000, 0x0000000087c00000, 0x0000000087d00000|  0%| F|  |TAMS 0x0000000087c00000, 0x0000000087c00000| Untracked 
|  61|0x0000000087d00000, 0x0000000087d00000, 0x0000000087e00000|  0%| F|  |TAMS 0x0000000087d00000, 0x0000000087d00000| Untracked 
|  62|0x0000000087e00000, 0x0000000087e00000, 0x0000000087f00000|  0%| F|  |TAMS 0x0000000087e00000, 0x0000000087e00000| Untracked 
|  63|0x0000000087f00000, 0x0000000087f00000, 0x0000000088000000|  0%| F|  |TAMS 0x0000000087f00000, 0x0000000087f00000| Untracked 
|  64|0x0000000088000000, 0x0000000088000000, 0x0000000088100000|  0%| F|  |TAMS 0x0000000088000000, 0x0000000088000000| Untracked 
|  65|0x0000000088100000, 0x0000000088100000, 0x0000000088200000|  0%| F|  |TAMS 0x0000000088100000, 0x0000000088100000| Untracked 
|  66|0x0000000088200000, 0x0000000088200000, 0x0000000088300000|  0%| F|  |TAMS 0x0000000088200000, 0x0000000088200000| Untracked 
|  67|0x0000000088300000, 0x0000000088300000, 0x0000000088400000|  0%| F|  |TAMS 0x0000000088300000, 0x0000000088300000| Untracked 
|  68|0x0000000088400000, 0x0000000088400000, 0x0000000088500000|  0%| F|  |TAMS 0x0000000088400000, 0x0000000088400000| Untracked 
|  69|0x0000000088500000, 0x0000000088500000, 0x0000000088600000|  0%| F|  |TAMS 0x0000000088500000, 0x0000000088500000| Untracked 
|  70|0x0000000088600000, 0x0000000088600000, 0x0000000088700000|  0%| F|  |TAMS 0x0000000088600000, 0x0000000088600000| Untracked 
|  71|0x0000000088700000, 0x0000000088700000, 0x0000000088800000|  0%| F|  |TAMS 0x0000000088700000, 0x0000000088700000| Untracked 
|  72|0x0000000088800000, 0x0000000088800000, 0x0000000088900000|  0%| F|  |TAMS 0x0000000088800000, 0x0000000088800000| Untracked 
|  73|0x0000000088900000, 0x0000000088900000, 0x0000000088a00000|  0%| F|  |TAMS 0x0000000088900000, 0x0000000088900000| Untracked 
|  74|0x0000000088a00000, 0x0000000088a00000, 0x0000000088b00000|  0%| F|  |TAMS 0x0000000088a00000, 0x0000000088a00000| Untracked 
|  75|0x0000000088b00000, 0x0000000088b00000, 0x0000000088c00000|  0%| F|  |TAMS 0x0000000088b00000, 0x0000000088b00000| Untracked 
|  76|0x0000000088c00000, 0x0000000088c00000, 0x0000000088d00000|  0%| F|  |TAMS 0x0000000088c00000, 0x0000000088c00000| Untracked 
|  77|0x0000000088d00000, 0x0000000088d00000, 0x0000000088e00000|  0%| F|  |TAMS 0x0000000088d00000, 0x0000000088d00000| Untracked 
|  78|0x0000000088e00000, 0x0000000088e00000, 0x0000000088f00000|  0%| F|  |TAMS 0x0000000088e00000, 0x0000000088e00000| Untracked 
|  79|0x0000000088f00000, 0x0000000088f00000, 0x0000000089000000|  0%| F|  |TAMS 0x0000000088f00000, 0x0000000088f00000| Untracked 
|  80|0x0000000089000000, 0x0000000089000000, 0x0000000089100000|  0%| F|  |TAMS 0x0000000089000000, 0x0000000089000000| Untracked 
|  81|0x0000000089100000, 0x00000000891a4380, 0x0000000089200000| 64%| E|  |TAMS 0x0000000089100000, 0x0000000089100000| Complete 
|  82|0x0000000089200000, 0x0000000089300000, 0x0000000089300000|100%| E|CS|TAMS 0x0000000089200000, 0x0000000089200000| Complete 
|  83|0x0000000089300000, 0x0000000089400000, 0x0000000089400000|100%| E|CS|TAMS 0x0000000089300000, 0x0000000089300000| Complete 
|  84|0x0000000089400000, 0x0000000089500000, 0x0000000089500000|100%| E|CS|TAMS 0x0000000089400000, 0x0000000089400000| Complete 
|  85|0x0000000089500000, 0x0000000089600000, 0x0000000089600000|100%| E|CS|TAMS 0x0000000089500000, 0x0000000089500000| Complete 
|  86|0x0000000089600000, 0x0000000089700000, 0x0000000089700000|100%| E|CS|TAMS 0x0000000089600000, 0x0000000089600000| Complete 
|  87|0x0000000089700000, 0x0000000089800000, 0x0000000089800000|100%| E|CS|TAMS 0x0000000089700000, 0x0000000089700000| Complete 
|  88|0x0000000089800000, 0x0000000089900000, 0x0000000089900000|100%| E|CS|TAMS 0x0000000089800000, 0x0000000089800000| Complete 
|  89|0x0000000089900000, 0x0000000089a00000, 0x0000000089a00000|100%| E|CS|TAMS 0x0000000089900000, 0x0000000089900000| Complete 
|  90|0x0000000089a00000, 0x0000000089b00000, 0x0000000089b00000|100%| E|CS|TAMS 0x0000000089a00000, 0x0000000089a00000| Complete 
|  91|0x0000000089b00000, 0x0000000089c00000, 0x0000000089c00000|100%| E|CS|TAMS 0x0000000089b00000, 0x0000000089b00000| Complete 
| 123|0x000000008bb00000, 0x000000008bc00000, 0x000000008bc00000|100%| E|CS|TAMS 0x000000008bb00000, 0x000000008bb00000| Complete 

Card table byte_map: [0x000002258ace0000,0x000002258b0c0000] _byte_map_base: 0x000002258a8c0000

Marking Bits (Prev, Next): (CMBitMap*) 0x00000225ffbc2170, (CMBitMap*) 0x00000225ffbc2130
 Prev Bits: [0x000002258d3a0000, 0x000002258f2a0000)
 Next Bits: [0x000002258b4a0000, 0x000002258d3a0000)

Polling page: 0x00000225ffc30000

Metaspace:

Usage:
  Non-class:     25.80 MB used.
      Class:      4.05 MB used.
       Both:     29.84 MB used.

Virtual space:
  Non-class space:       64.00 MB reserved,      26.00 MB ( 41%) committed,  1 nodes.
      Class space:        1.00 GB reserved,       4.31 MB ( <1%) committed,  1 nodes.
             Both:        1.06 GB reserved,      30.31 MB (  3%) committed. 

Chunk freelists:
   Non-Class:  5.61 MB
       Class:  11.73 MB
        Both:  17.34 MB

MaxMetaspaceSize: unlimited
CompressedClassSpaceSize: 1.00 GB
Initial GC threshold: 21.00 MB
Current GC threshold: 35.25 MB
CDS: on
MetaspaceReclaimPolicy: balanced
 - commit_granule_bytes: 65536.
 - commit_granule_words: 8192.
 - virtual_space_node_default_size: 8388608.
 - enlarge_chunks_in_place: 1.
 - new_chunks_are_fully_committed: 0.
 - uncommit_free_chunks: 1.
 - use_allocation_guard: 0.
 - handle_deallocations: 1.


Internal statistics:

num_allocs_failed_limit: 3.
num_arena_births: 674.
num_arena_deaths: 0.
num_vsnodes_births: 2.
num_vsnodes_deaths: 0.
num_space_committed: 485.
num_space_uncommitted: 0.
num_chunks_returned_to_freelist: 3.
num_chunks_taken_from_freelist: 1781.
num_chunk_merges: 3.
num_chunk_splits: 1173.
num_chunks_enlarged: 815.
num_inconsistent_stats: 0.

CodeCache: size=49152Kb used=6998Kb max_used=8115Kb free=42153Kb
 bounds [0x00000225877f0000, 0x0000022587fe0000, 0x000002258a7f0000]
 total_blobs=4243 nmethods=3701 adapters=468
 compilation: enabled
              stopped_count=0, restarted_count=0
 full_count=0

Compilation events (20 events):
Event: 2.723 Thread 0x00000225918840e0 nmethod 3691 0x0000022587fdb910 code [0x0000022587fdbaa0, 0x0000022587fdbb88]
Event: 2.724 Thread 0x00000225918840e0 3692       1       java.io.ObjectStreamClass::lookup (26 bytes)
Event: 2.724 Thread 0x00000225918840e0 nmethod 3692 0x0000022587fdbc10 code [0x0000022587fdbdc0, 0x0000022587fdbf38]
Event: 2.725 Thread 0x00000225d774e030 3693       1       org.apache.catalina.core.StandardContext::getTldValidation (5 bytes)
Event: 2.725 Thread 0x00000225d774e030 nmethod 3693 0x0000022587fdc010 code [0x0000022587fdc1a0, 0x0000022587fdc278]
Event: 2.725 Thread 0x00000225918b1800 3694       1       org.apache.catalina.core.StandardContext::getXmlBlockExternal (5 bytes)
Event: 2.725 Thread 0x00000225918b1800 nmethod 3694 0x0000022587fdc310 code [0x0000022587fdc4a0, 0x0000022587fdc578]
Event: 2.726 Thread 0x00000225918b1800 3695       1       java.io.ObjectStreamField::setOffset (6 bytes)
Event: 2.727 Thread 0x00000225918b1800 nmethod 3695 0x0000022587fdc610 code [0x0000022587fdc7a0, 0x0000022587fdc878]
Event: 2.727 Thread 0x00000225918b1800 3696       1       sun.util.logging.internal.LoggingProviderImpl$JULWrapper::toJUL (40 bytes)
Event: 2.728 Thread 0x00000225918b1800 nmethod 3696 0x0000022587fdc910 code [0x0000022587fdcaa0, 0x0000022587fdcbb8]
Event: 10.315 Thread 0x00000225918b1800 3697       1       java.lang.invoke.LambdaFormEditor::oldSpeciesData (8 bytes)
Event: 10.316 Thread 0x00000225918b1800 nmethod 3697 0x000002258799d590 code [0x000002258799d740, 0x000002258799d8f8]
Event: 10.316 Thread 0x00000225918b1800 3698       1       java.lang.invoke.LambdaFormBuffer::indexOf (25 bytes)
Event: 10.316 Thread 0x00000225918b1800 nmethod 3698 0x000002258799d210 code [0x000002258799d3a0, 0x000002258799d4b8]
Event: 10.317 Thread 0x00000225918b1800 3700       1       java.nio.HeapByteBuffer::put (17 bytes)
Event: 10.317 Thread 0x00000225918b1800 nmethod 3700 0x000002258799c510 code [0x000002258799c6a0, 0x000002258799c7b8]
Event: 10.317 Thread 0x00000225918b1800 3701   !   1       org.apache.tomcat.util.http.parser.HttpParser::isControl (9 bytes)
Event: 10.317 Thread 0x00000225918b1800 nmethod 3701 0x000002258799c190 code [0x000002258799c320, 0x000002258799c438]
Event: 10.341 Thread 0x00000225918b1800 3702 %     1       java.util.Properties$LineReader::readLine @ 53 (584 bytes)

GC Heap History (14 events):
Event: 0.552 GC heap before
{Heap before GC invocations=0 (full 0):
 garbage-first heap   total 126976K, used 13312K [0x0000000084000000, 0x0000000100000000)
  region size 1024K, 13 young (13312K), 0 survivors (0K)
 Metaspace       used 5776K, committed 5952K, reserved 1114112K
  class space    used 713K, committed 832K, reserved 1048576K
}
Event: 0.558 GC heap after
{Heap after GC invocations=1 (full 0):
 garbage-first heap   total 126976K, used 4293K [0x0000000084000000, 0x0000000100000000)
  region size 1024K, 2 young (2048K), 2 survivors (2048K)
 Metaspace       used 5776K, committed 5952K, reserved 1114112K
  class space    used 713K, committed 832K, reserved 1048576K
}
Event: 0.823 GC heap before
{Heap before GC invocations=1 (full 0):
 garbage-first heap   total 126976K, used 17605K [0x0000000084000000, 0x0000000100000000)
  region size 1024K, 15 young (15360K), 2 survivors (2048K)
 Metaspace       used 8850K, committed 9088K, reserved 1114112K
  class space    used 1173K, committed 1280K, reserved 1048576K
}
Event: 0.827 GC heap after
{Heap after GC invocations=2 (full 0):
 garbage-first heap   total 126976K, used 5695K [0x0000000084000000, 0x0000000100000000)
  region size 1024K, 2 young (2048K), 2 survivors (2048K)
 Metaspace       used 8850K, committed 9088K, reserved 1114112K
  class space    used 1173K, committed 1280K, reserved 1048576K
}
Event: 1.139 GC heap before
{Heap before GC invocations=2 (full 0):
 garbage-first heap   total 126976K, used 30271K [0x0000000084000000, 0x0000000100000000)
  region size 1024K, 27 young (27648K), 2 survivors (2048K)
 Metaspace       used 14707K, committed 14976K, reserved 1114112K
  class space    used 1945K, committed 2048K, reserved 1048576K
}
Event: 1.143 GC heap after
{Heap after GC invocations=3 (full 0):
 garbage-first heap   total 126976K, used 7889K [0x0000000084000000, 0x0000000100000000)
  region size 1024K, 4 young (4096K), 4 survivors (4096K)
 Metaspace       used 14707K, committed 14976K, reserved 1114112K
  class space    used 1945K, committed 2048K, reserved 1048576K
}
Event: 1.770 GC heap before
{Heap before GC invocations=3 (full 0):
 garbage-first heap   total 126976K, used 47825K [0x0000000084000000, 0x0000000100000000)
  region size 1024K, 45 young (46080K), 4 survivors (4096K)
 Metaspace       used 21160K, committed 21504K, reserved 1114112K
  class space    used 2878K, committed 3008K, reserved 1048576K
}
Event: 1.777 GC heap after
{Heap after GC invocations=4 (full 0):
 garbage-first heap   total 126976K, used 10884K [0x0000000084000000, 0x0000000100000000)
  region size 1024K, 7 young (7168K), 7 survivors (7168K)
 Metaspace       used 21160K, committed 21504K, reserved 1114112K
  class space    used 2878K, committed 3008K, reserved 1048576K
}
Event: 2.122 GC heap before
{Heap before GC invocations=5 (full 0):
 garbage-first heap   total 45056K, used 33412K [0x0000000084000000, 0x0000000100000000)
  region size 1024K, 30 young (30720K), 7 survivors (7168K)
 Metaspace       used 26034K, committed 26496K, reserved 1114112K
  class space    used 3525K, committed 3776K, reserved 1048576K
}
Event: 2.131 GC heap after
{Heap after GC invocations=6 (full 0):
 garbage-first heap   total 45056K, used 13150K [0x0000000084000000, 0x0000000100000000)
  region size 1024K, 8 young (8192K), 8 survivors (8192K)
 Metaspace       used 26034K, committed 26496K, reserved 1114112K
  class space    used 3525K, committed 3776K, reserved 1048576K
}
Event: 2.137 GC heap before
{Heap before GC invocations=6 (full 0):
 garbage-first heap   total 45056K, used 14174K [0x0000000084000000, 0x0000000100000000)
  region size 1024K, 9 young (9216K), 8 survivors (8192K)
 Metaspace       used 26034K, committed 26496K, reserved 1114112K
  class space    used 3525K, committed 3776K, reserved 1048576K
}
Event: 2.144 GC heap after
{Heap after GC invocations=7 (full 0):
 garbage-first heap   total 45056K, used 13456K [0x0000000084000000, 0x0000000100000000)
  region size 1024K, 1 young (1024K), 1 survivors (1024K)
 Metaspace       used 26034K, committed 26496K, reserved 1114112K
  class space    used 3525K, committed 3776K, reserved 1048576K
}
Event: 2.382 GC heap before
{Heap before GC invocations=7 (full 0):
 garbage-first heap   total 45056K, used 30864K [0x0000000084000000, 0x0000000100000000)
  region size 1024K, 18 young (18432K), 1 survivors (1024K)
 Metaspace       used 28609K, committed 29056K, reserved 1114112K
  class space    used 3891K, committed 4096K, reserved 1048576K
}
Event: 2.385 GC heap after
{Heap after GC invocations=8 (full 0):
 garbage-first heap   total 95232K, used 14466K [0x0000000084000000, 0x0000000100000000)
  region size 1024K, 2 young (2048K), 2 survivors (2048K)
 Metaspace       used 28609K, committed 29056K, reserved 1114112K
  class space    used 3891K, committed 4096K, reserved 1048576K
}

Deoptimization events (2 events):
Event: 2.186 Thread 0x00000225d7c09ef0 DEOPT PACKING pc=0x0000022587caf497 sp=0x00000034122fed20
Event: 2.186 Thread 0x00000225d7c09ef0 DEOPT UNPACKING pc=0x00000225878466e3 sp=0x00000034122fe178 mode 3

Classes unloaded (0 events):
No events

Classes redefined (0 events):
No events

Internal exceptions (20 events):
Event: 1.902 Thread 0x00000225ffb67aa0 Exception <a 'java/lang/IncompatibleClassChangeError'{0x0000000085ece8e8}: Found class java.lang.Object, but interface was expected> (0x0000000085ece8e8) 
thrown [s\open\src\hotspot\share\interpreter\linkResolver.cpp, line 826]
Event: 1.903 Thread 0x00000225ffb67aa0 Exception <a 'java/lang/NoSuchMethodError'{0x0000000085ef1ff8}: 'void java.lang.invoke.DirectMethodHandle$Holder.invokeStatic(java.lang.Object, int, java.lang.Object)'> (0x0000000085ef1ff8) 
thrown [s\open\src\hotspot\share\interpreter\linkResolver.cpp, line 759]
Event: 1.907 Thread 0x00000225ffb67aa0 Exception <a 'java/lang/NoSuchMethodError'{0x0000000085d2e160}: 'void java.lang.invoke.DirectMethodHandle$Holder.invokeVirtual(java.lang.Object, java.lang.Object, int)'> (0x0000000085d2e160) 
thrown [s\open\src\hotspot\share\interpreter\linkResolver.cpp, line 759]
Event: 1.907 Thread 0x00000225ffb67aa0 Exception <a 'java/lang/NoSuchMethodError'{0x0000000085d343a8}: 'void java.lang.invoke.DirectMethodHandle$Holder.invokeStatic(java.lang.Object, java.lang.Object, java.lang.Object, int, java.lang.Object)'> (0x0000000085d343a8) 
thrown [s\open\src\hotspot\share\interpreter\linkResolver.cpp, line 759]
Event: 1.907 Thread 0x00000225ffb67aa0 Exception <a 'java/lang/NoSuchMethodError'{0x0000000085d3b8b0}: 'java.lang.Object java.lang.invoke.DirectMethodHandle$Holder.newInvokeSpecial(java.lang.Object, java.lang.Object, java.lang.Object, int)'> (0x0000000085d3b8b0) 
thrown [s\open\src\hotspot\share\interpreter\linkResolver.cpp, line 759]
Event: 1.908 Thread 0x00000225ffb67aa0 Exception <a 'java/lang/NoSuchMethodError'{0x0000000085d3fb98}: 'java.lang.Object java.lang.invoke.DirectMethodHandle$Holder.invokeSpecial(java.lang.Object, java.lang.Object, java.lang.Object, java.lang.Object, int)'> (0x0000000085d3fb98) 
thrown [s\open\src\hotspot\share\interpreter\linkResolver.cpp, line 759]
Event: 1.908 Thread 0x00000225ffb67aa0 Exception <a 'java/lang/NoSuchMethodError'{0x0000000085d43760}: 'java.lang.Object java.lang.invoke.Invokers$Holder.linkToTargetMethod(java.lang.Object, java.lang.Object, int, java.lang.Object)'> (0x0000000085d43760) 
thrown [s\open\src\hotspot\share\interpreter\linkResolver.cpp, line 759]
Event: 2.022 Thread 0x00000225ffb67aa0 Exception <a 'java/lang/NoSuchMethodError'{0x000000008547cf98}: 'java.lang.Object java.lang.invoke.DirectMethodHandle$Holder.invokeSpecial(java.lang.Object, java.lang.Object, long, java.lang.Object, java.lang.Object, java.lang.Object, java.lang.Object, java.lang.Object, java.lang.Object)'> (0x000000008547cf98) 
thrown [s\open\src\hotspot\share\interpreter\linkResolver.cpp, line 759]
Event: 2.022 Thread 0x00000225ffb67aa0 Exception <a 'java/lang/NoSuchMethodError'{0x0000000085481ac0}: 'java.lang.Object java.lang.invoke.DelegatingMethodHandle$Holder.reinvoke_L(java.lang.Object, long, java.lang.Object, java.lang.Object, java.lang.Object, java.lang.Object, java.lang.Object, java.lang.Object)'> (0x0000000085481ac0) 
thrown [s\open\src\hotspot\share\interpreter\linkResolver.cpp, line 759]
Event: 2.041 Thread 0x00000225ffb67aa0 Exception <a 'java/io/FileNotFoundException'{0x00000000853c0678}> (0x00000000853c0678) 
thrown [s\open\src\hotspot\share\prims\jni.cpp, line 516]
Event: 2.150 Thread 0x00000225ffb67aa0 Exception <a 'java/lang/NoSuchMethodError'{0x000000008bbfcaa0}: 'int java.lang.invoke.DirectMethodHandle$Holder.invokeInterface(java.lang.Object, java.lang.Object, java.lang.Object, java.lang.Object)'> (0x000000008bbfcaa0) 
thrown [s\open\src\hotspot\share\interpreter\linkResolver.cpp, line 759]
Event: 2.165 Thread 0x00000225d7a12bc0 Exception <a 'java/lang/reflect/InvocationTargetException'{0x0000000088dfdfb0}> (0x0000000088dfdfb0) 
thrown [s\open\src\hotspot\share\runtime\reflection.cpp, line 1121]
Event: 2.175 Thread 0x00000225ffb67aa0 Exception <a 'java/lang/NoSuchMethodError'{0x0000000088ccb080}: 'long java.lang.invoke.DirectMethodHandle$Holder.invokeVirtual(java.lang.Object, java.lang.Object)'> (0x0000000088ccb080) 
thrown [s\open\src\hotspot\share\interpreter\linkResolver.cpp, line 759]
Event: 2.316 Thread 0x00000225ffb67aa0 Exception <a 'sun/nio/fs/WindowsException'{0x0000000085f3fee0}> (0x0000000085f3fee0) 
thrown [s\open\src\hotspot\share\prims\jni.cpp, line 516]
Event: 2.333 Thread 0x00000225ffb67aa0 Exception <a 'java/lang/IncompatibleClassChangeError'{0x0000000085eca7b0}: Found class java.lang.Object, but interface was expected> (0x0000000085eca7b0) 
thrown [s\open\src\hotspot\share\interpreter\linkResolver.cpp, line 826]
Event: 2.349 Thread 0x00000225ffb67aa0 Exception <a 'java/lang/NoSuchMethodError'{0x0000000085c09240}: 'void java.lang.invoke.DirectMethodHandle$Holder.invokeVirtual(java.lang.Object, java.lang.Object, long)'> (0x0000000085c09240) 
thrown [s\open\src\hotspot\share\interpreter\linkResolver.cpp, line 759]
Event: 2.387 Thread 0x00000225ffb67aa0 Exception <a 'java/lang/NoSuchMethodError'{0x000000008bb31340}: 'int java.lang.invoke.DirectMethodHandle$Holder.invokeStaticInit(java.lang.Object, java.lang.Object, java.lang.Object, java.lang.Object)'> (0x000000008bb31340) 
thrown [s\open\src\hotspot\share\interpreter\linkResolver.cpp, line 759]
Event: 2.429 Thread 0x00000225ffb67aa0 Exception <a 'java/lang/NoSuchMethodError'{0x0000000089adab48}: 'java.lang.Object java.lang.invoke.DirectMethodHandle$Holder.newInvokeSpecial(java.lang.Object, java.lang.Object, int, java.lang.Object, java.lang.Object)'> (0x0000000089adab48) 
thrown [s\open\src\hotspot\share\interpreter\linkResolver.cpp, line 759]
Event: 10.316 Thread 0x00000225d7c094d0 Exception <a 'java/lang/NoSuchMethodError'{0x00000000893922d8}: 'java.lang.Object java.lang.invoke.DirectMethodHandle$Holder.invokeSpecial(java.lang.Object, java.lang.Object, java.lang.Object, java.lang.Object, java.lang.Object, long)'> (0x00000000893922d8) 
thrown [s\open\src\hotspot\share\interpreter\linkResolver.cpp, line 759]
Event: 10.316 Thread 0x00000225d7c094d0 Exception <a 'java/lang/NoSuchMethodError'{0x0000000089395d18}: 'java.lang.Object java.lang.invoke.Invokers$Holder.linkToTargetMethod(java.lang.Object, java.lang.Object, java.lang.Object, long, java.lang.Object)'> (0x0000000089395d18) 
thrown [s\open\src\hotspot\share\interpreter\linkResolver.cpp, line 759]

VM Operations (20 events):
Event: 2.160 Executing VM operation: HandshakeAllThreads
Event: 2.160 Executing VM operation: HandshakeAllThreads done
Event: 2.160 Executing VM operation: HandshakeAllThreads
Event: 2.160 Executing VM operation: HandshakeAllThreads done
Event: 2.180 Executing VM operation: HandshakeAllThreads
Event: 2.180 Executing VM operation: HandshakeAllThreads done
Event: 2.259 Executing VM operation: HandshakeAllThreads
Event: 2.259 Executing VM operation: HandshakeAllThreads done
Event: 2.270 Executing VM operation: HandshakeAllThreads
Event: 2.270 Executing VM operation: HandshakeAllThreads done
Event: 2.290 Executing VM operation: HandshakeAllThreads
Event: 2.290 Executing VM operation: HandshakeAllThreads done
Event: 2.362 Executing VM operation: HandshakeAllThreads
Event: 2.362 Executing VM operation: HandshakeAllThreads done
Event: 2.382 Executing VM operation: G1CollectForAllocation
Event: 2.385 Executing VM operation: G1CollectForAllocation done
Event: 3.391 Executing VM operation: Cleanup
Event: 3.391 Executing VM operation: Cleanup done
Event: 10.328 Executing VM operation: HandshakeAllThreads
Event: 10.328 Executing VM operation: HandshakeAllThreads done

Events (20 events):
Event: 10.289 loading class sun/nio/ch/SocketAdaptor
Event: 10.289 loading class sun/nio/ch/SocketAdaptor done
Event: 10.289 loading class sun/nio/ch/SocketChannelImpl$DefaultOptionsHolder
Event: 10.289 loading class sun/nio/ch/SocketChannelImpl$DefaultOptionsHolder done
Event: 10.290 loading class sun/nio/ch/SelectionKeyImpl
Event: 10.290 loading class java/nio/channels/spi/AbstractSelectionKey
Event: 10.290 loading class java/nio/channels/SelectionKey
Event: 10.290 loading class java/nio/channels/SelectionKey done
Event: 10.290 loading class java/nio/channels/spi/AbstractSelectionKey done
Event: 10.290 loading class sun/nio/ch/SelectionKeyImpl done
Event: 10.290 loading class java/lang/invoke/ConstantBootstraps
Event: 10.290 loading class java/lang/invoke/ConstantBootstraps done
Event: 10.318 loading class sun/nio/cs/ThreadLocalCoders
Event: 10.318 loading class sun/nio/cs/ThreadLocalCoders done
Event: 10.318 loading class sun/nio/cs/ThreadLocalCoders$1
Event: 10.318 loading class sun/nio/cs/ThreadLocalCoders$Cache
Event: 10.318 loading class sun/nio/cs/ThreadLocalCoders$Cache done
Event: 10.318 loading class sun/nio/cs/ThreadLocalCoders$1 done
Event: 10.318 loading class sun/nio/cs/ThreadLocalCoders$2
Event: 10.318 loading class sun/nio/cs/ThreadLocalCoders$2 done


Dynamic libraries:
0x00007ff68a5e0000 - 0x00007ff68a5f0000 	C:\Program Files\Java\jdk-17\bin\java.exe
0x00007ffba81f0000 - 0x00007ffba8407000 	C:\WINDOWS\SYSTEM32\ntdll.dll
0x00007ffba6360000 - 0x00007ffba6424000 	C:\WINDOWS\System32\KERNEL32.DLL
0x00007ffba5660000 - 0x00007ffba5a0d000 	C:\WINDOWS\System32\KERNELBASE.dll
0x00007ffba5ab0000 - 0x00007ffba5bc1000 	C:\WINDOWS\System32\ucrtbase.dll
0x00007ffba0fd0000 - 0x00007ffba0fe9000 	C:\Program Files\Java\jdk-17\bin\jli.dll
0x00007ffba7700000 - 0x00007ffba77b2000 	C:\WINDOWS\System32\ADVAPI32.dll
0x00007ffba62b0000 - 0x00007ffba6357000 	C:\WINDOWS\System32\msvcrt.dll
0x00007ffba7300000 - 0x00007ffba73a9000 	C:\WINDOWS\System32\sechost.dll
0x00007ffba5a10000 - 0x00007ffba5a38000 	C:\WINDOWS\System32\bcrypt.dll
0x00007ffba6ff0000 - 0x00007ffba7104000 	C:\WINDOWS\System32\RPCRT4.dll
0x00007ffba6440000 - 0x00007ffba65ee000 	C:\WINDOWS\System32\USER32.dll
0x00007ffba5630000 - 0x00007ffba5656000 	C:\WINDOWS\System32\win32u.dll
0x00007ffba8180000 - 0x00007ffba81a9000 	C:\WINDOWS\System32\GDI32.dll
0x00007ffba5510000 - 0x00007ffba5629000 	C:\WINDOWS\System32\gdi32full.dll
0x00007ffba5e80000 - 0x00007ffba5f1a000 	C:\WINDOWS\System32\msvcp_win.dll
0x00007ffb92ce0000 - 0x00007ffb92f73000 	C:\WINDOWS\WinSxS\amd64_microsoft.windows.common-controls_6595b64144ccf1df_6.0.22621.3672_none_2713b9d173822955\COMCTL32.dll
0x00007ffb9bfb0000 - 0x00007ffb9bfba000 	C:\WINDOWS\SYSTEM32\VERSION.dll
0x00007ffba01e0000 - 0x00007ffba01fb000 	C:\Program Files\Java\jdk-17\bin\VCRUNTIME140.dll
0x00007ffba6e60000 - 0x00007ffba6e91000 	C:\WINDOWS\System32\IMM32.DLL
0x00007ffba02e0000 - 0x00007ffba02ec000 	C:\Program Files\Java\jdk-17\bin\vcruntime140_1.dll
0x00007ffb8d260000 - 0x00007ffb8d2ee000 	C:\Program Files\Java\jdk-17\bin\msvcp140.dll
0x00007ffb63d40000 - 0x00007ffb64920000 	C:\Program Files\Java\jdk-17\bin\server\jvm.dll
0x00007ffba7cd0000 - 0x00007ffba7cd8000 	C:\WINDOWS\System32\PSAPI.DLL
0x00007ffb8af20000 - 0x00007ffb8af29000 	C:\WINDOWS\SYSTEM32\WSOCK32.dll
0x00007ffb9dfe0000 - 0x00007ffb9e014000 	C:\WINDOWS\SYSTEM32\WINMM.dll
0x00007ffba6ea0000 - 0x00007ffba6f11000 	C:\WINDOWS\System32\WS2_32.dll
0x00007ffba4560000 - 0x00007ffba4578000 	C:\WINDOWS\SYSTEM32\kernel.appcore.dll
0x00007ffba01d0000 - 0x00007ffba01da000 	C:\Program Files\Java\jdk-17\bin\jimage.dll
0x00007ffba2f80000 - 0x00007ffba31b2000 	C:\WINDOWS\SYSTEM32\DBGHELP.DLL
0x00007ffba5f20000 - 0x00007ffba62ae000 	C:\WINDOWS\System32\combase.dll
0x00007ffba7110000 - 0x00007ffba71e7000 	C:\WINDOWS\System32\OLEAUT32.dll
0x00007ffb83710000 - 0x00007ffb83742000 	C:\WINDOWS\SYSTEM32\dbgcore.DLL
0x00007ffba5d40000 - 0x00007ffba5dbb000 	C:\WINDOWS\System32\bcryptPrimitives.dll
0x00007ffba01c0000 - 0x00007ffba01ce000 	C:\Program Files\Java\jdk-17\bin\instrument.dll
0x00007ffb919b0000 - 0x00007ffb919d5000 	C:\Program Files\Java\jdk-17\bin\java.dll
0x00007ffb7e480000 - 0x00007ffb7e557000 	C:\Program Files\Java\jdk-17\bin\jsvml.dll
0x00007ffba65f0000 - 0x00007ffba6e57000 	C:\WINDOWS\System32\SHELL32.dll
0x00007ffba3490000 - 0x00007ffba3d8f000 	C:\WINDOWS\SYSTEM32\windows.storage.dll
0x00007ffba3350000 - 0x00007ffba348f000 	C:\WINDOWS\SYSTEM32\wintypes.dll
0x00007ffba7e90000 - 0x00007ffba7f89000 	C:\WINDOWS\System32\SHCORE.dll
0x00007ffba6f90000 - 0x00007ffba6fee000 	C:\WINDOWS\System32\shlwapi.dll
0x00007ffba5440000 - 0x00007ffba5467000 	C:\WINDOWS\SYSTEM32\profapi.dll
0x00007ffb91990000 - 0x00007ffb919a8000 	C:\Program Files\Java\jdk-17\bin\zip.dll
0x00007ffb91950000 - 0x00007ffb91969000 	C:\Program Files\Java\jdk-17\bin\net.dll
0x00007ffb9f610000 - 0x00007ffb9f746000 	C:\WINDOWS\SYSTEM32\WINHTTP.dll
0x00007ffba49d0000 - 0x00007ffba4a39000 	C:\WINDOWS\system32\mswsock.dll
0x00007ffb91930000 - 0x00007ffb91946000 	C:\Program Files\Java\jdk-17\bin\nio.dll
0x00007ffb91910000 - 0x00007ffb9192a000 	C:\Program Files\JetBrains\IntelliJ IDEA 2024.1.2\bin\breakgen64.dll
0x00007ffba4060000 - 0x00007ffba4158000 	C:\WINDOWS\SYSTEM32\DNSAPI.dll
0x00007ffba4030000 - 0x00007ffba405d000 	C:\WINDOWS\SYSTEM32\IPHLPAPI.DLL
0x00007ffba72f0000 - 0x00007ffba72f9000 	C:\WINDOWS\System32\NSI.dll
0x00007ffb9e810000 - 0x00007ffb9e81a000 	C:\Windows\System32\rasadhlp.dll
0x00007ffb9d880000 - 0x00007ffb9d903000 	C:\WINDOWS\System32\fwpuclnt.dll
0x00007ffb91a40000 - 0x00007ffb91a4a000 	C:\Program Files\Java\jdk-17\bin\management.dll
0x00007ffb919f0000 - 0x00007ffb919fb000 	C:\Program Files\Java\jdk-17\bin\management_ext.dll
0x00007ffba4c20000 - 0x00007ffba4c3b000 	C:\WINDOWS\SYSTEM32\CRYPTSP.dll
0x00007ffba44c0000 - 0x00007ffba44f5000 	C:\WINDOWS\system32\rsaenh.dll
0x00007ffba4ac0000 - 0x00007ffba4ae8000 	C:\WINDOWS\SYSTEM32\USERENV.dll
0x00007ffba4c40000 - 0x00007ffba4c4c000 	C:\WINDOWS\SYSTEM32\CRYPTBASE.dll
0x00007ffb9eed0000 - 0x00007ffb9eee9000 	C:\WINDOWS\SYSTEM32\dhcpcsvc6.DLL
0x00007ffb9edf0000 - 0x00007ffb9ee0f000 	C:\WINDOWS\SYSTEM32\dhcpcsvc.DLL
0x00007ffb9ebf0000 - 0x00007ffb9ec07000 	C:\WINDOWS\system32\napinsp.dll
0x00007ffb2f300000 - 0x00007ffb2f31b000 	C:\WINDOWS\system32\pnrpnsp.dll
0x00007ffb2e810000 - 0x00007ffb2e821000 	C:\WINDOWS\System32\winrnr.dll
0x00007ffb9d730000 - 0x00007ffb9d745000 	C:\WINDOWS\system32\wshbth.dll
0x00007ffb9ee70000 - 0x00007ffb9ee97000 	C:\WINDOWS\system32\nlansp_c.dll
0x00007ffb91980000 - 0x00007ffb9198e000 	C:\Program Files\Java\jdk-17\bin\sunmscapi.dll
0x00007ffba5bd0000 - 0x00007ffba5d37000 	C:\WINDOWS\System32\CRYPT32.dll
0x00007ffba4de0000 - 0x00007ffba4e0e000 	C:\WINDOWS\SYSTEM32\ncrypt.dll
0x00007ffba4da0000 - 0x00007ffba4dd7000 	C:\WINDOWS\SYSTEM32\NTASN1.dll
0x00007ffba23f0000 - 0x00007ffba23f8000 	C:\WINDOWS\system32\wshunix.dll

dbghelp: loaded successfully - version: 4.0.5 - missing functions: none
symbol engine: initialized successfully - sym options: 0x614 - pdb path: .;C:\Program Files\Java\jdk-17\bin;C:\WINDOWS\SYSTEM32;C:\WINDOWS\WinSxS\amd64_microsoft.windows.common-controls_6595b64144ccf1df_6.0.22621.3672_none_2713b9d173822955;C:\Program Files\Java\jdk-17\bin\server;C:\Program Files\JetBrains\IntelliJ IDEA 2024.1.2\bin

VM Arguments:
jvm_args: -XX:TieredStopAtLevel=1 -Dspring.output.ansi.enabled=always -Dcom.sun.management.jmxremote -Dspring.jmx.enabled=true -Dspring.liveBeansView.mbeanDomain -Dspring.application.admin.enabled=true -Dmanagement.endpoints.jmx.exposure.include=* -javaagent:C:\Program Files\JetBrains\IntelliJ IDEA 2024.1.2\lib\idea_rt.jar=58928:C:\Program Files\JetBrains\IntelliJ IDEA 2024.1.2\bin -Dfile.encoding=UTF-8 
java_command: com.hussain.springbootweb_servlet_jsp.SpringbootWebApplication
java_class_path (initial): I:\Backend development\SpringbootWeb\target\classes;C:\Users\hussa\.m2\repository\org\springframework\boot\spring-boot-starter-web\3.3.3\spring-boot-starter-web-3.3.3.jar;C:\Users\hussa\.m2\repository\org\springframework\boot\spring-boot-starter\3.3.3\spring-boot-starter-3.3.3.jar;C:\Users\hussa\.m2\repository\org\springframework\boot\spring-boot\3.3.3\spring-boot-3.3.3.jar;C:\Users\hussa\.m2\repository\org\springframework\boot\spring-boot-autoconfigure\3.3.3\spring-boot-autoconfigure-3.3.3.jar;C:\Users\hussa\.m2\repository\org\springframework\boot\spring-boot-starter-logging\3.3.3\spring-boot-starter-logging-3.3.3.jar;C:\Users\hussa\.m2\repository\ch\qos\logback\logback-classic\1.5.7\logback-classic-1.5.7.jar;C:\Users\hussa\.m2\repository\ch\qos\logback\logback-core\1.5.7\logback-core-1.5.7.jar;C:\Users\hussa\.m2\repository\org\apache\logging\log4j\log4j-to-slf4j\2.23.1\log4j-to-slf4j-2.23.1.jar;C:\Users\hussa\.m2\repository\org\apache\logging\log4j\log4j-api\2.23.1\log4j-api-2.23.1.jar;C:\Users\hussa\.m2\repository\org\slf4j\jul-to-slf4j\2.0.16\jul-to-slf4j-2.0.16.jar;C:\Users\hussa\.m2\repository\jakarta\annotation\jakarta.annotation-api\2.1.1\jakarta.annotation-api-2.1.1.jar;C:\Users\hussa\.m2\repository\org\yaml\snakeyaml\2.2\snakeyaml-2.2.jar;C:\Users\hussa\.m2\repository\org\springframework\boot\spring-boot-starter-json\3.3.3\spring-boot-starter-json-3.3.3.jar;C:\Users\hussa\.m2\repository\com\fasterxml\jackson\core\jackson-databind\2.17.2\jackson-databind-2.17.2.jar;C:\Users\hussa\.m2\repository\com\fasterxml\jackson\core\jackson-annotations\2.17.2\jackson-annotations-2.17.2.jar;C:\Users\hussa\.m2\repository\com\fasterxml\jackson\core\jackson-core\2.17.2\jackson-core-2.17.2.jar;C:\Users\hussa\.m2\repository\com\fasterxml\jackson\datatype\jackson-datatype-jdk8\2.17.2\jackson-datatype-jdk8-2.17.2.jar;C:\Users\hussa\.m2\repository\com\fasterxml\jackson\datatype\jackson-datatype-jsr310\2.17.2\jackson-datatype-jsr310-2.17.2.jar;C:\Use
Launcher Type: SUN_STANDARD

[Global flags]
     intx CICompilerCount                          = 3                                         {product} {ergonomic}
     uint ConcGCThreads                            = 1                                         {product} {ergonomic}
     uint G1ConcRefinementThreads                  = 4                                         {product} {ergonomic}
   size_t G1HeapRegionSize                         = 1048576                                   {product} {ergonomic}
    uintx GCDrainStackTargetSize                   = 64                                        {product} {ergonomic}
   size_t InitialHeapSize                          = 130023424                                 {product} {ergonomic}
     bool ManagementServer                         = true                                      {product} {command line}
   size_t MarkStackSize                            = 4194304                                   {product} {ergonomic}
   size_t MaxHeapSize                              = 2080374784                                {product} {ergonomic}
   size_t MaxNewSize                               = 1247805440                                {product} {ergonomic}
   size_t MinHeapDeltaBytes                        = 1048576                                   {product} {ergonomic}
   size_t MinHeapSize                              = 8388608                                   {product} {ergonomic}
    uintx NonProfiledCodeHeapSize                  = 0                                      {pd product} {ergonomic}
     bool ProfileInterpreter                       = false                                  {pd product} {command line}
    uintx ProfiledCodeHeapSize                     = 0                                      {pd product} {ergonomic}
   size_t SoftMaxHeapSize                          = 2080374784                             {manageable} {ergonomic}
     intx TieredStopAtLevel                        = 1                                         {product} {command line}
     bool UseCompressedClassPointers               = true                           {product lp64_product} {ergonomic}
     bool UseCompressedOops                        = true                           {product lp64_product} {ergonomic}
     bool UseG1GC                                  = true                                      {product} {ergonomic}
     bool UseLargePagesIndividualAllocation        = false                                  {pd product} {ergonomic}

Logging:
Log output configuration:
 #0: stdout all=warning uptime,level,tags
 #1: stderr all=off uptime,level,tags

Environment Variables:
PATH=C:\Program Files\Java\jdk-17\bin;C:\WINDOWS\system32;C:\WINDOWS;C:\WINDOWS\System32\Wbem;C:\WINDOWS\System32\WindowsPowerShell\v1.0\;C:\WINDOWS\System32\OpenSSH\;C:\Program Files\Crucial\Crucial Storage Executive;C:\Program Files\Git\cmd;C:\Program Files\nodejs\;C:\Program Files\Java\jdk-17\bin;C:\Users\hussa\AppData\Local\Microsoft\WindowsApps;C:\Users\hussa\AppData\Local\Programs\Microsoft VS Code\bin;C:\Users\hussa\AppData\Roaming\npm;C:\Program Files\JetBrains\IntelliJ IDEA 2024.1.2\bin;;C:\Users\hussa\AppData\Local\Programs\mongosh\
USERNAME=hussa
OS=Windows_NT
PROCESSOR_IDENTIFIER=Intel64 Family 6 Model 126 Stepping 5, GenuineIntel



---------------  S Y S T E M  ---------------

OS:
 Windows 11 , 64 bit Build 22621 (10.0.22621.3958)
OS uptime: 0 days 6:06 hours

CPU: total 4 (initial active 4) (2 cores per cpu, 2 threads per core) family 6 model 126 stepping 5 microcode 0x86, cx8, cmov, fxsr, ht, mmx, 3dnowpref, sse, sse2, sse3, ssse3, sse4.1, sse4.2, popcnt, lzcnt, tsc, tscinvbit, avx, avx2, aes, erms, clmul, bmi1, bmi2, adx, avx512f, avx512dq, avx512cd, avx512bw, avx512vl, sha, fma, vzeroupper, avx512_vpopcntdq, avx512_vpclmulqdq, avx512_vaes, avx512_vnni, clflush, clflushopt, avx512_vbmi2, avx512_vbmi

Memory: 4k page, system-wide physical 7934M (912M free)
TotalPageFile size 9982M (AvailPageFile size 1M)
current process WorkingSet (physical memory assigned to process): 138M, peak: 138M
current process commit charge ("private bytes"): 214M, peak: 232M

vm_info: Java HotSpot(TM) 64-Bit Server VM (17.0.11+7-LTS-207) for windows-amd64 JRE (17.0.11+7-LTS-207), built on Mar 11 2024 19:01:50 by "mach5one" with MS VC++ 17.6 (VS2022)

END.
