#
# There is insufficient memory for the Java Runtime Environment to continue.
# Native memory allocation (mmap) failed to map 130023424 bytes for G1 virtual space
# Possible reasons:
#   The system is out of physical RAM or swap space
#   The process is running with CompressedOops enabled, and the Java Heap may be blocking the growth of the native heap
# Possible solutions:
#   Reduce memory load on the system
#   Increase physical memory or swap space
#   Check if swap backing store is full
#   Decrease Java heap size (-Xmx/-Xms)
#   Decrease number of Java threads
#   Decrease Java thread stack sizes (-Xss)
#   Set larger code cache with -XX:ReservedCodeCacheSize=
#   JVM is running with Unscaled Compressed Oops mode in which the Java heap is
#     placed in the first 4GB address space. The Java Heap base address is the
#     maximum limit for the native heap growth. Please use -XX:HeapBaseMinAddress
#     to set the Java Heap base and to place the Java Heap above 4GB virtual address.
# This output file may be truncated or incomplete.
#
#  Out of Memory Error (os_windows.cpp:3548), pid=6172, tid=10856
#
# JRE version:  (17.0.11+7) (build )
# Java VM: Java HotSpot(TM) 64-Bit Server VM (17.0.11+7-LTS-207, mixed mode, emulated-client, sharing, tiered, compressed oops, compressed class ptrs, g1 gc, windows-amd64)
# No core dump will be written. Minidumps are not enabled by default on client versions of Windows
#

---------------  S U M M A R Y ------------

Command Line: -XX:TieredStopAtLevel=1 -Dspring.output.ansi.enabled=always -Dcom.sun.management.jmxremote -Dspring.jmx.enabled=true -Dspring.liveBeansView.mbeanDomain -Dspring.application.admin.enabled=true -Dmanagement.endpoints.jmx.exposure.include=* -javaagent:C:\Program Files\JetBrains\IntelliJ IDEA 2024.1.2\lib\idea_rt.jar=60744:C:\Program Files\JetBrains\IntelliJ IDEA 2024.1.2\bin -Dfile.encoding=UTF-8 com.hussain.springbootproject.SpringbootProjectApplication

Host: Intel(R) Core(TM) i3-1005G1 CPU @ 1.20GHz, 4 cores, 7G,  Windows 11 , 64 bit Build 22621 (10.0.22621.3958)
Time: Thu Sep  5 22:58:47 2024 India Standard Time elapsed time: 0.027029 seconds (0d 0h 0m 0s)

---------------  T H R E A D  ---------------

Current thread (0x0000020329f99aa0):  JavaThread "Unknown thread" [_thread_in_vm, id=10856, stack(0x000000c69ec00000,0x000000c69ed00000)]

Stack: [0x000000c69ec00000,0x000000c69ed00000]
Native frames: (J=compiled Java code, j=interpreted, Vv=VM code, C=native code)
V  [jvm.dll+0x679cca]
V  [jvm.dll+0x7da13d]
V  [jvm.dll+0x7dba83]
V  [jvm.dll+0x7dc0f3]
V  [jvm.dll+0x2449af]
V  [jvm.dll+0x676ce9]
V  [jvm.dll+0x66b852]
V  [jvm.dll+0x3018d6]
V  [jvm.dll+0x308e76]
V  [jvm.dll+0x3596ee]
V  [jvm.dll+0x35991f]
V  [jvm.dll+0x2d89a8]
V  [jvm.dll+0x2d9914]
V  [jvm.dll+0x7ac6b1]
V  [jvm.dll+0x366f61]
V  [jvm.dll+0x78b609]
V  [jvm.dll+0x3ec22f]
V  [jvm.dll+0x3ede61]
C  [jli.dll+0x5297]
C  [ucrtbase.dll+0x29333]
C  [KERNEL32.DLL+0x1257d]
C  [ntdll.dll+0x5af28]


---------------  P R O C E S S  ---------------

Threads class SMR info:
_java_thread_list=0x00007ffeebea7a18, length=0, elements={
}

Java Threads: ( => current thread )

Other Threads:
  0x0000020329ff5670 GCTaskThread "GC Thread#0" [stack: 0x000000c69ed00000,0x000000c69ee00000] [id=124]
  0x000002032a006cd0 ConcurrentGCThread "G1 Main Marker" [stack: 0x000000c69ee00000,0x000000c69ef00000] [id=12992]
  0x000002032a007d80 ConcurrentGCThread "G1 Conc#0" [stack: 0x000000c69ef00000,0x000000c69f000000] [id=16300]

[error occurred during error reporting (printing all threads), id 0xc0000005, EXCEPTION_ACCESS_VIOLATION (0xc0000005) at pc=0x00007ffeeb6d9497]

VM state: not at safepoint (not fully initialized)

VM Mutex/Monitor currently owned by a thread:  ([mutex/lock_event])
[0x0000020329f966b0] Heap_lock - owner thread: 0x0000020329f99aa0

Heap address: 0x0000000084000000, size: 1984 MB, Compressed Oops mode: 32-bit

CDS archive(s) mapped at: [0x0000000000000000-0x0000000000000000-0x0000000000000000), size 0, SharedBaseAddress: 0x0000000800000000, ArchiveRelocationMode: 1.
Narrow klass base: 0x0000000000000000, Narrow klass shift: 0, Narrow klass range: 0x0

GC Precious Log:
<Empty>

Heap:
 garbage-first heap   total 0K, used 0K [0x0000000084000000, 0x0000000100000000)
  region size 1024K, 0 young (0K), 0 survivors (0K)

[error occurred during error reporting (printing heap information), id 0xc0000005, EXCEPTION_ACCESS_VIOLATION (0xc0000005) at pc=0x00007ffeebac3559]

GC Heap History (0 events):
No events

Deoptimization events (0 events):
No events

Classes unloaded (0 events):
No events

Classes redefined (0 events):
No events

Internal exceptions (0 events):
No events

VM Operations (0 events):
No events

Events (1 events):
Event: 0.019 Loaded shared library C:\Program Files\Java\jdk-17\bin\java.dll


Dynamic libraries:
0x00007ff7977e0000 - 0x00007ff7977f0000 	C:\Program Files\Java\jdk-17\bin\java.exe
0x00007fff335b0000 - 0x00007fff337c7000 	C:\WINDOWS\SYSTEM32\ntdll.dll
0x00007fff31920000 - 0x00007fff319e4000 	C:\WINDOWS\System32\KERNEL32.DLL
0x00007fff30c00000 - 0x00007fff30fad000 	C:\WINDOWS\System32\KERNELBASE.dll
0x00007fff30fe0000 - 0x00007fff310f1000 	C:\WINDOWS\System32\ucrtbase.dll
0x00007fff180d0000 - 0x00007fff180eb000 	C:\Program Files\Java\jdk-17\bin\VCRUNTIME140.dll
0x00007fff24ed0000 - 0x00007fff24ee9000 	C:\Program Files\Java\jdk-17\bin\jli.dll
0x00007fff32580000 - 0x00007fff32632000 	C:\WINDOWS\System32\ADVAPI32.dll
0x00007fff31cd0000 - 0x00007fff31d77000 	C:\WINDOWS\System32\msvcrt.dll
0x00007fff319f0000 - 0x00007fff31a99000 	C:\WINDOWS\System32\sechost.dll
0x00007fff30a60000 - 0x00007fff30a88000 	C:\WINDOWS\System32\bcrypt.dll
0x00007fff32460000 - 0x00007fff32574000 	C:\WINDOWS\System32\RPCRT4.dll
0x00007fff31600000 - 0x00007fff317ae000 	C:\WINDOWS\System32\USER32.dll
0x00007fff30fb0000 - 0x00007fff30fd6000 	C:\WINDOWS\System32\win32u.dll
0x00007fff32430000 - 0x00007fff32459000 	C:\WINDOWS\System32\GDI32.dll
0x00007fff30940000 - 0x00007fff30a59000 	C:\WINDOWS\System32\gdi32full.dll
0x00007fff31240000 - 0x00007fff312da000 	C:\WINDOWS\System32\msvcp_win.dll
0x00007fff1bab0000 - 0x00007fff1bd43000 	C:\WINDOWS\WinSxS\amd64_microsoft.windows.common-controls_6595b64144ccf1df_6.0.22621.3672_none_2713b9d173822955\COMCTL32.dll
0x00007fff24ae0000 - 0x00007fff24aea000 	C:\WINDOWS\SYSTEM32\VERSION.dll
0x00007fff318e0000 - 0x00007fff31911000 	C:\WINDOWS\System32\IMM32.DLL
0x00007fff2b3e0000 - 0x00007fff2b3ec000 	C:\Program Files\Java\jdk-17\bin\vcruntime140_1.dll
0x00007fff02f80000 - 0x00007fff0300e000 	C:\Program Files\Java\jdk-17\bin\msvcp140.dll
0x00007ffeeb3f0000 - 0x00007ffeebfd0000 	C:\Program Files\Java\jdk-17\bin\server\jvm.dll
0x00007fff31f80000 - 0x00007fff31f88000 	C:\WINDOWS\System32\PSAPI.DLL
0x00007fff135f0000 - 0x00007fff135f9000 	C:\WINDOWS\SYSTEM32\WSOCK32.dll
0x00007fff31860000 - 0x00007fff318d1000 	C:\WINDOWS\System32\WS2_32.dll
0x00007fff29270000 - 0x00007fff292a4000 	C:\WINDOWS\SYSTEM32\WINMM.dll
0x00007fff2f920000 - 0x00007fff2f938000 	C:\WINDOWS\SYSTEM32\kernel.appcore.dll
0x00007fff15680000 - 0x00007fff1568a000 	C:\Program Files\Java\jdk-17\bin\jimage.dll
0x00007fff2e340000 - 0x00007fff2e572000 	C:\WINDOWS\SYSTEM32\DBGHELP.DLL
0x00007fff32eb0000 - 0x00007fff3323e000 	C:\WINDOWS\System32\combase.dll
0x00007fff33240000 - 0x00007fff33317000 	C:\WINDOWS\System32\OLEAUT32.dll
0x00007fff0cb40000 - 0x00007fff0cb72000 	C:\WINDOWS\SYSTEM32\dbgcore.DLL
0x00007fff311c0000 - 0x00007fff3123b000 	C:\WINDOWS\System32\bcryptPrimitives.dll
0x00007fff0c650000 - 0x00007fff0c65e000 	C:\Program Files\Java\jdk-17\bin\instrument.dll
0x00007fff0ab70000 - 0x00007fff0ab95000 	C:\Program Files\Java\jdk-17\bin\java.dll

dbghelp: loaded successfully - version: 4.0.5 - missing functions: none
symbol engine: initialized successfully - sym options: 0x614 - pdb path: .;C:\Program Files\Java\jdk-17\bin;C:\WINDOWS\SYSTEM32;C:\WINDOWS\WinSxS\amd64_microsoft.windows.common-controls_6595b64144ccf1df_6.0.22621.3672_none_2713b9d173822955;C:\Program Files\Java\jdk-17\bin\server

VM Arguments:
jvm_args: -XX:TieredStopAtLevel=1 -Dspring.output.ansi.enabled=always -Dcom.sun.management.jmxremote -Dspring.jmx.enabled=true -Dspring.liveBeansView.mbeanDomain -Dspring.application.admin.enabled=true -Dmanagement.endpoints.jmx.exposure.include=* -javaagent:C:\Program Files\JetBrains\IntelliJ IDEA 2024.1.2\lib\idea_rt.jar=60744:C:\Program Files\JetBrains\IntelliJ IDEA 2024.1.2\bin -Dfile.encoding=UTF-8 
java_command: com.hussain.springbootproject.SpringbootProjectApplication
java_class_path (initial): I:\Backend-development\SpringbootProject\target\classes;C:\Users\hussa\.m2\repository\org\springframework\boot\spring-boot-starter-web\3.3.3\spring-boot-starter-web-3.3.3.jar;C:\Users\hussa\.m2\repository\org\springframework\boot\spring-boot-starter\3.3.3\spring-boot-starter-3.3.3.jar;C:\Users\hussa\.m2\repository\org\springframework\boot\spring-boot\3.3.3\spring-boot-3.3.3.jar;C:\Users\hussa\.m2\repository\org\springframework\boot\spring-boot-autoconfigure\3.3.3\spring-boot-autoconfigure-3.3.3.jar;C:\Users\hussa\.m2\repository\org\springframework\boot\spring-boot-starter-logging\3.3.3\spring-boot-starter-logging-3.3.3.jar;C:\Users\hussa\.m2\repository\ch\qos\logback\logback-classic\1.5.7\logback-classic-1.5.7.jar;C:\Users\hussa\.m2\repository\ch\qos\logback\logback-core\1.5.7\logback-core-1.5.7.jar;C:\Users\hussa\.m2\repository\org\apache\logging\log4j\log4j-to-slf4j\2.23.1\log4j-to-slf4j-2.23.1.jar;C:\Users\hussa\.m2\repository\org\apache\logging\log4j\log4j-api\2.23.1\log4j-api-2.23.1.jar;C:\Users\hussa\.m2\repository\org\slf4j\jul-to-slf4j\2.0.16\jul-to-slf4j-2.0.16.jar;C:\Users\hussa\.m2\repository\jakarta\annotation\jakarta.annotation-api\2.1.1\jakarta.annotation-api-2.1.1.jar;C:\Users\hussa\.m2\repository\org\yaml\snakeyaml\2.2\snakeyaml-2.2.jar;C:\Users\hussa\.m2\repository\org\springframework\boot\spring-boot-starter-json\3.3.3\spring-boot-starter-json-3.3.3.jar;C:\Users\hussa\.m2\repository\com\fasterxml\jackson\core\jackson-databind\2.17.2\jackson-databind-2.17.2.jar;C:\Users\hussa\.m2\repository\com\fasterxml\jackson\core\jackson-annotations\2.17.2\jackson-annotations-2.17.2.jar;C:\Users\hussa\.m2\repository\com\fasterxml\jackson\core\jackson-core\2.17.2\jackson-core-2.17.2.jar;C:\Users\hussa\.m2\repository\com\fasterxml\jackson\datatype\jackson-datatype-jdk8\2.17.2\jackson-datatype-jdk8-2.17.2.jar;C:\Users\hussa\.m2\repository\com\fasterxml\jackson\datatype\jackson-datatype-jsr310\2.17.2\jackson-datatype-jsr310-2.17.2.jar;C:
Launcher Type: SUN_STANDARD

[Global flags]
     intx CICompilerCount                          = 3                                         {product} {ergonomic}
     uint ConcGCThreads                            = 1                                         {product} {ergonomic}
     uint G1ConcRefinementThreads                  = 4                                         {product} {ergonomic}
   size_t G1HeapRegionSize                         = 1048576                                   {product} {ergonomic}
    uintx GCDrainStackTargetSize                   = 64                                        {product} {ergonomic}
   size_t InitialHeapSize                          = 130023424                                 {product} {ergonomic}
     bool ManagementServer                         = true                                      {product} {command line}
   size_t MarkStackSize                            = 4194304                                   {product} {ergonomic}
   size_t MaxHeapSize                              = 2080374784                                {product} {ergonomic}
   size_t MinHeapDeltaBytes                        = 1048576                                   {product} {ergonomic}
   size_t MinHeapSize                              = 8388608                                   {product} {ergonomic}
    uintx NonProfiledCodeHeapSize                  = 0                                      {pd product} {ergonomic}
     bool ProfileInterpreter                       = false                                  {pd product} {command line}
    uintx ProfiledCodeHeapSize                     = 0                                      {pd product} {ergonomic}
   size_t SoftMaxHeapSize                          = 2080374784                             {manageable} {ergonomic}
     intx TieredStopAtLevel                        = 1                                         {product} {command line}
     bool UseCompressedClassPointers               = true                           {product lp64_product} {ergonomic}
     bool UseCompressedOops                        = true                           {product lp64_product} {ergonomic}
     bool UseG1GC                                  = true                                      {product} {ergonomic}
     bool UseLargePagesIndividualAllocation        = false                                  {pd product} {ergonomic}

Logging:
Log output configuration:
 #0: stdout all=warning uptime,level,tags
 #1: stderr all=off uptime,level,tags

Environment Variables:
PATH=C:\Program Files\Java\jdk-17\bin;C:\WINDOWS\system32;C:\WINDOWS;C:\WINDOWS\System32\Wbem;C:\WINDOWS\System32\WindowsPowerShell\v1.0\;C:\WINDOWS\System32\OpenSSH\;C:\Program Files\Crucial\Crucial Storage Executive;C:\Program Files\Git\cmd;C:\Program Files\nodejs\;C:\Program Files\Java\jdk-17\bin;C:\Users\hussa\AppData\Local\Microsoft\WindowsApps;C:\Users\hussa\AppData\Local\Programs\Microsoft VS Code\bin;C:\Users\hussa\AppData\Roaming\npm;C:\Program Files\JetBrains\IntelliJ IDEA 2024.1.2\bin;;C:\Users\hussa\AppData\Local\Programs\mongosh\
USERNAME=hussa
OS=Windows_NT
PROCESSOR_IDENTIFIER=Intel64 Family 6 Model 126 Stepping 5, GenuineIntel



---------------  S Y S T E M  ---------------

OS:
 Windows 11 , 64 bit Build 22621 (10.0.22621.3958)
OS uptime: 0 days 8:09 hours

CPU: total 4 (initial active 4) (2 cores per cpu, 2 threads per core) family 6 model 126 stepping 5 microcode 0x86, cx8, cmov, fxsr, ht, mmx, 3dnowpref, sse, sse2, sse3, ssse3, sse4.1, sse4.2, popcnt, lzcnt, tsc, tscinvbit, avx, avx2, aes, erms, clmul, bmi1, bmi2, adx, avx512f, avx512dq, avx512cd, avx512bw, avx512vl, sha, fma, vzeroupper, avx512_vpopcntdq, avx512_vpclmulqdq, avx512_vaes, avx512_vnni, clflush, clflushopt, avx512_vbmi2, avx512_vbmi

Memory: 4k page, system-wide physical 7934M (512M free)
TotalPageFile size 9982M (AvailPageFile size 87M)
current process WorkingSet (physical memory assigned to process): 11M, peak: 11M
current process commit charge ("private bytes"): 47M, peak: 171M

vm_info: Java HotSpot(TM) 64-Bit Server VM (17.0.11+7-LTS-207) for windows-amd64 JRE (17.0.11+7-LTS-207), built on Mar 11 2024 19:01:50 by "mach5one" with MS VC++ 17.6 (VS2022)

END.
