#
# There is insufficient memory for the Java Runtime Environment to continue.
# Native memory allocation (mmap) failed to map 65536 bytes for Failed to commit metaspace.
# Possible reasons:
#   The system is out of physical RAM or swap space
#   The process is running with CompressedOops enabled, and the Java Heap may be blocking the growth of the native heap
# Possible solutions:
#   Reduce memory load on the system
#   Increase physical memory or swap space
#   Check if swap backing store is full
#   Decrease Java heap size (-Xmx/-Xms)
#   Decrease number of Java threads
#   Decrease Java thread stack sizes (-Xss)
#   Set larger code cache with -XX:ReservedCodeCacheSize=
#   JVM is running with Unscaled Compressed Oops mode in which the Java heap is
#     placed in the first 4GB address space. The Java Heap base address is the
#     maximum limit for the native heap growth. Please use -XX:HeapBaseMinAddress
#     to set the Java Heap base and to place the Java Heap above 4GB virtual address.
# This output file may be truncated or incomplete.
#
#  Out of Memory Error (virtualSpaceNode.cpp:110), pid=17140, tid=1552
#
# JRE version: Java(TM) SE Runtime Environment (17.0.11+7) (build 17.0.11+7-LTS-207)
# Java VM: Java HotSpot(TM) 64-Bit Server VM (17.0.11+7-LTS-207, mixed mode, emulated-client, sharing, tiered, compressed oops, compressed class ptrs, g1 gc, windows-amd64)
# No core dump will be written. Minidumps are not enabled by default on client versions of Windows
#

---------------  S U M M A R Y ------------

Command Line: -XX:TieredStopAtLevel=1 -Dspring.output.ansi.enabled=always -Dcom.sun.management.jmxremote -Dspring.jmx.enabled=true -Dspring.liveBeansView.mbeanDomain -Dspring.application.admin.enabled=true -Dmanagement.endpoints.jmx.exposure.include=* -javaagent:C:\Program Files\JetBrains\IntelliJ IDEA 2024.1.2\lib\idea_rt.jar=50328:C:\Program Files\JetBrains\IntelliJ IDEA 2024.1.2\bin -Dfile.encoding=UTF-8 com.example.springxml.SpringxmlApplication

Host: Intel(R) Core(TM) i3-1005G1 CPU @ 1.20GHz, 4 cores, 7G,  Windows 11 , 64 bit Build 22621 (10.0.22621.3958)
Time: Mon Aug 26 22:43:43 2024 India Standard Time elapsed time: 0.997981 seconds (0d 0h 0m 0s)

---------------  T H R E A D  ---------------

Current thread (0x000002915d146d90):  JavaThread "main" [_thread_in_vm, id=1552, stack(0x000000afadc00000,0x000000afadd00000)]

Stack: [0x000000afadc00000,0x000000afadd00000]
Native frames: (J=compiled Java code, j=interpreted, Vv=VM code, C=native code)
V  [jvm.dll+0x679cca]
V  [jvm.dll+0x7da13d]
V  [jvm.dll+0x7dba83]
V  [jvm.dll+0x7dc0f3]
V  [jvm.dll+0x2449af]
V  [jvm.dll+0x7d5d0b]
V  [jvm.dll+0x6200b6]
V  [jvm.dll+0x1be687]
V  [jvm.dll+0x622a12]
V  [jvm.dll+0x620a76]
V  [jvm.dll+0x2422dc]
V  [jvm.dll+0x6d079d]
V  [jvm.dll+0x6d116f]
V  [jvm.dll+0x36dd25]
V  [jvm.dll+0x36cdd4]
V  [jvm.dll+0x36cd78]
V  [jvm.dll+0x37ca9a]
C  0x0000029166209aed

Java frames: (J=compiled Java code, j=interpreted, Vv=VM code)
j  com.sun.org.apache.xerces.internal.impl.xs.traversers.XSDHandler.createTraversers()V+29 java.xml@17.0.11
j  com.sun.org.apache.xerces.internal.impl.xs.traversers.XSDHandler.prepareForTraverse()V+346 java.xml@17.0.11
j  com.sun.org.apache.xerces.internal.impl.xs.traversers.XSDHandler.parseSchema(Lcom/sun/org/apache/xerces/internal/xni/parser/XMLInputSource;Lcom/sun/org/apache/xerces/internal/impl/xs/XSDDescription;Ljava/util/Map;)Lcom/sun/org/apache/xerces/internal/impl/xs/SchemaGrammar;+570 java.xml@17.0.11
j  com.sun.org.apache.xerces.internal.impl.xs.XMLSchemaLoader.loadSchema(Lcom/sun/org/apache/xerces/internal/impl/xs/XSDDescription;Lcom/sun/org/apache/xerces/internal/xni/parser/XMLInputSource;Ljava/util/Map;)Lcom/sun/org/apache/xerces/internal/impl/xs/SchemaGrammar;+93 java.xml@17.0.11
j  com.sun.org.apache.xerces.internal.impl.xs.XMLSchemaValidator.findSchemaGrammar(SLjava/lang/String;Lcom/sun/org/apache/xerces/internal/xni/QName;Lcom/sun/org/apache/xerces/internal/xni/QName;Lcom/sun/org/apache/xerces/internal/xni/XMLAttributes;)Lcom/sun/org/apache/xerces/internal/impl/xs/SchemaGrammar;+366 java.xml@17.0.11
j  com.sun.org.apache.xerces.internal.impl.xs.XMLSchemaValidator.handleStartElement(Lcom/sun/org/apache/xerces/internal/xni/QName;Lcom/sun/org/apache/xerces/internal/xni/XMLAttributes;Lcom/sun/org/apache/xerces/internal/xni/Augmentations;)Lcom/sun/org/apache/xerces/internal/xni/Augmentations;+981 java.xml@17.0.11
j  com.sun.org.apache.xerces.internal.impl.xs.XMLSchemaValidator.startElement(Lcom/sun/org/apache/xerces/internal/xni/QName;Lcom/sun/org/apache/xerces/internal/xni/XMLAttributes;Lcom/sun/org/apache/xerces/internal/xni/Augmentations;)V+4 java.xml@17.0.11
j  com.sun.org.apache.xerces.internal.impl.XMLNSDocumentScannerImpl.scanStartElement()Z+1021 java.xml@17.0.11
j  com.sun.org.apache.xerces.internal.impl.XMLNSDocumentScannerImpl$NSContentDriver.scanRootElementHook()Z+8 java.xml@17.0.11
j  com.sun.org.apache.xerces.internal.impl.XMLDocumentFragmentScannerImpl$FragmentContentDriver.next()I+2175 java.xml@17.0.11
j  com.sun.org.apache.xerces.internal.impl.XMLDocumentScannerImpl$PrologDriver.next()I+196 java.xml@17.0.11
j  com.sun.org.apache.xerces.internal.impl.XMLDocumentScannerImpl.next()I+4 java.xml@17.0.11
j  com.sun.org.apache.xerces.internal.impl.XMLNSDocumentScannerImpl.next()I+31 java.xml@17.0.11
j  com.sun.org.apache.xerces.internal.impl.XMLDocumentFragmentScannerImpl.scanDocument(Z)Z+312 java.xml@17.0.11
j  com.sun.org.apache.xerces.internal.parsers.XML11Configuration.parse(Z)Z+121 java.xml@17.0.11
j  com.sun.org.apache.xerces.internal.parsers.XML11Configuration.parse(Lcom/sun/org/apache/xerces/internal/xni/parser/XMLInputSource;)V+30 java.xml@17.0.11
j  com.sun.org.apache.xerces.internal.parsers.XMLParser.parse(Lcom/sun/org/apache/xerces/internal/xni/parser/XMLInputSource;)V+76 java.xml@17.0.11
j  com.sun.org.apache.xerces.internal.parsers.DOMParser.parse(Lorg/xml/sax/InputSource;)V+44 java.xml@17.0.11
j  com.sun.org.apache.xerces.internal.jaxp.DocumentBuilderImpl.parse(Lorg/xml/sax/InputSource;)Lorg/w3c/dom/Document;+59 java.xml@17.0.11
j  org.springframework.beans.factory.xml.DefaultDocumentLoader.loadDocument(Lorg/xml/sax/InputSource;Lorg/xml/sax/EntityResolver;Lorg/xml/sax/ErrorHandler;IZ)Lorg/w3c/dom/Document;+55
j  org.springframework.beans.factory.xml.XmlBeanDefinitionReader.doLoadDocument(Lorg/xml/sax/InputSource;Lorg/springframework/core/io/Resource;)Lorg/w3c/dom/Document;+22
j  org.springframework.beans.factory.xml.XmlBeanDefinitionReader.doLoadBeanDefinitions(Lorg/xml/sax/InputSource;Lorg/springframework/core/io/Resource;)I+3
j  org.springframework.beans.factory.xml.XmlBeanDefinitionReader.loadBeanDefinitions(Lorg/springframework/core/io/support/EncodedResource;)I+111
j  org.springframework.beans.factory.xml.XmlBeanDefinitionReader.loadBeanDefinitions(Lorg/springframework/core/io/Resource;)I+9
j  org.springframework.beans.factory.support.AbstractBeanDefinitionReader.loadBeanDefinitions([Lorg/springframework/core/io/Resource;)I+34
j  org.springframework.beans.factory.support.AbstractBeanDefinitionReader.loadBeanDefinitions(Ljava/lang/String;Ljava/util/Set;)I+49
j  org.springframework.beans.factory.support.AbstractBeanDefinitionReader.loadBeanDefinitions(Ljava/lang/String;)I+3
j  org.springframework.beans.factory.support.AbstractBeanDefinitionReader.loadBeanDefinitions([Ljava/lang/String;)I+34
j  org.springframework.context.support.AbstractXmlApplicationContext.loadBeanDefinitions(Lorg/springframework/beans/factory/xml/XmlBeanDefinitionReader;)V+26
j  org.springframework.context.support.AbstractXmlApplicationContext.loadBeanDefinitions(Lorg/springframework/beans/factory/support/DefaultListableBeanFactory;)V+41
j  org.springframework.context.support.AbstractRefreshableApplicationContext.refreshBeanFactory()V+43
j  org.springframework.context.support.AbstractApplicationContext.obtainFreshBeanFactory()Lorg/springframework/beans/factory/config/ConfigurableListableBeanFactory;+1
j  org.springframework.context.support.AbstractApplicationContext.refresh()V+33
j  org.springframework.context.support.ClassPathXmlApplicationContext.<init>([Ljava/lang/String;ZLorg/springframework/context/ApplicationContext;)V+15
j  org.springframework.context.support.ClassPathXmlApplicationContext.<init>(Ljava/lang/String;)V+11
j  com.example.springxml.SpringxmlApplication.main([Ljava/lang/String;)V+6
v  ~StubRoutines::call_stub

---------------  P R O C E S S  ---------------

Threads class SMR info:
_java_thread_list=0x0000029170b81db0, length=15, elements={
0x000002915d146d90, 0x0000029170636cc0, 0x0000029170637e20, 0x000002917064a060,
0x000002917064b940, 0x000002917064e620, 0x000002917064eef0, 0x000002917064f870,
0x0000029170650180, 0x00000291706205a0, 0x0000029170620d00, 0x00000291706cdb40,
0x0000029170a5f0a0, 0x0000029170a69e30, 0x000002917500a5e0
}

Java Threads: ( => current thread )
=>0x000002915d146d90 JavaThread "main" [_thread_in_vm, id=1552, stack(0x000000afadc00000,0x000000afadd00000)]
  0x0000029170636cc0 JavaThread "Reference Handler" daemon [_thread_blocked, id=4088, stack(0x000000afae300000,0x000000afae400000)]
  0x0000029170637e20 JavaThread "Finalizer" daemon [_thread_blocked, id=5280, stack(0x000000afae400000,0x000000afae500000)]
  0x000002917064a060 JavaThread "Signal Dispatcher" daemon [_thread_blocked, id=17312, stack(0x000000afae500000,0x000000afae600000)]
  0x000002917064b940 JavaThread "Attach Listener" daemon [_thread_in_vm, id=11660, stack(0x000000afae600000,0x000000afae700000)]
  0x000002917064e620 JavaThread "Service Thread" daemon [_thread_blocked, id=16244, stack(0x000000afae700000,0x000000afae800000)]
  0x000002917064eef0 JavaThread "Monitor Deflation Thread" daemon [_thread_blocked, id=12148, stack(0x000000afae800000,0x000000afae900000)]
  0x000002917064f870 JavaThread "C1 CompilerThread0" daemon [_thread_blocked, id=10648, stack(0x000000afae900000,0x000000afaea00000)]
  0x0000029170650180 JavaThread "Sweeper thread" daemon [_thread_blocked, id=12196, stack(0x000000afaea00000,0x000000afaeb00000)]
  0x00000291706205a0 JavaThread "Common-Cleaner" daemon [_thread_blocked, id=15776, stack(0x000000afaeb00000,0x000000afaec00000)]
  0x0000029170620d00 JavaThread "C1 CompilerThread1" daemon [_thread_blocked, id=3216, stack(0x000000afaec00000,0x000000afaed00000)]
  0x00000291706cdb40 JavaThread "C1 CompilerThread2" daemon [_thread_blocked, id=10504, stack(0x000000afaed00000,0x000000afaee00000)]
  0x0000029170a5f0a0 JavaThread "Monitor Ctrl-Break" daemon [_thread_in_native, id=15992, stack(0x000000afaee00000,0x000000afaef00000)]
  0x0000029170a69e30 JavaThread "Notification Thread" daemon [_thread_blocked, id=10872, stack(0x000000afaef00000,0x000000afaf000000)]
  0x000002917500a5e0 JavaThread "RMI TCP Accept-0" daemon [_thread_in_native, id=17012, stack(0x000000afaf000000,0x000000afaf100000)]

Other Threads:
  0x0000029170632780 VMThread "VM Thread" [stack: 0x000000afae200000,0x000000afae300000] [id=8940]
  0x000002915d1b8080 WatcherThread [stack: 0x000000afaf100000,0x000000afaf200000] [id=16284]
  0x000002915d1a1450 GCTaskThread "GC Thread#0" [stack: 0x000000afadd00000,0x000000afade00000] [id=15932]
  0x00000291752cabf0 GCTaskThread "GC Thread#1" [stack: 0x000000afaf200000,0x000000afaf300000] [id=5196]
  0x00000291752dd010 GCTaskThread "GC Thread#2" [stack: 0x000000afaf300000,0x000000afaf400000] [id=14036]
  0x00000291752de2e0 GCTaskThread "GC Thread#3" [stack: 0x000000afaf400000,0x000000afaf500000] [id=7444]
  0x000002915d1b1aa0 ConcurrentGCThread "G1 Main Marker" [stack: 0x000000afade00000,0x000000afadf00000] [id=8152]
  0x000002915d1b23b0 ConcurrentGCThread "G1 Conc#0" [stack: 0x000000afadf00000,0x000000afae000000] [id=6392]
  0x00000291704e10a0 ConcurrentGCThread "G1 Refine#0" [stack: 0x000000afae000000,0x000000afae100000] [id=3048]
  0x00000291752d0130 ConcurrentGCThread "G1 Refine#1" [stack: 0x000000afaf500000,0x000000afaf600000] [id=2920]
  0x00000291704e19d0 ConcurrentGCThread "G1 Service" [stack: 0x000000afae100000,0x000000afae200000] [id=16304]

Threads with active compile tasks:

VM state: not at safepoint (normal execution)

VM Mutex/Monitor currently owned by a thread:  ([mutex/lock_event])
[0x000002915d140cb0] Metaspace_lock - owner thread: 0x000002915d146d90

Heap address: 0x0000000084000000, size: 1984 MB, Compressed Oops mode: 32-bit

CDS archive(s) mapped at: [0x0000029100000000-0x0000029100bd0000-0x0000029100bd0000), size 12386304, SharedBaseAddress: 0x0000029100000000, ArchiveRelocationMode: 1.
Compressed class space mapped at: 0x0000029101000000-0x0000029141000000, reserved size: 1073741824
Narrow klass base: 0x0000029100000000, Narrow klass shift: 0, Narrow klass range: 0x100000000

GC Precious Log:
 CPUs: 4 total, 4 available
 Memory: 7934M
 Large Page Support: Disabled
 NUMA Support: Disabled
 Compressed Oops: Enabled (32-bit)
 Heap Region Size: 1M
 Heap Min Capacity: 8M
 Heap Initial Capacity: 124M
 Heap Max Capacity: 1984M
 Pre-touch: Disabled
 Parallel Workers: 4
 Concurrent Workers: 1
 Concurrent Refinement Workers: 4
 Periodic GC: Disabled

Heap:
 garbage-first heap   total 126976K, used 8421K [0x0000000084000000, 0x0000000100000000)
  region size 1024K, 7 young (7168K), 2 survivors (2048K)
 Metaspace       used 9142K, committed 9280K, reserved 1114112K
  class space    used 1099K, committed 1152K, reserved 1048576K

Heap Regions: E=young(eden), S=young(survivor), O=old, HS=humongous(starts), HC=humongous(continues), CS=collection set, F=free, OA=open archive, CA=closed archive, TAMS=top-at-mark-start (previous, next)
|   0|0x0000000084000000, 0x0000000084100000, 0x0000000084100000|100%| O|  |TAMS 0x0000000084000000, 0x0000000084000000| Untracked 
|   1|0x0000000084100000, 0x0000000084200000, 0x0000000084200000|100%| O|  |TAMS 0x0000000084100000, 0x0000000084100000| Untracked 
|   2|0x0000000084200000, 0x0000000084239400, 0x0000000084300000| 22%| O|  |TAMS 0x0000000084200000, 0x0000000084200000| Untracked 
|   3|0x0000000084300000, 0x0000000084300000, 0x0000000084400000|  0%| F|  |TAMS 0x0000000084300000, 0x0000000084300000| Untracked 
|   4|0x0000000084400000, 0x0000000084400000, 0x0000000084500000|  0%| F|  |TAMS 0x0000000084400000, 0x0000000084400000| Untracked 
|   5|0x0000000084500000, 0x0000000084500000, 0x0000000084600000|  0%| F|  |TAMS 0x0000000084500000, 0x0000000084500000| Untracked 
|   6|0x0000000084600000, 0x0000000084600000, 0x0000000084700000|  0%| F|  |TAMS 0x0000000084600000, 0x0000000084600000| Untracked 
|   7|0x0000000084700000, 0x0000000084700000, 0x0000000084800000|  0%| F|  |TAMS 0x0000000084700000, 0x0000000084700000| Untracked 
|   8|0x0000000084800000, 0x0000000084800000, 0x0000000084900000|  0%| F|  |TAMS 0x0000000084800000, 0x0000000084800000| Untracked 
|   9|0x0000000084900000, 0x0000000084900000, 0x0000000084a00000|  0%| F|  |TAMS 0x0000000084900000, 0x0000000084900000| Untracked 
|  10|0x0000000084a00000, 0x0000000084a00000, 0x0000000084b00000|  0%| F|  |TAMS 0x0000000084a00000, 0x0000000084a00000| Untracked 
|  11|0x0000000084b00000, 0x0000000084b00000, 0x0000000084c00000|  0%| F|  |TAMS 0x0000000084b00000, 0x0000000084b00000| Untracked 
|  12|0x0000000084c00000, 0x0000000084c00000, 0x0000000084d00000|  0%| F|  |TAMS 0x0000000084c00000, 0x0000000084c00000| Untracked 
|  13|0x0000000084d00000, 0x0000000084d00000, 0x0000000084e00000|  0%| F|  |TAMS 0x0000000084d00000, 0x0000000084d00000| Untracked 
|  14|0x0000000084e00000, 0x0000000084e00000, 0x0000000084f00000|  0%| F|  |TAMS 0x0000000084e00000, 0x0000000084e00000| Untracked 
|  15|0x0000000084f00000, 0x0000000084f00000, 0x0000000085000000|  0%| F|  |TAMS 0x0000000084f00000, 0x0000000084f00000| Untracked 
|  16|0x0000000085000000, 0x0000000085000000, 0x0000000085100000|  0%| F|  |TAMS 0x0000000085000000, 0x0000000085000000| Untracked 
|  17|0x0000000085100000, 0x0000000085100000, 0x0000000085200000|  0%| F|  |TAMS 0x0000000085100000, 0x0000000085100000| Untracked 
|  18|0x0000000085200000, 0x0000000085200000, 0x0000000085300000|  0%| F|  |TAMS 0x0000000085200000, 0x0000000085200000| Untracked 
|  19|0x0000000085300000, 0x0000000085300000, 0x0000000085400000|  0%| F|  |TAMS 0x0000000085300000, 0x0000000085300000| Untracked 
|  20|0x0000000085400000, 0x0000000085400000, 0x0000000085500000|  0%| F|  |TAMS 0x0000000085400000, 0x0000000085400000| Untracked 
|  21|0x0000000085500000, 0x0000000085500000, 0x0000000085600000|  0%| F|  |TAMS 0x0000000085500000, 0x0000000085500000| Untracked 
|  22|0x0000000085600000, 0x0000000085600000, 0x0000000085700000|  0%| F|  |TAMS 0x0000000085600000, 0x0000000085600000| Untracked 
|  23|0x0000000085700000, 0x0000000085700000, 0x0000000085800000|  0%| F|  |TAMS 0x0000000085700000, 0x0000000085700000| Untracked 
|  24|0x0000000085800000, 0x0000000085800000, 0x0000000085900000|  0%| F|  |TAMS 0x0000000085800000, 0x0000000085800000| Untracked 
|  25|0x0000000085900000, 0x0000000085900000, 0x0000000085a00000|  0%| F|  |TAMS 0x0000000085900000, 0x0000000085900000| Untracked 
|  26|0x0000000085a00000, 0x0000000085a00000, 0x0000000085b00000|  0%| F|  |TAMS 0x0000000085a00000, 0x0000000085a00000| Untracked 
|  27|0x0000000085b00000, 0x0000000085b00000, 0x0000000085c00000|  0%| F|  |TAMS 0x0000000085b00000, 0x0000000085b00000| Untracked 
|  28|0x0000000085c00000, 0x0000000085c00000, 0x0000000085d00000|  0%| F|  |TAMS 0x0000000085c00000, 0x0000000085c00000| Untracked 
|  29|0x0000000085d00000, 0x0000000085d00000, 0x0000000085e00000|  0%| F|  |TAMS 0x0000000085d00000, 0x0000000085d00000| Untracked 
|  30|0x0000000085e00000, 0x0000000085e00000, 0x0000000085f00000|  0%| F|  |TAMS 0x0000000085e00000, 0x0000000085e00000| Untracked 
|  31|0x0000000085f00000, 0x0000000085f00000, 0x0000000086000000|  0%| F|  |TAMS 0x0000000085f00000, 0x0000000085f00000| Untracked 
|  32|0x0000000086000000, 0x0000000086000000, 0x0000000086100000|  0%| F|  |TAMS 0x0000000086000000, 0x0000000086000000| Untracked 
|  33|0x0000000086100000, 0x0000000086100000, 0x0000000086200000|  0%| F|  |TAMS 0x0000000086100000, 0x0000000086100000| Untracked 
|  34|0x0000000086200000, 0x0000000086200000, 0x0000000086300000|  0%| F|  |TAMS 0x0000000086200000, 0x0000000086200000| Untracked 
|  35|0x0000000086300000, 0x0000000086300000, 0x0000000086400000|  0%| F|  |TAMS 0x0000000086300000, 0x0000000086300000| Untracked 
|  36|0x0000000086400000, 0x0000000086400000, 0x0000000086500000|  0%| F|  |TAMS 0x0000000086400000, 0x0000000086400000| Untracked 
|  37|0x0000000086500000, 0x0000000086500000, 0x0000000086600000|  0%| F|  |TAMS 0x0000000086500000, 0x0000000086500000| Untracked 
|  38|0x0000000086600000, 0x0000000086600000, 0x0000000086700000|  0%| F|  |TAMS 0x0000000086600000, 0x0000000086600000| Untracked 
|  39|0x0000000086700000, 0x0000000086700000, 0x0000000086800000|  0%| F|  |TAMS 0x0000000086700000, 0x0000000086700000| Untracked 
|  40|0x0000000086800000, 0x0000000086800000, 0x0000000086900000|  0%| F|  |TAMS 0x0000000086800000, 0x0000000086800000| Untracked 
|  41|0x0000000086900000, 0x0000000086900000, 0x0000000086a00000|  0%| F|  |TAMS 0x0000000086900000, 0x0000000086900000| Untracked 
|  42|0x0000000086a00000, 0x0000000086a00000, 0x0000000086b00000|  0%| F|  |TAMS 0x0000000086a00000, 0x0000000086a00000| Untracked 
|  43|0x0000000086b00000, 0x0000000086b00000, 0x0000000086c00000|  0%| F|  |TAMS 0x0000000086b00000, 0x0000000086b00000| Untracked 
|  44|0x0000000086c00000, 0x0000000086c00000, 0x0000000086d00000|  0%| F|  |TAMS 0x0000000086c00000, 0x0000000086c00000| Untracked 
|  45|0x0000000086d00000, 0x0000000086d00000, 0x0000000086e00000|  0%| F|  |TAMS 0x0000000086d00000, 0x0000000086d00000| Untracked 
|  46|0x0000000086e00000, 0x0000000086e00000, 0x0000000086f00000|  0%| F|  |TAMS 0x0000000086e00000, 0x0000000086e00000| Untracked 
|  47|0x0000000086f00000, 0x0000000086f00000, 0x0000000087000000|  0%| F|  |TAMS 0x0000000086f00000, 0x0000000086f00000| Untracked 
|  48|0x0000000087000000, 0x0000000087000000, 0x0000000087100000|  0%| F|  |TAMS 0x0000000087000000, 0x0000000087000000| Untracked 
|  49|0x0000000087100000, 0x0000000087100000, 0x0000000087200000|  0%| F|  |TAMS 0x0000000087100000, 0x0000000087100000| Untracked 
|  50|0x0000000087200000, 0x0000000087200000, 0x0000000087300000|  0%| F|  |TAMS 0x0000000087200000, 0x0000000087200000| Untracked 
|  51|0x0000000087300000, 0x0000000087300000, 0x0000000087400000|  0%| F|  |TAMS 0x0000000087300000, 0x0000000087300000| Untracked 
|  52|0x0000000087400000, 0x0000000087400000, 0x0000000087500000|  0%| F|  |TAMS 0x0000000087400000, 0x0000000087400000| Untracked 
|  53|0x0000000087500000, 0x0000000087500000, 0x0000000087600000|  0%| F|  |TAMS 0x0000000087500000, 0x0000000087500000| Untracked 
|  54|0x0000000087600000, 0x0000000087600000, 0x0000000087700000|  0%| F|  |TAMS 0x0000000087600000, 0x0000000087600000| Untracked 
|  55|0x0000000087700000, 0x0000000087700000, 0x0000000087800000|  0%| F|  |TAMS 0x0000000087700000, 0x0000000087700000| Untracked 
|  56|0x0000000087800000, 0x0000000087800000, 0x0000000087900000|  0%| F|  |TAMS 0x0000000087800000, 0x0000000087800000| Untracked 
|  57|0x0000000087900000, 0x0000000087900000, 0x0000000087a00000|  0%| F|  |TAMS 0x0000000087900000, 0x0000000087900000| Untracked 
|  58|0x0000000087a00000, 0x0000000087a00000, 0x0000000087b00000|  0%| F|  |TAMS 0x0000000087a00000, 0x0000000087a00000| Untracked 
|  59|0x0000000087b00000, 0x0000000087b00000, 0x0000000087c00000|  0%| F|  |TAMS 0x0000000087b00000, 0x0000000087b00000| Untracked 
|  60|0x0000000087c00000, 0x0000000087c00000, 0x0000000087d00000|  0%| F|  |TAMS 0x0000000087c00000, 0x0000000087c00000| Untracked 
|  61|0x0000000087d00000, 0x0000000087d00000, 0x0000000087e00000|  0%| F|  |TAMS 0x0000000087d00000, 0x0000000087d00000| Untracked 
|  62|0x0000000087e00000, 0x0000000087e00000, 0x0000000087f00000|  0%| F|  |TAMS 0x0000000087e00000, 0x0000000087e00000| Untracked 
|  63|0x0000000087f00000, 0x0000000087f00000, 0x0000000088000000|  0%| F|  |TAMS 0x0000000087f00000, 0x0000000087f00000| Untracked 
|  64|0x0000000088000000, 0x0000000088000000, 0x0000000088100000|  0%| F|  |TAMS 0x0000000088000000, 0x0000000088000000| Untracked 
|  65|0x0000000088100000, 0x0000000088100000, 0x0000000088200000|  0%| F|  |TAMS 0x0000000088100000, 0x0000000088100000| Untracked 
|  66|0x0000000088200000, 0x0000000088200000, 0x0000000088300000|  0%| F|  |TAMS 0x0000000088200000, 0x0000000088200000| Untracked 
|  67|0x0000000088300000, 0x0000000088300000, 0x0000000088400000|  0%| F|  |TAMS 0x0000000088300000, 0x0000000088300000| Untracked 
|  68|0x0000000088400000, 0x0000000088400000, 0x0000000088500000|  0%| F|  |TAMS 0x0000000088400000, 0x0000000088400000| Untracked 
|  69|0x0000000088500000, 0x0000000088500000, 0x0000000088600000|  0%| F|  |TAMS 0x0000000088500000, 0x0000000088500000| Untracked 
|  70|0x0000000088600000, 0x0000000088600000, 0x0000000088700000|  0%| F|  |TAMS 0x0000000088600000, 0x0000000088600000| Untracked 
|  71|0x0000000088700000, 0x0000000088700000, 0x0000000088800000|  0%| F|  |TAMS 0x0000000088700000, 0x0000000088700000| Untracked 
|  72|0x0000000088800000, 0x0000000088800000, 0x0000000088900000|  0%| F|  |TAMS 0x0000000088800000, 0x0000000088800000| Untracked 
|  73|0x0000000088900000, 0x0000000088900000, 0x0000000088a00000|  0%| F|  |TAMS 0x0000000088900000, 0x0000000088900000| Untracked 
|  74|0x0000000088a00000, 0x0000000088a00000, 0x0000000088b00000|  0%| F|  |TAMS 0x0000000088a00000, 0x0000000088a00000| Untracked 
|  75|0x0000000088b00000, 0x0000000088b00000, 0x0000000088c00000|  0%| F|  |TAMS 0x0000000088b00000, 0x0000000088b00000| Untracked 
|  76|0x0000000088c00000, 0x0000000088c00000, 0x0000000088d00000|  0%| F|  |TAMS 0x0000000088c00000, 0x0000000088c00000| Untracked 
|  77|0x0000000088d00000, 0x0000000088d00000, 0x0000000088e00000|  0%| F|  |TAMS 0x0000000088d00000, 0x0000000088d00000| Untracked 
|  78|0x0000000088e00000, 0x0000000088e00000, 0x0000000088f00000|  0%| F|  |TAMS 0x0000000088e00000, 0x0000000088e00000| Untracked 
|  79|0x0000000088f00000, 0x0000000088f00000, 0x0000000089000000|  0%| F|  |TAMS 0x0000000088f00000, 0x0000000088f00000| Untracked 
|  80|0x0000000089000000, 0x0000000089000000, 0x0000000089100000|  0%| F|  |TAMS 0x0000000089000000, 0x0000000089000000| Untracked 
|  81|0x0000000089100000, 0x0000000089100000, 0x0000000089200000|  0%| F|  |TAMS 0x0000000089100000, 0x0000000089100000| Untracked 
|  82|0x0000000089200000, 0x0000000089200000, 0x0000000089300000|  0%| F|  |TAMS 0x0000000089200000, 0x0000000089200000| Untracked 
|  83|0x0000000089300000, 0x0000000089300000, 0x0000000089400000|  0%| F|  |TAMS 0x0000000089300000, 0x0000000089300000| Untracked 
|  84|0x0000000089400000, 0x0000000089400000, 0x0000000089500000|  0%| F|  |TAMS 0x0000000089400000, 0x0000000089400000| Untracked 
|  85|0x0000000089500000, 0x0000000089500000, 0x0000000089600000|  0%| F|  |TAMS 0x0000000089500000, 0x0000000089500000| Untracked 
|  86|0x0000000089600000, 0x0000000089600000, 0x0000000089700000|  0%| F|  |TAMS 0x0000000089600000, 0x0000000089600000| Untracked 
|  87|0x0000000089700000, 0x0000000089700000, 0x0000000089800000|  0%| F|  |TAMS 0x0000000089700000, 0x0000000089700000| Untracked 
|  88|0x0000000089800000, 0x0000000089800000, 0x0000000089900000|  0%| F|  |TAMS 0x0000000089800000, 0x0000000089800000| Untracked 
|  89|0x0000000089900000, 0x0000000089900000, 0x0000000089a00000|  0%| F|  |TAMS 0x0000000089900000, 0x0000000089900000| Untracked 
|  90|0x0000000089a00000, 0x0000000089a00000, 0x0000000089b00000|  0%| F|  |TAMS 0x0000000089a00000, 0x0000000089a00000| Untracked 
|  91|0x0000000089b00000, 0x0000000089b00000, 0x0000000089c00000|  0%| F|  |TAMS 0x0000000089b00000, 0x0000000089b00000| Untracked 
|  92|0x0000000089c00000, 0x0000000089c00000, 0x0000000089d00000|  0%| F|  |TAMS 0x0000000089c00000, 0x0000000089c00000| Untracked 
|  93|0x0000000089d00000, 0x0000000089d00000, 0x0000000089e00000|  0%| F|  |TAMS 0x0000000089d00000, 0x0000000089d00000| Untracked 
|  94|0x0000000089e00000, 0x0000000089e00000, 0x0000000089f00000|  0%| F|  |TAMS 0x0000000089e00000, 0x0000000089e00000| Untracked 
|  95|0x0000000089f00000, 0x0000000089f00000, 0x000000008a000000|  0%| F|  |TAMS 0x0000000089f00000, 0x0000000089f00000| Untracked 
|  96|0x000000008a000000, 0x000000008a000000, 0x000000008a100000|  0%| F|  |TAMS 0x000000008a000000, 0x000000008a000000| Untracked 
|  97|0x000000008a100000, 0x000000008a100000, 0x000000008a200000|  0%| F|  |TAMS 0x000000008a100000, 0x000000008a100000| Untracked 
|  98|0x000000008a200000, 0x000000008a200000, 0x000000008a300000|  0%| F|  |TAMS 0x000000008a200000, 0x000000008a200000| Untracked 
|  99|0x000000008a300000, 0x000000008a300000, 0x000000008a400000|  0%| F|  |TAMS 0x000000008a300000, 0x000000008a300000| Untracked 
| 100|0x000000008a400000, 0x000000008a400000, 0x000000008a500000|  0%| F|  |TAMS 0x000000008a400000, 0x000000008a400000| Untracked 
| 101|0x000000008a500000, 0x000000008a500000, 0x000000008a600000|  0%| F|  |TAMS 0x000000008a500000, 0x000000008a500000| Untracked 
| 102|0x000000008a600000, 0x000000008a600000, 0x000000008a700000|  0%| F|  |TAMS 0x000000008a600000, 0x000000008a600000| Untracked 
| 103|0x000000008a700000, 0x000000008a700000, 0x000000008a800000|  0%| F|  |TAMS 0x000000008a700000, 0x000000008a700000| Untracked 
| 104|0x000000008a800000, 0x000000008a800000, 0x000000008a900000|  0%| F|  |TAMS 0x000000008a800000, 0x000000008a800000| Untracked 
| 105|0x000000008a900000, 0x000000008a900000, 0x000000008aa00000|  0%| F|  |TAMS 0x000000008a900000, 0x000000008a900000| Untracked 
| 106|0x000000008aa00000, 0x000000008aa00000, 0x000000008ab00000|  0%| F|  |TAMS 0x000000008aa00000, 0x000000008aa00000| Untracked 
| 107|0x000000008ab00000, 0x000000008ab00000, 0x000000008ac00000|  0%| F|  |TAMS 0x000000008ab00000, 0x000000008ab00000| Untracked 
| 108|0x000000008ac00000, 0x000000008ac00000, 0x000000008ad00000|  0%| F|  |TAMS 0x000000008ac00000, 0x000000008ac00000| Untracked 
| 109|0x000000008ad00000, 0x000000008ae00000, 0x000000008ae00000|100%| S|CS|TAMS 0x000000008ad00000, 0x000000008ad00000| Complete 
| 110|0x000000008ae00000, 0x000000008af00000, 0x000000008af00000|100%| S|CS|TAMS 0x000000008ae00000, 0x000000008ae00000| Complete 
| 111|0x000000008af00000, 0x000000008af00000, 0x000000008b000000|  0%| F|  |TAMS 0x000000008af00000, 0x000000008af00000| Untracked 
| 112|0x000000008b000000, 0x000000008b000000, 0x000000008b100000|  0%| F|  |TAMS 0x000000008b000000, 0x000000008b000000| Untracked 
| 113|0x000000008b100000, 0x000000008b100000, 0x000000008b200000|  0%| F|  |TAMS 0x000000008b100000, 0x000000008b100000| Untracked 
| 114|0x000000008b200000, 0x000000008b200000, 0x000000008b300000|  0%| F|  |TAMS 0x000000008b200000, 0x000000008b200000| Untracked 
| 115|0x000000008b300000, 0x000000008b300000, 0x000000008b400000|  0%| F|  |TAMS 0x000000008b300000, 0x000000008b300000| Untracked 
| 116|0x000000008b400000, 0x000000008b400000, 0x000000008b500000|  0%| F|  |TAMS 0x000000008b400000, 0x000000008b400000| Untracked 
| 117|0x000000008b500000, 0x000000008b500000, 0x000000008b600000|  0%| F|  |TAMS 0x000000008b500000, 0x000000008b500000| Untracked 
| 118|0x000000008b600000, 0x000000008b600000, 0x000000008b700000|  0%| F|  |TAMS 0x000000008b600000, 0x000000008b600000| Untracked 
| 119|0x000000008b700000, 0x000000008b800000, 0x000000008b800000|100%| E|  |TAMS 0x000000008b700000, 0x000000008b700000| Complete 
| 120|0x000000008b800000, 0x000000008b900000, 0x000000008b900000|100%| E|CS|TAMS 0x000000008b800000, 0x000000008b800000| Complete 
| 121|0x000000008b900000, 0x000000008ba00000, 0x000000008ba00000|100%| E|CS|TAMS 0x000000008b900000, 0x000000008b900000| Complete 
| 122|0x000000008ba00000, 0x000000008bb00000, 0x000000008bb00000|100%| E|CS|TAMS 0x000000008ba00000, 0x000000008ba00000| Complete 
| 123|0x000000008bb00000, 0x000000008bc00000, 0x000000008bc00000|100%| E|CS|TAMS 0x000000008bb00000, 0x000000008bb00000| Complete 

Card table byte_map: [0x0000029169a80000,0x0000029169e60000] _byte_map_base: 0x0000029169660000

Marking Bits (Prev, Next): (CMBitMap*) 0x000002915d1a1970, (CMBitMap*) 0x000002915d1a19b0
 Prev Bits: [0x000002916a240000, 0x000002916c140000)
 Next Bits: [0x000002916c140000, 0x000002916e040000)

Polling page: 0x000002915d210000

Metaspace:

Usage:
  Non-class:      7.85 MB used.
      Class:      1.07 MB used.
       Both:      8.93 MB used.

Virtual space:
  Non-class space:       64.00 MB reserved,       7.94 MB ( 12%) committed,  1 nodes.
      Class space:        1.00 GB reserved,       1.12 MB ( <1%) committed,  1 nodes.
             Both:        1.06 GB reserved,       9.06 MB ( <1%) committed. 

Chunk freelists:
   Non-Class:  8.04 MB
       Class:  14.75 MB
        Both:  22.79 MB

MaxMetaspaceSize: unlimited
CompressedClassSpaceSize: 1.00 GB
Initial GC threshold: 21.00 MB
Current GC threshold: 21.00 MB
CDS: on
MetaspaceReclaimPolicy: balanced
 - commit_granule_bytes: 65536.
 - commit_granule_words: 8192.
 - virtual_space_node_default_size: 8388608.
 - enlarge_chunks_in_place: 1.
 - new_chunks_are_fully_committed: 0.
 - uncommit_free_chunks: 1.
 - use_allocation_guard: 0.
 - handle_deallocations: 1.


Internal statistics:

num_allocs_failed_limit: 0.
num_arena_births: 126.
num_arena_deaths: 0.
num_vsnodes_births: 2.
num_vsnodes_deaths: 0.
num_space_committed: 145.
num_space_uncommitted: 0.
num_chunks_returned_to_freelist: 0.
num_chunks_taken_from_freelist: 231.
num_chunk_merges: 0.
num_chunk_splits: 153.
num_chunks_enlarged: 103.
num_inconsistent_stats: 0.

CodeCache: size=49152Kb used=4221Kb max_used=4221Kb free=44930Kb
 bounds [0x00000291661f0000, 0x0000029166610000, 0x00000291691f0000]
 total_blobs=1740 nmethods=1266 adapters=400
 compilation: enabled
              stopped_count=0, restarted_count=0
 full_count=0

Compilation events (20 events):
Event: 0.991 Thread 0x0000029170620d00 1263       1       com.sun.org.apache.xerces.internal.impl.xs.opti.SchemaDOM::processElement (294 bytes)
Event: 0.991 Thread 0x0000029170620d00 nmethod 1263 0x0000029166604210 code [0x00000291666044a0, 0x00000291666051e8]
Event: 0.991 Thread 0x0000029170620d00 1259       1       com.sun.org.apache.xerces.internal.util.AugmentationsImpl$SmallContainer::clear (41 bytes)
Event: 0.992 Thread 0x0000029170620d00 nmethod 1259 0x0000029166605990 code [0x0000029166605b20, 0x0000029166605cb8]
Event: 0.992 Thread 0x0000029170620d00 1260       1       com.sun.org.apache.xerces.internal.util.XMLAttributesImpl::setValue (27 bytes)
Event: 0.992 Thread 0x0000029170620d00 nmethod 1260 0x0000029166605d90 code [0x0000029166605f40, 0x0000029166606158]
Event: 0.992 Thread 0x0000029170620d00 1261       1       com.sun.org.apache.xerces.internal.util.XMLAttributesImpl::setSpecified (11 bytes)
Event: 0.992 Thread 0x00000291706cdb40 nmethod 1254 0x0000029166606290 code [0x0000029166606720, 0x0000029166608d38]
Event: 0.992 Thread 0x00000291706cdb40 1264       1       com.sun.org.apache.xerces.internal.impl.XMLEntityScanner::getLineNumber (19 bytes)
Event: 0.992 Thread 0x0000029170620d00 nmethod 1261 0x000002916660a090 code [0x000002916660a220, 0x000002916660a318]
Event: 0.992 Thread 0x0000029170620d00 1265       1       com.sun.org.apache.xerces.internal.impl.XMLEntityScanner::getColumnNumber (19 bytes)
Event: 0.992 Thread 0x00000291706cdb40 nmethod 1264 0x000002916660a410 code [0x000002916660a5a0, 0x000002916660a6b8]
Event: 0.992 Thread 0x00000291706cdb40 1266       1       com.sun.org.apache.xerces.internal.impl.XMLEntityScanner::getCharacterOffset (27 bytes)
Event: 0.992 Thread 0x0000029170620d00 nmethod 1265 0x000002916660a790 code [0x000002916660a920, 0x000002916660aa38]
Event: 0.992 Thread 0x0000029170620d00 1262       1       com.sun.org.apache.xerces.internal.util.XMLAttributesImpl::getPrefix (38 bytes)
Event: 0.992 Thread 0x00000291706cdb40 nmethod 1266 0x000002916660ab10 code [0x000002916660aca0, 0x000002916660ad98]
Event: 0.992 Thread 0x00000291706cdb40 1258       1       com.sun.org.apache.xerces.internal.util.AugmentationsImpl::removeAllItems (8 bytes)
Event: 0.992 Thread 0x00000291706cdb40 nmethod 1258 0x000002916660ae10 code [0x000002916660afa0, 0x000002916660b088]
Event: 0.992 Thread 0x0000029170620d00 nmethod 1262 0x000002916660b190 code [0x000002916660b340, 0x000002916660b498]
Event: 0.993 Thread 0x000002917064f870 nmethod 1256 0x000002916660b590 code [0x000002916660baa0, 0x000002916660ddd8]

GC Heap History (2 events):
Event: 0.746 GC heap before
{Heap before GC invocations=0 (full 0):
 garbage-first heap   total 126976K, used 12288K [0x0000000084000000, 0x0000000100000000)
  region size 1024K, 13 young (13312K), 0 survivors (0K)
 Metaspace       used 5852K, committed 6016K, reserved 1114112K
  class space    used 732K, committed 832K, reserved 1048576K
}
Event: 0.752 GC heap after
{Heap after GC invocations=1 (full 0):
 garbage-first heap   total 126976K, used 4325K [0x0000000084000000, 0x0000000100000000)
  region size 1024K, 2 young (2048K), 2 survivors (2048K)
 Metaspace       used 5852K, committed 6016K, reserved 1114112K
  class space    used 732K, committed 832K, reserved 1048576K
}

Deoptimization events (0 events):
No events

Classes unloaded (0 events):
No events

Classes redefined (0 events):
No events

Internal exceptions (17 events):
Event: 0.216 Thread 0x0000029170a5f0a0 Exception <a 'java/lang/NoSuchMethodError'{0x000000008b78a538}: 'java.lang.Object java.lang.invoke.DirectMethodHandle$Holder.invokeStaticInit(java.lang.Object)'> (0x000000008b78a538) 
thrown [s\open\src\hotspot\share\interpreter\linkResolver.cpp, line 759]
Event: 0.225 Thread 0x0000029170a5f0a0 Exception <a 'java/lang/NoSuchMethodError'{0x000000008b798130}: 'void java.lang.invoke.DirectMethodHandle$Holder.invokeStatic(java.lang.Object, java.lang.Object)'> (0x000000008b798130) 
thrown [s\open\src\hotspot\share\interpreter\linkResolver.cpp, line 759]
Event: 0.255 Thread 0x000002915d146d90 Exception <a 'java/lang/NoSuchMethodError'{0x000000008b779a18}: 'int java.lang.invoke.DirectMethodHandle$Holder.invokeInterface(java.lang.Object, java.lang.Object)'> (0x000000008b779a18) 
thrown [s\open\src\hotspot\share\interpreter\linkResolver.cpp, line 759]
Event: 0.256 Thread 0x000002915d146d90 Exception <a 'java/lang/IncompatibleClassChangeError'{0x000000008b77d018}: Found class java.lang.Object, but interface was expected> (0x000000008b77d018) 
thrown [s\open\src\hotspot\share\interpreter\linkResolver.cpp, line 826]
Event: 0.335 Thread 0x000002915d146d90 Exception <a 'java/lang/NoSuchMethodError'{0x000000008b68b1a0}: 'int java.lang.invoke.DirectMethodHandle$Holder.invokeSpecial(java.lang.Object, java.lang.Object, java.lang.Object)'> (0x000000008b68b1a0) 
thrown [s\open\src\hotspot\share\interpreter\linkResolver.cpp, line 759]
Event: 0.402 Thread 0x000002915d146d90 Exception <a 'java/lang/NoSuchMethodError'{0x000000008b585418}: 'void java.lang.invoke.DirectMethodHandle$Holder.invokeStatic(java.lang.Object, java.lang.Object, java.lang.Object)'> (0x000000008b585418) 
thrown [s\open\src\hotspot\share\interpreter\linkResolver.cpp, line 759]
Event: 0.420 Thread 0x000002915d146d90 Exception <a 'java/lang/NoSuchMethodError'{0x000000008b5c2088}: 'int java.lang.invoke.DirectMethodHandle$Holder.invokeSpecialIFC(java.lang.Object, java.lang.Object, java.lang.Object)'> (0x000000008b5c2088) 
thrown [s\open\src\hotspot\share\interpreter\linkResolver.cpp, line 759]
Event: 0.456 Thread 0x000002915d146d90 Exception <a 'java/lang/NoSuchMethodError'{0x000000008b4387f0}: 'java.lang.Object java.lang.invoke.DirectMethodHandle$Holder.invokeStaticInit(java.lang.Object, int, int, int, int)'> (0x000000008b4387f0) 
thrown [s\open\src\hotspot\share\interpreter\linkResolver.cpp, line 759]
Event: 0.509 Thread 0x000002915d146d90 Exception <a 'java/lang/NoSuchMethodError'{0x000000008b302470}: 'java.lang.Object java.lang.invoke.DirectMethodHandle$Holder.invokeStaticInit(java.lang.Object, java.lang.Object, int, int, int, int)'> (0x000000008b302470) 
thrown [s\open\src\hotspot\share\interpreter\linkResolver.cpp, line 759]
Event: 0.526 Thread 0x000002915d146d90 Exception <a 'java/lang/ClassNotFoundException'{0x000000008b320638}: javax/management/remote/rmi/RMIServerImpl_Skel> (0x000000008b320638) 
thrown [s\open\src\hotspot\share\classfile\systemDictionary.cpp, line 256]
Event: 0.654 Thread 0x000002915d146d90 Exception <a 'java/lang/ClassNotFoundException'{0x000000008b1ace50}: javax/smartcardio/CardPermission> (0x000000008b1ace50) 
thrown [s\open\src\hotspot\share\classfile\systemDictionary.cpp, line 256]
Event: 0.657 Thread 0x000002915d146d90 Exception <a 'java/io/FileNotFoundException'{0x000000008b1bb3a8}> (0x000000008b1bb3a8) 
thrown [s\open\src\hotspot\share\prims\jni.cpp, line 516]
Event: 0.679 Thread 0x000002915d146d90 Exception <a 'java/lang/NoSuchMethodError'{0x000000008b01af60}: 'java.lang.Object java.lang.invoke.DirectMethodHandle$Holder.invokeSpecial(java.lang.Object, java.lang.Object, java.lang.Object, long, java.lang.Object)'> (0x000000008b01af60) 
thrown [s\open\src\hotspot\share\interpreter\linkResolver.cpp, line 759]
Event: 0.679 Thread 0x000002915d146d90 Exception <a 'java/lang/NoSuchMethodError'{0x000000008b01eb30}: 'java.lang.Object java.lang.invoke.Invokers$Holder.linkToTargetMethod(java.lang.Object, long, java.lang.Object, java.lang.Object)'> (0x000000008b01eb30) 
thrown [s\open\src\hotspot\share\interpreter\linkResolver.cpp, line 759]
Event: 0.730 Thread 0x000002915d146d90 Exception <a 'java/lang/NoSuchMethodError'{0x000000008af843f8}: 'int java.lang.invoke.DirectMethodHandle$Holder.invokeStaticInit(java.lang.Object, java.lang.Object)'> (0x000000008af843f8) 
thrown [s\open\src\hotspot\share\interpreter\linkResolver.cpp, line 759]
Event: 0.774 Thread 0x000002915d146d90 Exception <a 'java/lang/NoSuchMethodError'{0x000000008bbb4f18}: 'java.lang.Object java.lang.invoke.DirectMethodHandle$Holder.invokeVirtual(java.lang.Object, java.lang.Object, java.lang.Object)'> (0x000000008bbb4f18) 
thrown [s\open\src\hotspot\share\interpreter\linkResolver.cpp, line 759]
Event: 0.923 Thread 0x000002915d146d90 Exception <a 'java/lang/ClassNotFoundException'{0x000000008b8bf340}: com/sun/org/apache/xerces/internal/impl/xpath/regex/spi/messageProvider> (0x000000008b8bf340) 
thrown [s\open\src\hotspot\share\classfile\systemDictionary.cpp, line 256]

VM Operations (14 events):
Event: 0.115 Executing VM operation: HandshakeAllThreads
Event: 0.115 Executing VM operation: HandshakeAllThreads done
Event: 0.215 Executing VM operation: HandshakeAllThreads
Event: 0.215 Executing VM operation: HandshakeAllThreads done
Event: 0.441 Executing VM operation: HandshakeAllThreads
Event: 0.441 Executing VM operation: HandshakeAllThreads done
Event: 0.525 Executing VM operation: HandshakeAllThreads
Event: 0.525 Executing VM operation: HandshakeAllThreads done
Event: 0.617 Executing VM operation: HandshakeAllThreads
Event: 0.617 Executing VM operation: HandshakeAllThreads done
Event: 0.746 Executing VM operation: G1CollectForAllocation
Event: 0.752 Executing VM operation: G1CollectForAllocation done
Event: 0.770 Executing VM operation: HandshakeAllThreads
Event: 0.770 Executing VM operation: HandshakeAllThreads done

Events (20 events):
Event: 0.994 loading class com/sun/org/apache/xerces/internal/impl/xs/traversers/OneAttr
Event: 0.994 loading class com/sun/org/apache/xerces/internal/impl/xs/traversers/OneAttr done
Event: 0.995 loading class com/sun/org/apache/xerces/internal/impl/xs/traversers/Container
Event: 0.995 loading class com/sun/org/apache/xerces/internal/impl/xs/traversers/Container done
Event: 0.995 loading class com/sun/org/apache/xerces/internal/impl/xs/traversers/SmallContainer
Event: 0.995 loading class com/sun/org/apache/xerces/internal/impl/xs/traversers/SmallContainer done
Event: 0.995 loading class com/sun/org/apache/xerces/internal/impl/xs/traversers/LargeContainer
Event: 0.995 loading class com/sun/org/apache/xerces/internal/impl/xs/traversers/LargeContainer done
Event: 0.995 loading class com/sun/org/apache/xerces/internal/impl/xs/traversers/XSDAttributeGroupTraverser
Event: 0.996 loading class com/sun/org/apache/xerces/internal/impl/xs/traversers/XSDAbstractTraverser
Event: 0.996 loading class sun/nio/cs/ISO_8859_1$Encoder
Event: 0.996 loading class sun/nio/cs/ISO_8859_1$Encoder done
Event: 0.996 loading class sun/nio/cs/Surrogate$Parser
Event: 0.996 loading class com/sun/org/apache/xerces/internal/impl/xs/traversers/XSDAbstractTraverser done
Event: 0.996 loading class com/sun/org/apache/xerces/internal/impl/xs/traversers/XSDAttributeGroupTraverser done
Event: 0.996 loading class com/sun/org/apache/xerces/internal/impl/xs/traversers/XSDAttributeTraverser
Event: 0.996 loading class sun/nio/cs/Surrogate$Parser done
Event: 0.996 loading class sun/nio/cs/Surrogate
Event: 0.996 loading class sun/nio/cs/Surrogate done
Event: 0.997 loading class com/sun/org/apache/xerces/internal/impl/xs/traversers/XSDAttributeTraverser done


Dynamic libraries:
0x00007ff6e1680000 - 0x00007ff6e1690000 	C:\Program Files\Java\jdk-17\bin\java.exe
0x00007ff924b50000 - 0x00007ff924d67000 	C:\WINDOWS\SYSTEM32\ntdll.dll
0x00007ff923970000 - 0x00007ff923a34000 	C:\WINDOWS\System32\KERNEL32.DLL
0x00007ff922340000 - 0x00007ff9226ed000 	C:\WINDOWS\System32\KERNELBASE.dll
0x00007ff921e70000 - 0x00007ff921f81000 	C:\WINDOWS\System32\ucrtbase.dll
0x00007ff8fe7d0000 - 0x00007ff8fe7e9000 	C:\Program Files\Java\jdk-17\bin\jli.dll
0x00007ff922880000 - 0x00007ff922932000 	C:\WINDOWS\System32\ADVAPI32.dll
0x00007ff9245e0000 - 0x00007ff924687000 	C:\WINDOWS\System32\msvcrt.dll
0x00007ff9236d0000 - 0x00007ff923779000 	C:\WINDOWS\System32\sechost.dll
0x00007ff9226f0000 - 0x00007ff922718000 	C:\WINDOWS\System32\bcrypt.dll
0x00007ff924140000 - 0x00007ff924254000 	C:\WINDOWS\System32\RPCRT4.dll
0x00007ff9234e0000 - 0x00007ff92368e000 	C:\WINDOWS\System32\USER32.dll
0x00007ff922130000 - 0x00007ff922156000 	C:\WINDOWS\System32\win32u.dll
0x00007ff9229f0000 - 0x00007ff922a19000 	C:\WINDOWS\System32\GDI32.dll
0x00007ff922010000 - 0x00007ff922129000 	C:\WINDOWS\System32\gdi32full.dll
0x00007ff922720000 - 0x00007ff9227ba000 	C:\WINDOWS\System32\msvcp_win.dll
0x00007ff909840000 - 0x00007ff909ad3000 	C:\WINDOWS\WinSxS\amd64_microsoft.windows.common-controls_6595b64144ccf1df_6.0.22621.3672_none_2713b9d173822955\COMCTL32.dll
0x00007ff8fe540000 - 0x00007ff8fe55b000 	C:\Program Files\Java\jdk-17\bin\VCRUNTIME140.dll
0x00007ff9188b0000 - 0x00007ff9188ba000 	C:\WINDOWS\SYSTEM32\VERSION.dll
0x00007ff923690000 - 0x00007ff9236c1000 	C:\WINDOWS\System32\IMM32.DLL
0x00007ff91db10000 - 0x00007ff91db1c000 	C:\Program Files\Java\jdk-17\bin\vcruntime140_1.dll
0x00007ff8f6ac0000 - 0x00007ff8f6b4e000 	C:\Program Files\Java\jdk-17\bin\msvcp140.dll
0x00007ff8dc6b0000 - 0x00007ff8dd290000 	C:\Program Files\Java\jdk-17\bin\server\jvm.dll
0x00007ff9244d0000 - 0x00007ff9244d8000 	C:\WINDOWS\System32\PSAPI.DLL
0x00007ff91b800000 - 0x00007ff91b809000 	C:\WINDOWS\SYSTEM32\WSOCK32.dll
0x00007ff923e70000 - 0x00007ff923ee1000 	C:\WINDOWS\System32\WS2_32.dll
0x00007ff9022a0000 - 0x00007ff9022d4000 	C:\WINDOWS\SYSTEM32\WINMM.dll
0x00007ff920ea0000 - 0x00007ff920eb8000 	C:\WINDOWS\SYSTEM32\kernel.appcore.dll
0x00007ff910a40000 - 0x00007ff910a4a000 	C:\Program Files\Java\jdk-17\bin\jimage.dll
0x00007ff91fa20000 - 0x00007ff91fc52000 	C:\WINDOWS\SYSTEM32\DBGHELP.DLL
0x00007ff923a40000 - 0x00007ff923dcd000 	C:\WINDOWS\System32\combase.dll
0x00007ff923f00000 - 0x00007ff923fd7000 	C:\WINDOWS\System32\OLEAUT32.dll
0x00007ff901ba0000 - 0x00007ff901bd2000 	C:\WINDOWS\SYSTEM32\dbgcore.DLL
0x00007ff921f90000 - 0x00007ff92200b000 	C:\WINDOWS\System32\bcryptPrimitives.dll
0x00007ff90b7d0000 - 0x00007ff90b7de000 	C:\Program Files\Java\jdk-17\bin\instrument.dll
0x00007ff8f8140000 - 0x00007ff8f8165000 	C:\Program Files\Java\jdk-17\bin\java.dll
0x00007ff8e33b0000 - 0x00007ff8e3487000 	C:\Program Files\Java\jdk-17\bin\jsvml.dll
0x00007ff922be0000 - 0x00007ff923448000 	C:\WINDOWS\System32\SHELL32.dll
0x00007ff91fdc0000 - 0x00007ff9206be000 	C:\WINDOWS\SYSTEM32\windows.storage.dll
0x00007ff91fc80000 - 0x00007ff91fdbf000 	C:\WINDOWS\SYSTEM32\wintypes.dll
0x00007ff9244e0000 - 0x00007ff9245d9000 	C:\WINDOWS\System32\SHCORE.dll
0x00007ff922b20000 - 0x00007ff922b7e000 	C:\WINDOWS\System32\shlwapi.dll
0x00007ff921da0000 - 0x00007ff921dc1000 	C:\WINDOWS\SYSTEM32\profapi.dll
0x00007ff8f9020000 - 0x00007ff8f9038000 	C:\Program Files\Java\jdk-17\bin\zip.dll
0x00007ff8f20d0000 - 0x00007ff8f20e9000 	C:\Program Files\Java\jdk-17\bin\net.dll
0x00007ff91d920000 - 0x00007ff91da56000 	C:\WINDOWS\SYSTEM32\WINHTTP.dll
0x00007ff921310000 - 0x00007ff921379000 	C:\WINDOWS\system32\mswsock.dll
0x00007ff8f39c0000 - 0x00007ff8f39d6000 	C:\Program Files\Java\jdk-17\bin\nio.dll
0x00007ff8f20b0000 - 0x00007ff8f20ca000 	C:\Program Files\JetBrains\IntelliJ IDEA 2024.1.2\bin\breakgen64.dll
0x00007ff920990000 - 0x00007ff920a88000 	C:\WINDOWS\SYSTEM32\DNSAPI.dll
0x00007ff920960000 - 0x00007ff92098d000 	C:\WINDOWS\SYSTEM32\IPHLPAPI.DLL
0x00007ff923ef0000 - 0x00007ff923ef9000 	C:\WINDOWS\System32\NSI.dll
0x00007ff91db60000 - 0x00007ff91db6a000 	C:\Windows\System32\rasadhlp.dll
0x00007ff91b020000 - 0x00007ff91b0a3000 	C:\WINDOWS\System32\fwpuclnt.dll
0x00007ff90adf0000 - 0x00007ff90adfa000 	C:\Program Files\Java\jdk-17\bin\management.dll
0x00007ff90b630000 - 0x00007ff90b63b000 	C:\Program Files\Java\jdk-17\bin\management_ext.dll
0x00007ff921570000 - 0x00007ff92158b000 	C:\WINDOWS\SYSTEM32\CRYPTSP.dll
0x00007ff920e00000 - 0x00007ff920e35000 	C:\WINDOWS\system32\rsaenh.dll
0x00007ff921410000 - 0x00007ff921438000 	C:\WINDOWS\SYSTEM32\USERENV.dll
0x00007ff921590000 - 0x00007ff92159c000 	C:\WINDOWS\SYSTEM32\CRYPTBASE.dll
0x00007ff91d750000 - 0x00007ff91d769000 	C:\WINDOWS\SYSTEM32\dhcpcsvc6.DLL
0x00007ff91d1d0000 - 0x00007ff91d1ef000 	C:\WINDOWS\SYSTEM32\dhcpcsvc.DLL
0x00007ff8aca20000 - 0x00007ff8aca37000 	C:\WINDOWS\system32\napinsp.dll
0x00007ff8aca00000 - 0x00007ff8aca1b000 	C:\WINDOWS\system32\pnrpnsp.dll
0x00007ff8ac9e0000 - 0x00007ff8ac9f1000 	C:\WINDOWS\System32\winrnr.dll
0x00007ff91ab70000 - 0x00007ff91ab85000 	C:\WINDOWS\system32\wshbth.dll
0x00007ff8f1ff0000 - 0x00007ff8f2017000 	C:\WINDOWS\system32\nlansp_c.dll

dbghelp: loaded successfully - version: 4.0.5 - missing functions: none
symbol engine: initialized successfully - sym options: 0x614 - pdb path: .;C:\Program Files\Java\jdk-17\bin;C:\WINDOWS\SYSTEM32;C:\WINDOWS\WinSxS\amd64_microsoft.windows.common-controls_6595b64144ccf1df_6.0.22621.3672_none_2713b9d173822955;C:\Program Files\Java\jdk-17\bin\server;C:\Program Files\JetBrains\IntelliJ IDEA 2024.1.2\bin

VM Arguments:
jvm_args: -XX:TieredStopAtLevel=1 -Dspring.output.ansi.enabled=always -Dcom.sun.management.jmxremote -Dspring.jmx.enabled=true -Dspring.liveBeansView.mbeanDomain -Dspring.application.admin.enabled=true -Dmanagement.endpoints.jmx.exposure.include=* -javaagent:C:\Program Files\JetBrains\IntelliJ IDEA 2024.1.2\lib\idea_rt.jar=50328:C:\Program Files\JetBrains\IntelliJ IDEA 2024.1.2\bin -Dfile.encoding=UTF-8 
java_command: com.example.springxml.SpringxmlApplication
java_class_path (initial): I:\Backend development\springxml\target\classes;C:\Users\hussa\.m2\repository\org\springframework\boot\spring-boot-starter-web\3.3.2\spring-boot-starter-web-3.3.2.jar;C:\Users\hussa\.m2\repository\org\springframework\boot\spring-boot-starter\3.3.2\spring-boot-starter-3.3.2.jar;C:\Users\hussa\.m2\repository\org\springframework\boot\spring-boot\3.3.2\spring-boot-3.3.2.jar;C:\Users\hussa\.m2\repository\org\springframework\boot\spring-boot-autoconfigure\3.3.2\spring-boot-autoconfigure-3.3.2.jar;C:\Users\hussa\.m2\repository\org\springframework\boot\spring-boot-starter-logging\3.3.2\spring-boot-starter-logging-3.3.2.jar;C:\Users\hussa\.m2\repository\ch\qos\logback\logback-classic\1.5.6\logback-classic-1.5.6.jar;C:\Users\hussa\.m2\repository\ch\qos\logback\logback-core\1.5.6\logback-core-1.5.6.jar;C:\Users\hussa\.m2\repository\org\apache\logging\log4j\log4j-to-slf4j\2.23.1\log4j-to-slf4j-2.23.1.jar;C:\Users\hussa\.m2\repository\org\apache\logging\log4j\log4j-api\2.23.1\log4j-api-2.23.1.jar;C:\Users\hussa\.m2\repository\org\slf4j\jul-to-slf4j\2.0.13\jul-to-slf4j-2.0.13.jar;C:\Users\hussa\.m2\repository\jakarta\annotation\jakarta.annotation-api\2.1.1\jakarta.annotation-api-2.1.1.jar;C:\Users\hussa\.m2\repository\org\yaml\snakeyaml\2.2\snakeyaml-2.2.jar;C:\Users\hussa\.m2\repository\org\springframework\boot\spring-boot-starter-json\3.3.2\spring-boot-starter-json-3.3.2.jar;C:\Users\hussa\.m2\repository\com\fasterxml\jackson\core\jackson-databind\2.17.2\jackson-databind-2.17.2.jar;C:\Users\hussa\.m2\repository\com\fasterxml\jackson\core\jackson-annotations\2.17.2\jackson-annotations-2.17.2.jar;C:\Users\hussa\.m2\repository\com\fasterxml\jackson\core\jackson-core\2.17.2\jackson-core-2.17.2.jar;C:\Users\hussa\.m2\repository\com\fasterxml\jackson\datatype\jackson-datatype-jdk8\2.17.2\jackson-datatype-jdk8-2.17.2.jar;C:\Users\hussa\.m2\repository\com\fasterxml\jackson\datatype\jackson-datatype-jsr310\2.17.2\jackson-datatype-jsr310-2.17.2.jar;C:\Users\h
Launcher Type: SUN_STANDARD

[Global flags]
     intx CICompilerCount                          = 3                                         {product} {ergonomic}
     uint ConcGCThreads                            = 1                                         {product} {ergonomic}
     uint G1ConcRefinementThreads                  = 4                                         {product} {ergonomic}
   size_t G1HeapRegionSize                         = 1048576                                   {product} {ergonomic}
    uintx GCDrainStackTargetSize                   = 64                                        {product} {ergonomic}
   size_t InitialHeapSize                          = 130023424                                 {product} {ergonomic}
     bool ManagementServer                         = true                                      {product} {command line}
   size_t MarkStackSize                            = 4194304                                   {product} {ergonomic}
   size_t MaxHeapSize                              = 2080374784                                {product} {ergonomic}
   size_t MaxNewSize                               = 1247805440                                {product} {ergonomic}
   size_t MinHeapDeltaBytes                        = 1048576                                   {product} {ergonomic}
   size_t MinHeapSize                              = 8388608                                   {product} {ergonomic}
    uintx NonProfiledCodeHeapSize                  = 0                                      {pd product} {ergonomic}
     bool ProfileInterpreter                       = false                                  {pd product} {command line}
    uintx ProfiledCodeHeapSize                     = 0                                      {pd product} {ergonomic}
   size_t SoftMaxHeapSize                          = 2080374784                             {manageable} {ergonomic}
     intx TieredStopAtLevel                        = 1                                         {product} {command line}
     bool UseCompressedClassPointers               = true                           {product lp64_product} {ergonomic}
     bool UseCompressedOops                        = true                           {product lp64_product} {ergonomic}
     bool UseG1GC                                  = true                                      {product} {ergonomic}
     bool UseLargePagesIndividualAllocation        = false                                  {pd product} {ergonomic}

Logging:
Log output configuration:
 #0: stdout all=warning uptime,level,tags
 #1: stderr all=off uptime,level,tags

Environment Variables:
PATH=C:\Program Files\Java\jdk-17\bin;C:\WINDOWS\system32;C:\WINDOWS;C:\WINDOWS\System32\Wbem;C:\WINDOWS\System32\WindowsPowerShell\v1.0\;C:\WINDOWS\System32\OpenSSH\;C:\Program Files\Crucial\Crucial Storage Executive;C:\Program Files\Git\cmd;C:\Program Files\nodejs\;C:\Program Files\Java\jdk-17\bin;C:\Users\hussa\AppData\Local\Microsoft\WindowsApps;C:\Users\hussa\AppData\Local\Programs\Microsoft VS Code\bin;C:\Users\hussa\AppData\Roaming\npm;C:\Program Files\JetBrains\IntelliJ IDEA 2024.1.2\bin;;C:\Users\hussa\AppData\Local\Programs\mongosh\
USERNAME=hussa
OS=Windows_NT
PROCESSOR_IDENTIFIER=Intel64 Family 6 Model 126 Stepping 5, GenuineIntel



---------------  S Y S T E M  ---------------

OS:
 Windows 11 , 64 bit Build 22621 (10.0.22621.3958)
OS uptime: 0 days 11:30 hours

CPU: total 4 (initial active 4) (2 cores per cpu, 2 threads per core) family 6 model 126 stepping 5 microcode 0x86, cx8, cmov, fxsr, ht, mmx, 3dnowpref, sse, sse2, sse3, ssse3, sse4.1, sse4.2, popcnt, lzcnt, tsc, tscinvbit, avx, avx2, aes, erms, clmul, bmi1, bmi2, adx, avx512f, avx512dq, avx512cd, avx512bw, avx512vl, sha, fma, vzeroupper, avx512_vpopcntdq, avx512_vpclmulqdq, avx512_vaes, avx512_vnni, clflush, clflushopt, avx512_vbmi2, avx512_vbmi

Memory: 4k page, system-wide physical 7934M (455M free)
TotalPageFile size 9982M (AvailPageFile size 2M)
current process WorkingSet (physical memory assigned to process): 69M, peak: 69M
current process commit charge ("private bytes"): 210M, peak: 210M

vm_info: Java HotSpot(TM) 64-Bit Server VM (17.0.11+7-LTS-207) for windows-amd64 JRE (17.0.11+7-LTS-207), built on Mar 11 2024 19:01:50 by "mach5one" with MS VC++ 17.6 (VS2022)

END.
