#
# There is insufficient memory for the Java Runtime Environment to continue.
# Native memory allocation (mmap) failed to map 65536 bytes for Failed to commit metaspace.
# Possible reasons:
#   The system is out of physical RAM or swap space
#   The process is running with CompressedOops enabled, and the Java Heap may be blocking the growth of the native heap
# Possible solutions:
#   Reduce memory load on the system
#   Increase physical memory or swap space
#   Check if swap backing store is full
#   Decrease Java heap size (-Xmx/-Xms)
#   Decrease number of Java threads
#   Decrease Java thread stack sizes (-Xss)
#   Set larger code cache with -XX:ReservedCodeCacheSize=
#   JVM is running with Unscaled Compressed Oops mode in which the Java heap is
#     placed in the first 4GB address space. The Java Heap base address is the
#     maximum limit for the native heap growth. Please use -XX:HeapBaseMinAddress
#     to set the Java Heap base and to place the Java Heap above 4GB virtual address.
# This output file may be truncated or incomplete.
#
#  Out of Memory Error (virtualSpaceNode.cpp:110), pid=7016, tid=7692
#
# JRE version: Java(TM) SE Runtime Environment (17.0.11+7) (build 17.0.11+7-LTS-207)
# Java VM: Java HotSpot(TM) 64-Bit Server VM (17.0.11+7-LTS-207, mixed mode, emulated-client, sharing, tiered, compressed oops, compressed class ptrs, g1 gc, windows-amd64)
# No core dump will be written. Minidumps are not enabled by default on client versions of Windows
#

---------------  S U M M A R Y ------------

Command Line: -XX:TieredStopAtLevel=1 -Dspring.output.ansi.enabled=always -Dcom.sun.management.jmxremote -Dspring.jmx.enabled=true -Dspring.liveBeansView.mbeanDomain -Dspring.application.admin.enabled=true -Dmanagement.endpoints.jmx.exposure.include=* -javaagent:C:\Program Files\JetBrains\IntelliJ IDEA 2024.1.2\lib\idea_rt.jar=50105:C:\Program Files\JetBrains\IntelliJ IDEA 2024.1.2\bin -Dfile.encoding=UTF-8 com.hussain.springjdbc.SpringJdbcApplication

Host: Intel(R) Core(TM) i3-1005G1 CPU @ 1.20GHz, 4 cores, 7G,  Windows 11 , 64 bit Build 22621 (10.0.22621.3958)
Time: Sat Aug 24 23:36:37 2024 India Standard Time elapsed time: 1.979403 seconds (0d 0h 0m 1s)

---------------  T H R E A D  ---------------

Current thread (0x000001a523e79000):  JavaThread "main" [_thread_in_vm, id=7692, stack(0x0000004323700000,0x0000004323800000)]

Stack: [0x0000004323700000,0x0000004323800000]
Native frames: (J=compiled Java code, j=interpreted, Vv=VM code, C=native code)
V  [jvm.dll+0x679cca]
V  [jvm.dll+0x7da13d]
V  [jvm.dll+0x7dba83]
V  [jvm.dll+0x7dc0f3]
V  [jvm.dll+0x2449af]
V  [jvm.dll+0x7d5d0b]
V  [jvm.dll+0x6200b6]
V  [jvm.dll+0x1be687]
V  [jvm.dll+0x622a12]
V  [jvm.dll+0x620a76]
V  [jvm.dll+0x62a967]
V  [jvm.dll+0x1e7e32]
V  [jvm.dll+0x1e8355]
V  [jvm.dll+0x1e8c9b]
V  [jvm.dll+0x1de3c1]
V  [jvm.dll+0x53f19c]
V  [jvm.dll+0x754fc8]
V  [jvm.dll+0x7550b4]
V  [jvm.dll+0x40cb9f]
V  [jvm.dll+0x413629]
C  [java.dll+0x17ec]

Java frames: (J=compiled Java code, j=interpreted, Vv=VM code)
J 1104  java.lang.ClassLoader.defineClass1(Ljava/lang/ClassLoader;Ljava/lang/String;[BIILjava/security/ProtectionDomain;Ljava/lang/String;)Ljava/lang/Class; java.base@17.0.11 (0 bytes) @ 0x000001a52d24fe63 [0x000001a52d24fda0+0x00000000000000c3]
J 1196 c1 java.lang.ClassLoader.defineClass(Ljava/lang/String;[BIILjava/security/ProtectionDomain;)Ljava/lang/Class; java.base@17.0.11 (43 bytes) @ 0x000001a52d302b5c [0x000001a52d302a60+0x00000000000000fc]
J 1116 c1 jdk.internal.loader.BuiltinClassLoader.defineClass(Ljava/lang/String;Ljdk/internal/loader/Resource;)Ljava/lang/Class; java.base@17.0.11 (121 bytes) @ 0x000001a52d2576e4 [0x000001a52d257220+0x00000000000004c4]
J 1187 c1 jdk.internal.loader.BuiltinClassLoader.findClassOnClassPathOrNull(Ljava/lang/String;)Ljava/lang/Class; java.base@17.0.11 (64 bytes) @ 0x000001a52d272e34 [0x000001a52d272b80+0x00000000000002b4]
J 874 c1 jdk.internal.loader.BuiltinClassLoader.loadClassOrNull(Ljava/lang/String;Z)Ljava/lang/Class; java.base@17.0.11 (143 bytes) @ 0x000001a52d1eb75c [0x000001a52d1eb300+0x000000000000045c]
J 986 c1 jdk.internal.loader.ClassLoaders$AppClassLoader.loadClass(Ljava/lang/String;Z)Ljava/lang/Class; java.base@17.0.11 (40 bytes) @ 0x000001a52d2200a4 [0x000001a52d21ff60+0x0000000000000144]
J 985 c1 java.lang.ClassLoader.loadClass(Ljava/lang/String;)Ljava/lang/Class; java.base@17.0.11 (7 bytes) @ 0x000001a52d21f4e4 [0x000001a52d21f4a0+0x0000000000000044]
v  ~StubRoutines::call_stub
j  org.h2.mvstore.db.Store.createTable(Lorg/h2/command/ddl/CreateTableData;)Lorg/h2/mvstore/db/MVTable;+0
j  org.h2.schema.Schema.createTable(Lorg/h2/command/ddl/CreateTableData;)Lorg/h2/table/Table;+74
j  org.h2.engine.Database.<init>(Lorg/h2/engine/ConnectionInfo;Ljava/lang/String;)V+1426
j  org.h2.engine.Engine.openSession(Lorg/h2/engine/ConnectionInfo;ZZLjava/lang/String;)Lorg/h2/engine/SessionLocal;+288
j  org.h2.engine.Engine.openSession(Lorg/h2/engine/ConnectionInfo;)Lorg/h2/engine/SessionLocal;+52
j  org.h2.engine.Engine.createSession(Lorg/h2/engine/ConnectionInfo;)Lorg/h2/engine/SessionLocal;+1
j  org.h2.engine.SessionRemote.connectEmbeddedOrServer(Z)Lorg/h2/engine/Session;+61
j  org.h2.jdbc.JdbcConnection.<init>(Ljava/lang/String;Ljava/util/Properties;Ljava/lang/String;Ljava/lang/Object;Z)V+81
j  org.h2.Driver.connect(Ljava/lang/String;Ljava/util/Properties;)Ljava/sql/Connection;+42
j  com.zaxxer.hikari.util.DriverDataSource.getConnection(Ljava/lang/String;Ljava/lang/String;)Ljava/sql/Connection;+61
j  com.zaxxer.hikari.pool.PoolBase.newConnection()Ljava/sql/Connection;+49
j  com.zaxxer.hikari.pool.PoolBase.newPoolEntry()Lcom/zaxxer/hikari/pool/PoolEntry;+5
j  com.zaxxer.hikari.pool.HikariPool.createPoolEntry()Lcom/zaxxer/hikari/pool/PoolEntry;+1
j  com.zaxxer.hikari.pool.HikariPool.checkFailFast()V+20
j  com.zaxxer.hikari.pool.HikariPool.<init>(Lcom/zaxxer/hikari/HikariConfig;)V+127
j  com.zaxxer.hikari.HikariDataSource.getConnection()Ljava/sql/Connection;+82
j  org.springframework.jdbc.datasource.DataSourceUtils.fetchConnection(Ljavax/sql/DataSource;)Ljava/sql/Connection;+1
j  org.springframework.jdbc.datasource.DataSourceUtils.doGetConnection(Ljavax/sql/DataSource;)Ljava/sql/Connection;+77
j  org.springframework.jdbc.datasource.DataSourceUtils.getConnection(Ljavax/sql/DataSource;)Ljava/sql/Connection;+1
j  org.springframework.jdbc.core.JdbcTemplate.execute(Lorg/springframework/jdbc/core/ConnectionCallback;)Ljava/lang/Object;+10
j  org.springframework.boot.jdbc.EmbeddedDatabaseConnection.isEmbedded(Ljavax/sql/DataSource;)Z+15
j  org.springframework.boot.jdbc.init.DataSourceScriptDatabaseInitializer.isEmbeddedDatabase()Z+4
j  org.springframework.boot.sql.init.AbstractScriptDatabaseInitializer.isEnabled()Z+29
j  org.springframework.boot.sql.init.AbstractScriptDatabaseInitializer.applyScripts(Ljava/util/List;Ljava/lang/String;Lorg/springframework/boot/sql/init/AbstractScriptDatabaseInitializer$ScriptLocationResolver;)Z+20
j  org.springframework.boot.sql.init.AbstractScriptDatabaseInitializer.applySchemaScripts(Lorg/springframework/boot/sql/init/AbstractScriptDatabaseInitializer$ScriptLocationResolver;)Z+11
j  org.springframework.boot.sql.init.AbstractScriptDatabaseInitializer.initializeDatabase()Z+14
j  org.springframework.boot.sql.init.AbstractScriptDatabaseInitializer.afterPropertiesSet()V+1
j  org.springframework.beans.factory.support.AbstractAutowireCapableBeanFactory.invokeInitMethods(Ljava/lang/String;Ljava/lang/Object;Lorg/springframework/beans/factory/support/RootBeanDefinition;)V+56
j  org.springframework.beans.factory.support.AbstractAutowireCapableBeanFactory.initializeBean(Ljava/lang/String;Ljava/lang/Object;Lorg/springframework/beans/factory/support/RootBeanDefinition;)Ljava/lang/Object;+34
j  org.springframework.beans.factory.support.AbstractAutowireCapableBeanFactory.doCreateBean(Ljava/lang/String;Lorg/springframework/beans/factory/support/RootBeanDefinition;[Ljava/lang/Object;)Ljava/lang/Object;+228
j  org.springframework.beans.factory.support.AbstractAutowireCapableBeanFactory.createBean(Ljava/lang/String;Lorg/springframework/beans/factory/support/RootBeanDefinition;[Ljava/lang/Object;)Ljava/lang/Object;+153
j  org.springframework.beans.factory.support.AbstractBeanFactory.lambda$doGetBean$0(Ljava/lang/String;Lorg/springframework/beans/factory/support/RootBeanDefinition;[Ljava/lang/Object;)Ljava/lang/Object;+4
j  org.springframework.beans.factory.support.AbstractBeanFactory$$Lambda$326+0x000001a5391b4b70.getObject()Ljava/lang/Object;+16
j  org.springframework.beans.factory.support.DefaultSingletonBeanRegistry.getSingleton(Ljava/lang/String;Lorg/springframework/beans/factory/ObjectFactory;)Ljava/lang/Object;+114
J 2273 c1 org.springframework.beans.factory.support.AbstractBeanFactory.doGetBean(Ljava/lang/String;Ljava/lang/Class;[Ljava/lang/Object;Z)Ljava/lang/Object; (787 bytes) @ 0x000001a52d4afbc4 [0x000001a52d4af600+0x00000000000005c4]
J 2273 c1 org.springframework.beans.factory.support.AbstractBeanFactory.doGetBean(Ljava/lang/String;Ljava/lang/Class;[Ljava/lang/Object;Z)Ljava/lang/Object; (787 bytes) @ 0x000001a52d4afa0c [0x000001a52d4af600+0x000000000000040c]
j  org.springframework.beans.factory.support.AbstractBeanFactory.getBean(Ljava/lang/String;)Ljava/lang/Object;+5
j  org.springframework.beans.factory.config.DependencyDescriptor.resolveCandidate(Ljava/lang/String;Ljava/lang/Class;Lorg/springframework/beans/factory/BeanFactory;)Ljava/lang/Object;+2
j  org.springframework.beans.factory.support.DefaultListableBeanFactory.doResolveDependency(Lorg/springframework/beans/factory/config/DependencyDescriptor;Ljava/lang/String;Ljava/util/Set;Lorg/springframework/beans/TypeConverter;)Ljava/lang/Object;+473
j  org.springframework.beans.factory.support.DefaultListableBeanFactory.resolveDependency(Lorg/springframework/beans/factory/config/DependencyDescriptor;Ljava/lang/String;Ljava/util/Set;Lorg/springframework/beans/TypeConverter;)Ljava/lang/Object;+117
j  org.springframework.beans.factory.annotation.AutowiredAnnotationBeanPostProcessor$AutowiredMethodElement.resolveMethodArguments(Ljava/lang/reflect/Method;Ljava/lang/Object;Ljava/lang/String;)[Ljava/lang/Object;+135
j  org.springframework.beans.factory.annotation.AutowiredAnnotationBeanPostProcessor$AutowiredMethodElement.inject(Ljava/lang/Object;Ljava/lang/String;Lorg/springframework/beans/PropertyValues;)V+80
j  org.springframework.beans.factory.annotation.InjectionMetadata.inject(Ljava/lang/Object;Ljava/lang/String;Lorg/springframework/beans/PropertyValues;)V+68
j  org.springframework.beans.factory.annotation.AutowiredAnnotationBeanPostProcessor.postProcessProperties(Lorg/springframework/beans/PropertyValues;Ljava/lang/Object;Ljava/lang/String;)Lorg/springframework/beans/PropertyValues;+17
j  org.springframework.beans.factory.support.AbstractAutowireCapableBeanFactory.populateBean(Ljava/lang/String;Lorg/springframework/beans/factory/support/RootBeanDefinition;Lorg/springframework/beans/BeanWrapper;)V+280
j  org.springframework.beans.factory.support.AbstractAutowireCapableBeanFactory.doCreateBean(Ljava/lang/String;Lorg/springframework/beans/factory/support/RootBeanDefinition;[Ljava/lang/Object;)Ljava/lang/Object;+220
j  org.springframework.beans.factory.support.AbstractAutowireCapableBeanFactory.createBean(Ljava/lang/String;Lorg/springframework/beans/factory/support/RootBeanDefinition;[Ljava/lang/Object;)Ljava/lang/Object;+153
j  org.springframework.beans.factory.support.AbstractBeanFactory.lambda$doGetBean$0(Ljava/lang/String;Lorg/springframework/beans/factory/support/RootBeanDefinition;[Ljava/lang/Object;)Ljava/lang/Object;+4
j  org.springframework.beans.factory.support.AbstractBeanFactory$$Lambda$326+0x000001a5391b4b70.getObject()Ljava/lang/Object;+16
j  org.springframework.beans.factory.support.DefaultSingletonBeanRegistry.getSingleton(Ljava/lang/String;Lorg/springframework/beans/factory/ObjectFactory;)Ljava/lang/Object;+114
J 2273 c1 org.springframework.beans.factory.support.AbstractBeanFactory.doGetBean(Ljava/lang/String;Ljava/lang/Class;[Ljava/lang/Object;Z)Ljava/lang/Object; (787 bytes) @ 0x000001a52d4afbc4 [0x000001a52d4af600+0x00000000000005c4]
j  org.springframework.beans.factory.support.AbstractBeanFactory.getBean(Ljava/lang/String;)Ljava/lang/Object;+5
j  org.springframework.beans.factory.support.DefaultListableBeanFactory.preInstantiateSingletons()V+152
j  org.springframework.context.support.AbstractApplicationContext.finishBeanFactoryInitialization(Lorg/springframework/beans/factory/config/ConfigurableListableBeanFactory;)V+173
j  org.springframework.context.support.AbstractApplicationContext.refresh()V+94
j  org.springframework.boot.SpringApplication.refresh(Lorg/springframework/context/ConfigurableApplicationContext;)V+1
j  org.springframework.boot.SpringApplication.refreshContext(Lorg/springframework/context/ConfigurableApplicationContext;)V+16
j  org.springframework.boot.SpringApplication.run([Ljava/lang/String;)Lorg/springframework/context/ConfigurableApplicationContext;+110
j  org.springframework.boot.SpringApplication.run([Ljava/lang/Class;[Ljava/lang/String;)Lorg/springframework/context/ConfigurableApplicationContext;+9
j  org.springframework.boot.SpringApplication.run(Ljava/lang/Class;[Ljava/lang/String;)Lorg/springframework/context/ConfigurableApplicationContext;+9
j  com.hussain.springjdbc.SpringJdbcApplication.main([Ljava/lang/String;)V+3
v  ~StubRoutines::call_stub

---------------  P R O C E S S  ---------------

Threads class SMR info:
_java_thread_list=0x000001a57d649a80, length=17, elements={
0x000001a523e79000, 0x000001a537366ed0, 0x000001a537367890, 0x000001a537376a30,
0x000001a537379320, 0x000001a53737bc00, 0x000001a53737c4d0, 0x000001a53737ce50,
0x000001a53739b860, 0x000001a537350f50, 0x000001a53756afd0, 0x000001a537738380,
0x000001a537738860, 0x000001a537894700, 0x000001a57d353e70, 0x000001a57d431580,
0x000001a57d4c8d10
}

Java Threads: ( => current thread )
=>0x000001a523e79000 JavaThread "main" [_thread_in_vm, id=7692, stack(0x0000004323700000,0x0000004323800000)]
  0x000001a537366ed0 JavaThread "Reference Handler" daemon [_thread_blocked, id=11972, stack(0x0000004323e00000,0x0000004323f00000)]
  0x000001a537367890 JavaThread "Finalizer" daemon [_thread_blocked, id=3628, stack(0x0000004323f00000,0x0000004324000000)]
  0x000001a537376a30 JavaThread "Signal Dispatcher" daemon [_thread_blocked, id=7156, stack(0x0000004324000000,0x0000004324100000)]
  0x000001a537379320 JavaThread "Attach Listener" daemon [_thread_blocked, id=9136, stack(0x0000004324100000,0x0000004324200000)]
  0x000001a53737bc00 JavaThread "Service Thread" daemon [_thread_blocked, id=15792, stack(0x0000004324200000,0x0000004324300000)]
  0x000001a53737c4d0 JavaThread "Monitor Deflation Thread" daemon [_thread_blocked, id=16620, stack(0x0000004324300000,0x0000004324400000)]
  0x000001a53737ce50 JavaThread "C1 CompilerThread0" daemon [_thread_blocked, id=17264, stack(0x0000004324400000,0x0000004324500000)]
  0x000001a53739b860 JavaThread "Sweeper thread" daemon [_thread_blocked, id=12880, stack(0x0000004324500000,0x0000004324600000)]
  0x000001a537350f50 JavaThread "Common-Cleaner" daemon [_thread_blocked, id=11544, stack(0x0000004324600000,0x0000004324700000)]
  0x000001a53756afd0 JavaThread "C1 CompilerThread1" daemon [_thread_blocked, id=6876, stack(0x0000004324700000,0x0000004324800000)]
  0x000001a537738380 JavaThread "Monitor Ctrl-Break" daemon [_thread_in_native, id=9812, stack(0x0000004324800000,0x0000004324900000)]
  0x000001a537738860 JavaThread "Notification Thread" daemon [_thread_blocked, id=6188, stack(0x0000004324900000,0x0000004324a00000)]
  0x000001a537894700 JavaThread "RMI TCP Accept-0" daemon [_thread_in_native, id=8288, stack(0x0000004324a00000,0x0000004324b00000)]
  0x000001a57d353e70 JavaThread "C1 CompilerThread2" daemon [_thread_blocked, id=8916, stack(0x0000004325000000,0x0000004325100000)]
  0x000001a57d431580 JavaThread "RMI TCP Connection(1)-192.168.1.11" daemon [_thread_in_native, id=9192, stack(0x0000004325100000,0x0000004325200000)]
  0x000001a57d4c8d10 JavaThread "RMI Scheduler(0)" daemon [_thread_blocked, id=5740, stack(0x0000004325200000,0x0000004325300000)]

Other Threads:
  0x000001a537363530 VMThread "VM Thread" [stack: 0x0000004323d00000,0x0000004323e00000] [id=10976]
  0x000001a53788b170 WatcherThread [stack: 0x0000004324b00000,0x0000004324c00000] [id=9536]
  0x000001a523ed3740 GCTaskThread "GC Thread#0" [stack: 0x0000004323800000,0x0000004323900000] [id=16880]
  0x000001a57d29f3d0 GCTaskThread "GC Thread#1" [stack: 0x0000004324c00000,0x0000004324d00000] [id=11332]
  0x000001a57d2b7c50 GCTaskThread "GC Thread#2" [stack: 0x0000004324d00000,0x0000004324e00000] [id=14588]
  0x000001a57d2abf30 GCTaskThread "GC Thread#3" [stack: 0x0000004324e00000,0x0000004324f00000] [id=11156]
  0x000001a523edff80 ConcurrentGCThread "G1 Main Marker" [stack: 0x0000004323900000,0x0000004323a00000] [id=1408]
  0x000001a523ee0890 ConcurrentGCThread "G1 Conc#0" [stack: 0x0000004323a00000,0x0000004323b00000] [id=15080]
  0x000001a5372114a0 ConcurrentGCThread "G1 Refine#0" [stack: 0x0000004323b00000,0x0000004323c00000] [id=12076]
  0x000001a57d2f72d0 ConcurrentGCThread "G1 Refine#1" [stack: 0x0000004324f00000,0x0000004325000000] [id=10448]
  0x000001a523f3bff0 ConcurrentGCThread "G1 Service" [stack: 0x0000004323c00000,0x0000004323d00000] [id=7072]

Threads with active compile tasks:

VM state: not at safepoint (normal execution)

VM Mutex/Monitor currently owned by a thread:  ([mutex/lock_event])
[0x000001a523e73390] Metaspace_lock - owner thread: 0x000001a523e79000

Heap address: 0x0000000084000000, size: 1984 MB, Compressed Oops mode: 32-bit

CDS archive(s) mapped at: [0x000001a538000000-0x000001a538bd0000-0x000001a538bd0000), size 12386304, SharedBaseAddress: 0x000001a538000000, ArchiveRelocationMode: 1.
Compressed class space mapped at: 0x000001a539000000-0x000001a579000000, reserved size: 1073741824
Narrow klass base: 0x000001a538000000, Narrow klass shift: 0, Narrow klass range: 0x100000000

GC Precious Log:
 CPUs: 4 total, 4 available
 Memory: 7934M
 Large Page Support: Disabled
 NUMA Support: Disabled
 Compressed Oops: Enabled (32-bit)
 Heap Region Size: 1M
 Heap Min Capacity: 8M
 Heap Initial Capacity: 124M
 Heap Max Capacity: 1984M
 Pre-touch: Disabled
 Parallel Workers: 4
 Concurrent Workers: 1
 Concurrent Refinement Workers: 4
 Periodic GC: Disabled

Heap:
 garbage-first heap   total 126976K, used 54131K [0x0000000084000000, 0x0000000100000000)
  region size 1024K, 52 young (53248K), 2 survivors (2048K)
 Metaspace       used 18854K, committed 19264K, reserved 1114112K
  class space    used 2603K, committed 2816K, reserved 1048576K

Heap Regions: E=young(eden), S=young(survivor), O=old, HS=humongous(starts), HC=humongous(continues), CS=collection set, F=free, OA=open archive, CA=closed archive, TAMS=top-at-mark-start (previous, next)
|   0|0x0000000084000000, 0x0000000084100000, 0x0000000084100000|100%| O|  |TAMS 0x0000000084000000, 0x0000000084000000| Untracked 
|   1|0x0000000084100000, 0x0000000084200000, 0x0000000084200000|100%| O|  |TAMS 0x0000000084100000, 0x0000000084100000| Untracked 
|   2|0x0000000084200000, 0x0000000084300000, 0x0000000084300000|100%| O|  |TAMS 0x0000000084200000, 0x0000000084200000| Untracked 
|   3|0x0000000084300000, 0x00000000843a6200, 0x0000000084400000| 64%| O|  |TAMS 0x0000000084300000, 0x0000000084300000| Untracked 
|   4|0x0000000084400000, 0x0000000084400000, 0x0000000084500000|  0%| F|  |TAMS 0x0000000084400000, 0x0000000084400000| Untracked 
|   5|0x0000000084500000, 0x0000000084500000, 0x0000000084600000|  0%| F|  |TAMS 0x0000000084500000, 0x0000000084500000| Untracked 
|   6|0x0000000084600000, 0x0000000084600000, 0x0000000084700000|  0%| F|  |TAMS 0x0000000084600000, 0x0000000084600000| Untracked 
|   7|0x0000000084700000, 0x0000000084700000, 0x0000000084800000|  0%| F|  |TAMS 0x0000000084700000, 0x0000000084700000| Untracked 
|   8|0x0000000084800000, 0x0000000084800000, 0x0000000084900000|  0%| F|  |TAMS 0x0000000084800000, 0x0000000084800000| Untracked 
|   9|0x0000000084900000, 0x0000000084900000, 0x0000000084a00000|  0%| F|  |TAMS 0x0000000084900000, 0x0000000084900000| Untracked 
|  10|0x0000000084a00000, 0x0000000084a00000, 0x0000000084b00000|  0%| F|  |TAMS 0x0000000084a00000, 0x0000000084a00000| Untracked 
|  11|0x0000000084b00000, 0x0000000084b00000, 0x0000000084c00000|  0%| F|  |TAMS 0x0000000084b00000, 0x0000000084b00000| Untracked 
|  12|0x0000000084c00000, 0x0000000084c00000, 0x0000000084d00000|  0%| F|  |TAMS 0x0000000084c00000, 0x0000000084c00000| Untracked 
|  13|0x0000000084d00000, 0x0000000084d00000, 0x0000000084e00000|  0%| F|  |TAMS 0x0000000084d00000, 0x0000000084d00000| Untracked 
|  14|0x0000000084e00000, 0x0000000084e00000, 0x0000000084f00000|  0%| F|  |TAMS 0x0000000084e00000, 0x0000000084e00000| Untracked 
|  15|0x0000000084f00000, 0x0000000084f00000, 0x0000000085000000|  0%| F|  |TAMS 0x0000000084f00000, 0x0000000084f00000| Untracked 
|  16|0x0000000085000000, 0x0000000085000000, 0x0000000085100000|  0%| F|  |TAMS 0x0000000085000000, 0x0000000085000000| Untracked 
|  17|0x0000000085100000, 0x0000000085100000, 0x0000000085200000|  0%| F|  |TAMS 0x0000000085100000, 0x0000000085100000| Untracked 
|  18|0x0000000085200000, 0x0000000085200000, 0x0000000085300000|  0%| F|  |TAMS 0x0000000085200000, 0x0000000085200000| Untracked 
|  19|0x0000000085300000, 0x0000000085300000, 0x0000000085400000|  0%| F|  |TAMS 0x0000000085300000, 0x0000000085300000| Untracked 
|  20|0x0000000085400000, 0x0000000085400000, 0x0000000085500000|  0%| F|  |TAMS 0x0000000085400000, 0x0000000085400000| Untracked 
|  21|0x0000000085500000, 0x0000000085500000, 0x0000000085600000|  0%| F|  |TAMS 0x0000000085500000, 0x0000000085500000| Untracked 
|  22|0x0000000085600000, 0x0000000085600000, 0x0000000085700000|  0%| F|  |TAMS 0x0000000085600000, 0x0000000085600000| Untracked 
|  23|0x0000000085700000, 0x0000000085700000, 0x0000000085800000|  0%| F|  |TAMS 0x0000000085700000, 0x0000000085700000| Untracked 
|  24|0x0000000085800000, 0x0000000085800000, 0x0000000085900000|  0%| F|  |TAMS 0x0000000085800000, 0x0000000085800000| Untracked 
|  25|0x0000000085900000, 0x0000000085900000, 0x0000000085a00000|  0%| F|  |TAMS 0x0000000085900000, 0x0000000085900000| Untracked 
|  26|0x0000000085a00000, 0x0000000085a00000, 0x0000000085b00000|  0%| F|  |TAMS 0x0000000085a00000, 0x0000000085a00000| Untracked 
|  27|0x0000000085b00000, 0x0000000085b00000, 0x0000000085c00000|  0%| F|  |TAMS 0x0000000085b00000, 0x0000000085b00000| Untracked 
|  28|0x0000000085c00000, 0x0000000085c00000, 0x0000000085d00000|  0%| F|  |TAMS 0x0000000085c00000, 0x0000000085c00000| Untracked 
|  29|0x0000000085d00000, 0x0000000085d00000, 0x0000000085e00000|  0%| F|  |TAMS 0x0000000085d00000, 0x0000000085d00000| Untracked 
|  30|0x0000000085e00000, 0x0000000085e00000, 0x0000000085f00000|  0%| F|  |TAMS 0x0000000085e00000, 0x0000000085e00000| Untracked 
|  31|0x0000000085f00000, 0x0000000085f00000, 0x0000000086000000|  0%| F|  |TAMS 0x0000000085f00000, 0x0000000085f00000| Untracked 
|  32|0x0000000086000000, 0x0000000086000000, 0x0000000086100000|  0%| F|  |TAMS 0x0000000086000000, 0x0000000086000000| Untracked 
|  33|0x0000000086100000, 0x0000000086100000, 0x0000000086200000|  0%| F|  |TAMS 0x0000000086100000, 0x0000000086100000| Untracked 
|  34|0x0000000086200000, 0x0000000086200000, 0x0000000086300000|  0%| F|  |TAMS 0x0000000086200000, 0x0000000086200000| Untracked 
|  35|0x0000000086300000, 0x0000000086300000, 0x0000000086400000|  0%| F|  |TAMS 0x0000000086300000, 0x0000000086300000| Untracked 
|  36|0x0000000086400000, 0x0000000086400000, 0x0000000086500000|  0%| F|  |TAMS 0x0000000086400000, 0x0000000086400000| Untracked 
|  37|0x0000000086500000, 0x0000000086500000, 0x0000000086600000|  0%| F|  |TAMS 0x0000000086500000, 0x0000000086500000| Untracked 
|  38|0x0000000086600000, 0x0000000086600000, 0x0000000086700000|  0%| F|  |TAMS 0x0000000086600000, 0x0000000086600000| Untracked 
|  39|0x0000000086700000, 0x0000000086700000, 0x0000000086800000|  0%| F|  |TAMS 0x0000000086700000, 0x0000000086700000| Untracked 
|  40|0x0000000086800000, 0x0000000086800000, 0x0000000086900000|  0%| F|  |TAMS 0x0000000086800000, 0x0000000086800000| Untracked 
|  41|0x0000000086900000, 0x0000000086900000, 0x0000000086a00000|  0%| F|  |TAMS 0x0000000086900000, 0x0000000086900000| Untracked 
|  42|0x0000000086a00000, 0x0000000086a00000, 0x0000000086b00000|  0%| F|  |TAMS 0x0000000086a00000, 0x0000000086a00000| Untracked 
|  43|0x0000000086b00000, 0x0000000086b00000, 0x0000000086c00000|  0%| F|  |TAMS 0x0000000086b00000, 0x0000000086b00000| Untracked 
|  44|0x0000000086c00000, 0x0000000086c00000, 0x0000000086d00000|  0%| F|  |TAMS 0x0000000086c00000, 0x0000000086c00000| Untracked 
|  45|0x0000000086d00000, 0x0000000086d00000, 0x0000000086e00000|  0%| F|  |TAMS 0x0000000086d00000, 0x0000000086d00000| Untracked 
|  46|0x0000000086e00000, 0x0000000086e00000, 0x0000000086f00000|  0%| F|  |TAMS 0x0000000086e00000, 0x0000000086e00000| Untracked 
|  47|0x0000000086f00000, 0x0000000086f00000, 0x0000000087000000|  0%| F|  |TAMS 0x0000000086f00000, 0x0000000086f00000| Untracked 
|  48|0x0000000087000000, 0x0000000087000000, 0x0000000087100000|  0%| F|  |TAMS 0x0000000087000000, 0x0000000087000000| Untracked 
|  49|0x0000000087100000, 0x0000000087100000, 0x0000000087200000|  0%| F|  |TAMS 0x0000000087100000, 0x0000000087100000| Untracked 
|  50|0x0000000087200000, 0x0000000087200000, 0x0000000087300000|  0%| F|  |TAMS 0x0000000087200000, 0x0000000087200000| Untracked 
|  51|0x0000000087300000, 0x0000000087300000, 0x0000000087400000|  0%| F|  |TAMS 0x0000000087300000, 0x0000000087300000| Untracked 
|  52|0x0000000087400000, 0x0000000087400000, 0x0000000087500000|  0%| F|  |TAMS 0x0000000087400000, 0x0000000087400000| Untracked 
|  53|0x0000000087500000, 0x0000000087500000, 0x0000000087600000|  0%| F|  |TAMS 0x0000000087500000, 0x0000000087500000| Untracked 
|  54|0x0000000087600000, 0x0000000087600000, 0x0000000087700000|  0%| F|  |TAMS 0x0000000087600000, 0x0000000087600000| Untracked 
|  55|0x0000000087700000, 0x0000000087700000, 0x0000000087800000|  0%| F|  |TAMS 0x0000000087700000, 0x0000000087700000| Untracked 
|  56|0x0000000087800000, 0x0000000087800000, 0x0000000087900000|  0%| F|  |TAMS 0x0000000087800000, 0x0000000087800000| Untracked 
|  57|0x0000000087900000, 0x0000000087900000, 0x0000000087a00000|  0%| F|  |TAMS 0x0000000087900000, 0x0000000087900000| Untracked 
|  58|0x0000000087a00000, 0x0000000087a00000, 0x0000000087b00000|  0%| F|  |TAMS 0x0000000087a00000, 0x0000000087a00000| Untracked 
|  59|0x0000000087b00000, 0x0000000087b00000, 0x0000000087c00000|  0%| F|  |TAMS 0x0000000087b00000, 0x0000000087b00000| Untracked 
|  60|0x0000000087c00000, 0x0000000087c00000, 0x0000000087d00000|  0%| F|  |TAMS 0x0000000087c00000, 0x0000000087c00000| Untracked 
|  61|0x0000000087d00000, 0x0000000087d00000, 0x0000000087e00000|  0%| F|  |TAMS 0x0000000087d00000, 0x0000000087d00000| Untracked 
|  62|0x0000000087e00000, 0x0000000087e00000, 0x0000000087f00000|  0%| F|  |TAMS 0x0000000087e00000, 0x0000000087e00000| Untracked 
|  63|0x0000000087f00000, 0x0000000087f00000, 0x0000000088000000|  0%| F|  |TAMS 0x0000000087f00000, 0x0000000087f00000| Untracked 
|  64|0x0000000088000000, 0x0000000088000000, 0x0000000088100000|  0%| F|  |TAMS 0x0000000088000000, 0x0000000088000000| Untracked 
|  65|0x0000000088100000, 0x0000000088100000, 0x0000000088200000|  0%| F|  |TAMS 0x0000000088100000, 0x0000000088100000| Untracked 
|  66|0x0000000088200000, 0x0000000088200000, 0x0000000088300000|  0%| F|  |TAMS 0x0000000088200000, 0x0000000088200000| Untracked 
|  67|0x0000000088300000, 0x0000000088300000, 0x0000000088400000|  0%| F|  |TAMS 0x0000000088300000, 0x0000000088300000| Untracked 
|  68|0x0000000088400000, 0x0000000088400000, 0x0000000088500000|  0%| F|  |TAMS 0x0000000088400000, 0x0000000088400000| Untracked 
|  69|0x0000000088500000, 0x0000000088500000, 0x0000000088600000|  0%| F|  |TAMS 0x0000000088500000, 0x0000000088500000| Untracked 
|  70|0x0000000088600000, 0x0000000088600000, 0x0000000088700000|  0%| F|  |TAMS 0x0000000088600000, 0x0000000088600000| Untracked 
|  71|0x0000000088700000, 0x0000000088700000, 0x0000000088800000|  0%| F|  |TAMS 0x0000000088700000, 0x0000000088700000| Untracked 
|  72|0x0000000088800000, 0x0000000088900000, 0x0000000088900000|100%| E|  |TAMS 0x0000000088800000, 0x0000000088800000| Complete 
|  73|0x0000000088900000, 0x0000000088a00000, 0x0000000088a00000|100%| E|CS|TAMS 0x0000000088900000, 0x0000000088900000| Complete 
|  74|0x0000000088a00000, 0x0000000088b00000, 0x0000000088b00000|100%| E|CS|TAMS 0x0000000088a00000, 0x0000000088a00000| Complete 
|  75|0x0000000088b00000, 0x0000000088c00000, 0x0000000088c00000|100%| E|CS|TAMS 0x0000000088b00000, 0x0000000088b00000| Complete 
|  76|0x0000000088c00000, 0x0000000088d00000, 0x0000000088d00000|100%| E|CS|TAMS 0x0000000088c00000, 0x0000000088c00000| Complete 
|  77|0x0000000088d00000, 0x0000000088e00000, 0x0000000088e00000|100%| E|CS|TAMS 0x0000000088d00000, 0x0000000088d00000| Complete 
|  78|0x0000000088e00000, 0x0000000088f00000, 0x0000000088f00000|100%| E|CS|TAMS 0x0000000088e00000, 0x0000000088e00000| Complete 
|  79|0x0000000088f00000, 0x0000000089000000, 0x0000000089000000|100%| E|CS|TAMS 0x0000000088f00000, 0x0000000088f00000| Complete 
|  80|0x0000000089000000, 0x0000000089100000, 0x0000000089100000|100%| E|CS|TAMS 0x0000000089000000, 0x0000000089000000| Complete 
|  81|0x0000000089100000, 0x0000000089200000, 0x0000000089200000|100%| E|CS|TAMS 0x0000000089100000, 0x0000000089100000| Complete 
|  82|0x0000000089200000, 0x0000000089300000, 0x0000000089300000|100%| E|CS|TAMS 0x0000000089200000, 0x0000000089200000| Complete 
|  83|0x0000000089300000, 0x0000000089400000, 0x0000000089400000|100%| E|CS|TAMS 0x0000000089300000, 0x0000000089300000| Complete 
|  84|0x0000000089400000, 0x0000000089500000, 0x0000000089500000|100%| E|CS|TAMS 0x0000000089400000, 0x0000000089400000| Complete 
|  85|0x0000000089500000, 0x0000000089600000, 0x0000000089600000|100%| E|CS|TAMS 0x0000000089500000, 0x0000000089500000| Complete 
|  86|0x0000000089600000, 0x0000000089700000, 0x0000000089700000|100%| E|CS|TAMS 0x0000000089600000, 0x0000000089600000| Complete 
|  87|0x0000000089700000, 0x0000000089800000, 0x0000000089800000|100%| E|CS|TAMS 0x0000000089700000, 0x0000000089700000| Complete 
|  88|0x0000000089800000, 0x0000000089900000, 0x0000000089900000|100%| E|CS|TAMS 0x0000000089800000, 0x0000000089800000| Complete 
|  89|0x0000000089900000, 0x0000000089a00000, 0x0000000089a00000|100%| E|CS|TAMS 0x0000000089900000, 0x0000000089900000| Complete 
|  90|0x0000000089a00000, 0x0000000089b00000, 0x0000000089b00000|100%| E|CS|TAMS 0x0000000089a00000, 0x0000000089a00000| Complete 
|  91|0x0000000089b00000, 0x0000000089c00000, 0x0000000089c00000|100%| E|CS|TAMS 0x0000000089b00000, 0x0000000089b00000| Complete 
|  92|0x0000000089c00000, 0x0000000089d00000, 0x0000000089d00000|100%| E|CS|TAMS 0x0000000089c00000, 0x0000000089c00000| Complete 
|  93|0x0000000089d00000, 0x0000000089e00000, 0x0000000089e00000|100%| E|CS|TAMS 0x0000000089d00000, 0x0000000089d00000| Complete 
|  94|0x0000000089e00000, 0x0000000089f00000, 0x0000000089f00000|100%| E|CS|TAMS 0x0000000089e00000, 0x0000000089e00000| Complete 
|  95|0x0000000089f00000, 0x000000008a000000, 0x000000008a000000|100%| E|CS|TAMS 0x0000000089f00000, 0x0000000089f00000| Complete 
|  96|0x000000008a000000, 0x000000008a100000, 0x000000008a100000|100%| E|CS|TAMS 0x000000008a000000, 0x000000008a000000| Complete 
|  97|0x000000008a100000, 0x000000008a200000, 0x000000008a200000|100%| E|CS|TAMS 0x000000008a100000, 0x000000008a100000| Complete 
|  98|0x000000008a200000, 0x000000008a300000, 0x000000008a300000|100%| E|CS|TAMS 0x000000008a200000, 0x000000008a200000| Complete 
|  99|0x000000008a300000, 0x000000008a400000, 0x000000008a400000|100%| E|CS|TAMS 0x000000008a300000, 0x000000008a300000| Complete 
| 100|0x000000008a400000, 0x000000008a500000, 0x000000008a500000|100%| E|CS|TAMS 0x000000008a400000, 0x000000008a400000| Complete 
| 101|0x000000008a500000, 0x000000008a600000, 0x000000008a600000|100%| E|CS|TAMS 0x000000008a500000, 0x000000008a500000| Complete 
| 102|0x000000008a600000, 0x000000008a700000, 0x000000008a700000|100%| E|CS|TAMS 0x000000008a600000, 0x000000008a600000| Complete 
| 103|0x000000008a700000, 0x000000008a800000, 0x000000008a800000|100%| E|CS|TAMS 0x000000008a700000, 0x000000008a700000| Complete 
| 104|0x000000008a800000, 0x000000008a900000, 0x000000008a900000|100%| E|CS|TAMS 0x000000008a800000, 0x000000008a800000| Complete 
| 105|0x000000008a900000, 0x000000008aa00000, 0x000000008aa00000|100%| E|CS|TAMS 0x000000008a900000, 0x000000008a900000| Complete 
| 106|0x000000008aa00000, 0x000000008aa36c60, 0x000000008ab00000| 21%| S|CS|TAMS 0x000000008aa00000, 0x000000008aa00000| Complete 
| 107|0x000000008ab00000, 0x000000008ac00000, 0x000000008ac00000|100%| S|CS|TAMS 0x000000008ab00000, 0x000000008ab00000| Complete 
| 108|0x000000008ac00000, 0x000000008ad00000, 0x000000008ad00000|100%| E|CS|TAMS 0x000000008ac00000, 0x000000008ac00000| Complete 
| 109|0x000000008ad00000, 0x000000008ae00000, 0x000000008ae00000|100%| E|CS|TAMS 0x000000008ad00000, 0x000000008ad00000| Complete 
| 110|0x000000008ae00000, 0x000000008af00000, 0x000000008af00000|100%| E|CS|TAMS 0x000000008ae00000, 0x000000008ae00000| Complete 
| 111|0x000000008af00000, 0x000000008b000000, 0x000000008b000000|100%| E|CS|TAMS 0x000000008af00000, 0x000000008af00000| Complete 
| 112|0x000000008b000000, 0x000000008b100000, 0x000000008b100000|100%| E|CS|TAMS 0x000000008b000000, 0x000000008b000000| Complete 
| 113|0x000000008b100000, 0x000000008b200000, 0x000000008b200000|100%| E|CS|TAMS 0x000000008b100000, 0x000000008b100000| Complete 
| 114|0x000000008b200000, 0x000000008b300000, 0x000000008b300000|100%| E|CS|TAMS 0x000000008b200000, 0x000000008b200000| Complete 
| 115|0x000000008b300000, 0x000000008b400000, 0x000000008b400000|100%| E|CS|TAMS 0x000000008b300000, 0x000000008b300000| Complete 
| 116|0x000000008b400000, 0x000000008b500000, 0x000000008b500000|100%| E|CS|TAMS 0x000000008b400000, 0x000000008b400000| Complete 
| 117|0x000000008b500000, 0x000000008b600000, 0x000000008b600000|100%| E|CS|TAMS 0x000000008b500000, 0x000000008b500000| Complete 
| 118|0x000000008b600000, 0x000000008b700000, 0x000000008b700000|100%| E|  |TAMS 0x000000008b600000, 0x000000008b600000| Complete 
| 119|0x000000008b700000, 0x000000008b800000, 0x000000008b800000|100%| E|CS|TAMS 0x000000008b700000, 0x000000008b700000| Complete 
| 120|0x000000008b800000, 0x000000008b900000, 0x000000008b900000|100%| E|CS|TAMS 0x000000008b800000, 0x000000008b800000| Complete 
| 121|0x000000008b900000, 0x000000008ba00000, 0x000000008ba00000|100%| E|CS|TAMS 0x000000008b900000, 0x000000008b900000| Complete 
| 122|0x000000008ba00000, 0x000000008bb00000, 0x000000008bb00000|100%| E|CS|TAMS 0x000000008ba00000, 0x000000008ba00000| Complete 
| 123|0x000000008bb00000, 0x000000008bc00000, 0x000000008bc00000|100%| E|CS|TAMS 0x000000008bb00000, 0x000000008bb00000| Complete 

Card table byte_map: [0x000001a5307b0000,0x000001a530b90000] _byte_map_base: 0x000001a530390000

Marking Bits (Prev, Next): (CMBitMap*) 0x000001a523ed3c60, (CMBitMap*) 0x000001a523ed3ca0
 Prev Bits: [0x000001a530f70000, 0x000001a532e70000)
 Next Bits: [0x000001a532e70000, 0x000001a534d70000)

Polling page: 0x000001a523f40000

Metaspace:

Usage:
  Non-class:     15.87 MB used.
      Class:      2.54 MB used.
       Both:     18.41 MB used.

Virtual space:
  Non-class space:       64.00 MB reserved,      16.06 MB ( 25%) committed,  1 nodes.
      Class space:        1.00 GB reserved,       2.75 MB ( <1%) committed,  1 nodes.
             Both:        1.06 GB reserved,      18.81 MB (  2%) committed. 

Chunk freelists:
   Non-Class:  15.48 MB
       Class:  13.17 MB
        Both:  28.66 MB

MaxMetaspaceSize: unlimited
CompressedClassSpaceSize: 1.00 GB
Initial GC threshold: 21.00 MB
Current GC threshold: 21.00 MB
CDS: on
MetaspaceReclaimPolicy: balanced
 - commit_granule_bytes: 65536.
 - commit_granule_words: 8192.
 - virtual_space_node_default_size: 8388608.
 - enlarge_chunks_in_place: 1.
 - new_chunks_are_fully_committed: 0.
 - uncommit_free_chunks: 1.
 - use_allocation_guard: 0.
 - handle_deallocations: 1.


Internal statistics:

num_allocs_failed_limit: 0.
num_arena_births: 476.
num_arena_deaths: 0.
num_vsnodes_births: 2.
num_vsnodes_deaths: 0.
num_space_committed: 301.
num_space_uncommitted: 0.
num_chunks_returned_to_freelist: 0.
num_chunks_taken_from_freelist: 1147.
num_chunk_merges: 0.
num_chunk_splits: 728.
num_chunks_enlarged: 473.
num_inconsistent_stats: 0.

CodeCache: size=49152Kb used=6666Kb max_used=6666Kb free=42485Kb
 bounds [0x000001a52cf20000, 0x000001a52d5b0000, 0x000001a52ff20000]
 total_blobs=3406 nmethods=2899 adapters=431
 compilation: enabled
              stopped_count=0, restarted_count=0
 full_count=0

Compilation events (20 events):
Event: 1.890 Thread 0x000001a57d353e70 nmethod 2889 0x000001a52d59a710 code [0x000001a52d59a8a0, 0x000001a52d59aa08]
Event: 1.891 Thread 0x000001a53737ce50 2890       1       java.util.zip.ZipInputStream::read (304 bytes)
Event: 1.891 Thread 0x000001a53756afd0 nmethod 2888 0x000001a52d59aa90 code [0x000001a52d59ac80, 0x000001a52d59b168]
Event: 1.891 Thread 0x000001a57d353e70 2891       1       java.util.zip.ZipUtils::get32 (23 bytes)
Event: 1.891 Thread 0x000001a57d353e70 nmethod 2891 0x000001a52d59b390 code [0x000001a52d59b520, 0x000001a52d59b658]
Event: 1.892 Thread 0x000001a53737ce50 nmethod 2890 0x000001a52d59b710 code [0x000001a52d59ba00, 0x000001a52d59c4d8]
Event: 1.896 Thread 0x000001a53737ce50 2892       1       java.lang.System::checkKey (34 bytes)
Event: 1.896 Thread 0x000001a53737ce50 nmethod 2892 0x000001a52d59ca90 code [0x000001a52d59cc40, 0x000001a52d59ce58]
Event: 1.909 Thread 0x000001a53737ce50 2893       1       java.lang.invoke.MethodHandles::makeIdentity (23 bytes)
Event: 1.909 Thread 0x000001a57d353e70 2894       1       java.lang.invoke.LambdaForm::identityForm (27 bytes)
Event: 1.909 Thread 0x000001a57d353e70 nmethod 2894 0x000001a52d59d290 code [0x000001a52d59d440, 0x000001a52d59d588]
Event: 1.909 Thread 0x000001a53737ce50 nmethod 2893 0x000001a52d59d690 code [0x000001a52d59d8a0, 0x000001a52d59de68]
Event: 1.921 Thread 0x000001a57d353e70 2895       1       java.util.regex.Pattern::next (33 bytes)
Event: 1.921 Thread 0x000001a57d353e70 nmethod 2895 0x000001a52d59e790 code [0x000001a52d59e920, 0x000001a52d59ea68]
Event: 1.942 Thread 0x000001a53756afd0 2897       1       java.lang.invoke.MethodHandles::identity (87 bytes)
Event: 1.942 Thread 0x000001a57d353e70 2898       1       java.lang.invoke.BoundMethodHandle::bindSingle (7 bytes)
Event: 1.942 Thread 0x000001a57d353e70 nmethod 2898 0x000001a52d59fd90 code [0x000001a52d59ff20, 0x000001a52d5a00a8]
Event: 1.943 Thread 0x000001a53756afd0 nmethod 2897 0x000001a52d5a0190 code [0x000001a52d5a0440, 0x000001a52d5a1028]
Event: 1.962 Thread 0x000001a57d353e70 2899       1       java.lang.invoke.SimpleMethodHandle::copyWithExtendL (7 bytes)
Event: 1.963 Thread 0x000001a57d353e70 nmethod 2899 0x000001a52d5a2010 code [0x000001a52d5a21a0, 0x000001a52d5a2348]

GC Heap History (4 events):
Event: 0.662 GC heap before
{Heap before GC invocations=0 (full 0):
 garbage-first heap   total 126976K, used 13312K [0x0000000084000000, 0x0000000100000000)
  region size 1024K, 13 young (13312K), 0 survivors (0K)
 Metaspace       used 6119K, committed 6336K, reserved 1114112K
  class space    used 763K, committed 832K, reserved 1048576K
}
Event: 0.668 GC heap after
{Heap after GC invocations=1 (full 0):
 garbage-first heap   total 126976K, used 3688K [0x0000000084000000, 0x0000000100000000)
  region size 1024K, 2 young (2048K), 2 survivors (2048K)
 Metaspace       used 6119K, committed 6336K, reserved 1114112K
  class space    used 763K, committed 832K, reserved 1048576K
}
Event: 0.991 GC heap before
{Heap before GC invocations=1 (full 0):
 garbage-first heap   total 126976K, used 18024K [0x0000000084000000, 0x0000000100000000)
  region size 1024K, 16 young (16384K), 2 survivors (2048K)
 Metaspace       used 9250K, committed 9472K, reserved 1114112K
  class space    used 1251K, committed 1344K, reserved 1048576K
}
Event: 0.996 GC heap after
{Heap after GC invocations=2 (full 0):
 garbage-first heap   total 126976K, used 4979K [0x0000000084000000, 0x0000000100000000)
  region size 1024K, 2 young (2048K), 2 survivors (2048K)
 Metaspace       used 9250K, committed 9472K, reserved 1114112K
  class space    used 1251K, committed 1344K, reserved 1048576K
}

Deoptimization events (0 events):
No events

Classes unloaded (0 events):
No events

Classes redefined (0 events):
No events

Internal exceptions (20 events):
Event: 1.672 Thread 0x000001a523e79000 Exception <a 'java/lang/NoSuchMethodError'{0x0000000089885590}: 'int java.lang.invoke.DirectMethodHandle$Holder.invokeStaticInit(java.lang.Object, long, long)'> (0x0000000089885590) 
thrown [s\open\src\hotspot\share\interpreter\linkResolver.cpp, line 759]
Event: 1.673 Thread 0x000001a523e79000 Exception <a 'java/lang/NoSuchMethodError'{0x000000008988c3e0}: 'int java.lang.invoke.DirectMethodHandle$Holder.invokeStaticInit(java.lang.Object, float, float)'> (0x000000008988c3e0) 
thrown [s\open\src\hotspot\share\interpreter\linkResolver.cpp, line 759]
Event: 1.673 Thread 0x000001a523e79000 Exception <a 'java/lang/NoSuchMethodError'{0x0000000089893238}: 'int java.lang.invoke.DirectMethodHandle$Holder.invokeStaticInit(java.lang.Object, double, double)'> (0x0000000089893238) 
thrown [s\open\src\hotspot\share\interpreter\linkResolver.cpp, line 759]
Event: 1.673 Thread 0x000001a523e79000 Exception <a 'java/lang/NoSuchMethodError'{0x0000000089897728}: 'int java.lang.invoke.DirectMethodHandle$Holder.invokeStatic(java.lang.Object, long)'> (0x0000000089897728) 
thrown [s\open\src\hotspot\share\interpreter\linkResolver.cpp, line 759]
Event: 1.675 Thread 0x000001a523e79000 Exception <a 'java/lang/NoSuchMethodError'{0x00000000898bc140}: 'int java.lang.invoke.DirectMethodHandle$Holder.invokeSpecial(java.lang.Object, java.lang.Object, int)'> (0x00000000898bc140) 
thrown [s\open\src\hotspot\share\interpreter\linkResolver.cpp, line 759]
Event: 1.676 Thread 0x000001a523e79000 Exception <a 'java/lang/NoSuchMethodError'{0x00000000898c3a38}: 'int java.lang.invoke.Invokers$Holder.linkToTargetMethod(java.lang.Object, java.lang.Object)'> (0x00000000898c3a38) 
thrown [s\open\src\hotspot\share\interpreter\linkResolver.cpp, line 759]
Event: 1.686 Thread 0x000001a523e79000 Exception <a 'java/lang/NoSuchMethodError'{0x0000000089773060}: 'java.lang.Object java.lang.invoke.DirectMethodHandle$Holder.invokeSpecial(java.lang.Object, java.lang.Object, java.lang.Object, java.lang.Object, java.lang.Object, java.lang.Object, java.lang.Object, java.lang.Object, java.lang.Object, java.lang.Object)'> (0x0000000089773060) 
thrown [s\open\src\hotspot\share\interpreter\linkResolver.cpp, line 759]
Event: 1.687 Thread 0x000001a523e79000 Exception <a 'java/lang/NoSuchMethodError'{0x0000000089777648}: 'java.lang.Object java.lang.invoke.Invokers$Holder.invoke_MT(java.lang.Object, java.lang.Object, java.lang.Object, java.lang.Object, java.lang.Object, java.lang.Object, java.lang.Object, java.lang.Object, java.lang.Object, java.lang.Object)'> (0x0000000089777648) 
thrown [s\open\src\hotspot\share\interpreter\linkResolver.cpp, line 759]
Event: 1.691 Thread 0x000001a523e79000 Exception <a 'java/lang/NoSuchMethodError'{0x00000000897b6d30}: 'java.lang.Object java.lang.invoke.DirectMethodHandle$Holder.invokeSpecial(java.lang.Object, java.lang.Object, int, java.lang.Object, java.lang.Object)'> (0x00000000897b6d30) 
thrown [s\open\src\hotspot\share\interpreter\linkResolver.cpp, line 759]
Event: 1.691 Thread 0x000001a523e79000 Exception <a 'java/lang/NoSuchMethodError'{0x00000000897ba9d8}: 'java.lang.Object java.lang.invoke.DelegatingMethodHandle$Holder.delegate(java.lang.Object, int, java.lang.Object, java.lang.Object)'> (0x00000000897ba9d8) 
thrown [s\open\src\hotspot\share\interpreter\linkResolver.cpp, line 759]
Event: 1.692 Thread 0x000001a523e79000 Exception <a 'java/lang/NoSuchMethodError'{0x00000000897cb860}: 'int java.lang.invoke.Invokers$Holder.linkToTargetMethod(java.lang.Object, java.lang.Object, java.lang.Object)'> (0x00000000897cb860) 
thrown [s\open\src\hotspot\share\interpreter\linkResolver.cpp, line 759]
Event: 1.718 Thread 0x000001a523e79000 Exception <a 'java/lang/NoClassDefFoundError'{0x00000000896d9c10}: org/flywaydb/core/Flyway> (0x00000000896d9c10) 
thrown [s\open\src\hotspot\share\classfile\systemDictionary.cpp, line 245]
Event: 1.718 Thread 0x000001a523e79000 Exception <a 'java/lang/NoClassDefFoundError'{0x00000000896db278}: liquibase/integration/spring/SpringLiquibase> (0x00000000896db278) 
thrown [s\open\src\hotspot\share\classfile\systemDictionary.cpp, line 245]
Event: 1.740 Thread 0x000001a523e79000 Exception <a 'java/lang/NoClassDefFoundError'{0x000000008940d370}: org/jooq/DSLContext> (0x000000008940d370) 
thrown [s\open\src\hotspot\share\classfile\systemDictionary.cpp, line 245]
Event: 1.741 Thread 0x000001a523e79000 Exception <a 'java/lang/NoClassDefFoundError'{0x000000008940f908}: jakarta/persistence/EntityManagerFactory> (0x000000008940f908) 
thrown [s\open\src\hotspot\share\classfile\systemDictionary.cpp, line 245]
Event: 1.741 Thread 0x000001a523e79000 Exception <a 'java/lang/NoClassDefFoundError'{0x00000000894110d8}: org/springframework/batch/core/repository/JobRepository> (0x00000000894110d8) 
thrown [s\open\src\hotspot\share\classfile\systemDictionary.cpp, line 245]
Event: 1.741 Thread 0x000001a523e79000 Exception <a 'java/lang/NoClassDefFoundError'{0x0000000089412568}: org/quartz/Scheduler> (0x0000000089412568) 
thrown [s\open\src\hotspot\share\classfile\systemDictionary.cpp, line 245]
Event: 1.741 Thread 0x000001a523e79000 Exception <a 'java/lang/NoClassDefFoundError'{0x0000000089413d38}: org/springframework/session/jdbc/JdbcIndexedSessionRepository> (0x0000000089413d38) 
thrown [s\open\src\hotspot\share\classfile\systemDictionary.cpp, line 245]
Event: 1.760 Thread 0x000001a523e79000 Exception <a 'java/lang/NoSuchMethodError'{0x00000000894b1e68}: 'void java.lang.invoke.DirectMethodHandle$Holder.invokeSpecial(java.lang.Object, java.lang.Object, java.lang.Object, java.lang.Object, java.lang.Object, java.lang.Object)'> (0x00000000894b1e68) 
thrown [s\open\src\hotspot\share\interpreter\linkResolver.cpp, line 759]
Event: 1.941 Thread 0x000001a523e79000 Exception <a 'java/lang/NoSuchMethodError'{0x0000000088ae7ba8}: 'void java.lang.invoke.DirectMethodHandle$Holder.invokeStaticInit(java.lang.Object, java.lang.Object, java.lang.Object, java.lang.Object, java.lang.Object)'> (0x0000000088ae7ba8) 
thrown [s\open\src\hotspot\share\interpreter\linkResolver.cpp, line 759]

VM Operations (20 events):
Event: 1.104 Executing VM operation: HandshakeAllThreads
Event: 1.104 Executing VM operation: HandshakeAllThreads done
Event: 1.200 Executing VM operation: HandshakeAllThreads
Event: 1.200 Executing VM operation: HandshakeAllThreads done
Event: 1.237 Executing VM operation: HandshakeAllThreads
Event: 1.237 Executing VM operation: HandshakeAllThreads done
Event: 1.472 Executing VM operation: ICBufferFull
Event: 1.472 Executing VM operation: ICBufferFull done
Event: 1.679 Executing VM operation: HandshakeAllThreads
Event: 1.679 Executing VM operation: HandshakeAllThreads done
Event: 1.756 Executing VM operation: HandshakeAllThreads
Event: 1.756 Executing VM operation: HandshakeAllThreads done
Event: 1.775 Executing VM operation: HandshakeAllThreads
Event: 1.775 Executing VM operation: HandshakeAllThreads done
Event: 1.782 Executing VM operation: ICBufferFull
Event: 1.782 Executing VM operation: ICBufferFull done
Event: 1.914 Executing VM operation: HandshakeAllThreads
Event: 1.914 Executing VM operation: HandshakeAllThreads done
Event: 1.935 Executing VM operation: HandshakeAllThreads
Event: 1.935 Executing VM operation: HandshakeAllThreads done

Events (20 events):
Event: 1.899 loading class java/security/Key
Event: 1.899 loading class java/security/Key done
Event: 1.907 loading class java/text/Collator
Event: 1.907 loading class java/text/Collator done
Event: 1.921 loading class java/util/regex/Pattern$BnM
Event: 1.921 loading class java/util/regex/Pattern$BnM done
Event: 1.921 loading class java/util/regex/Pattern$SliceS
Event: 1.921 loading class java/util/regex/Pattern$SliceS done
Event: 1.930 loading class java/util/concurrent/atomic/AtomicReferenceArray
Event: 1.930 loading class java/util/concurrent/atomic/AtomicReferenceArray done
Event: 1.935 loading class java/util/concurrent/locks/ReentrantLock$FairSync
Event: 1.935 loading class java/util/concurrent/locks/ReentrantLock$FairSync done
Event: 1.939 loading class java/util/concurrent/atomic/AtomicLongFieldUpdater
Event: 1.939 loading class java/util/concurrent/atomic/AtomicLongFieldUpdater done
Event: 1.939 loading class java/util/concurrent/atomic/AtomicLongFieldUpdater$CASUpdater
Event: 1.939 loading class java/util/concurrent/atomic/AtomicLongFieldUpdater$CASUpdater done
Event: 1.939 loading class java/util/concurrent/atomic/AtomicLongFieldUpdater$CASUpdater$1
Event: 1.939 loading class java/util/concurrent/atomic/AtomicLongFieldUpdater$CASUpdater$1 done
Event: 1.956 loading class java/io/StringReader
Event: 1.956 loading class java/io/StringReader done


Dynamic libraries:
0x00007ff7f26a0000 - 0x00007ff7f26b0000 	C:\Program Files\Java\jdk-17\bin\java.exe
0x00007ffd76670000 - 0x00007ffd76887000 	C:\WINDOWS\SYSTEM32\ntdll.dll
0x00007ffd75c70000 - 0x00007ffd75d34000 	C:\WINDOWS\System32\KERNEL32.DLL
0x00007ffd73ed0000 - 0x00007ffd7427d000 	C:\WINDOWS\System32\KERNELBASE.dll
0x00007ffd73ae0000 - 0x00007ffd73bf1000 	C:\WINDOWS\System32\ucrtbase.dll
0x00007ffd6f430000 - 0x00007ffd6f44b000 	C:\Program Files\Java\jdk-17\bin\VCRUNTIME140.dll
0x00007ffd6f410000 - 0x00007ffd6f429000 	C:\Program Files\Java\jdk-17\bin\jli.dll
0x00007ffd759e0000 - 0x00007ffd75a92000 	C:\WINDOWS\System32\ADVAPI32.dll
0x00007ffd76270000 - 0x00007ffd76317000 	C:\WINDOWS\System32\msvcrt.dll
0x00007ffd76050000 - 0x00007ffd760f9000 	C:\WINDOWS\System32\sechost.dll
0x00007ffd73ab0000 - 0x00007ffd73ad8000 	C:\WINDOWS\System32\bcrypt.dll
0x00007ffd76120000 - 0x00007ffd76234000 	C:\WINDOWS\System32\RPCRT4.dll
0x00007ffd763a0000 - 0x00007ffd7654e000 	C:\WINDOWS\System32\USER32.dll
0x00007ffd73990000 - 0x00007ffd739b6000 	C:\WINDOWS\System32\win32u.dll
0x00007ffd75af0000 - 0x00007ffd75b19000 	C:\WINDOWS\System32\GDI32.dll
0x00007ffd74280000 - 0x00007ffd74399000 	C:\WINDOWS\System32\gdi32full.dll
0x00007ffd73d70000 - 0x00007ffd73e0a000 	C:\WINDOWS\System32\msvcp_win.dll
0x00007ffd61450000 - 0x00007ffd616e3000 	C:\WINDOWS\WinSxS\amd64_microsoft.windows.common-controls_6595b64144ccf1df_6.0.22621.3672_none_2713b9d173822955\COMCTL32.dll
0x00007ffd69910000 - 0x00007ffd6991a000 	C:\WINDOWS\SYSTEM32\VERSION.dll
0x00007ffd75b20000 - 0x00007ffd75b51000 	C:\WINDOWS\System32\IMM32.DLL
0x00007ffd70860000 - 0x00007ffd7086c000 	C:\Program Files\Java\jdk-17\bin\vcruntime140_1.dll
0x00007ffd6d780000 - 0x00007ffd6d80e000 	C:\Program Files\Java\jdk-17\bin\msvcp140.dll
0x00007ffd340f0000 - 0x00007ffd34cd0000 	C:\Program Files\Java\jdk-17\bin\server\jvm.dll
0x00007ffd75710000 - 0x00007ffd75718000 	C:\WINDOWS\System32\PSAPI.DLL
0x00007ffd52370000 - 0x00007ffd52379000 	C:\WINDOWS\SYSTEM32\WSOCK32.dll
0x00007ffd76320000 - 0x00007ffd76391000 	C:\WINDOWS\System32\WS2_32.dll
0x00007ffd6bf60000 - 0x00007ffd6bf94000 	C:\WINDOWS\SYSTEM32\WINMM.dll
0x00007ffd729c0000 - 0x00007ffd729d8000 	C:\WINDOWS\SYSTEM32\kernel.appcore.dll
0x00007ffd6f400000 - 0x00007ffd6f40a000 	C:\Program Files\Java\jdk-17\bin\jimage.dll
0x00007ffd71540000 - 0x00007ffd71772000 	C:\WINDOWS\SYSTEM32\DBGHELP.DLL
0x00007ffd75380000 - 0x00007ffd7570d000 	C:\WINDOWS\System32\combase.dll
0x00007ffd76550000 - 0x00007ffd76627000 	C:\WINDOWS\System32\OLEAUT32.dll
0x00007ffd526a0000 - 0x00007ffd526d2000 	C:\WINDOWS\SYSTEM32\dbgcore.DLL
0x00007ffd739c0000 - 0x00007ffd73a3b000 	C:\WINDOWS\System32\bcryptPrimitives.dll
0x00007ffd6f180000 - 0x00007ffd6f18e000 	C:\Program Files\Java\jdk-17\bin\instrument.dll
0x00007ffd6ca10000 - 0x00007ffd6ca35000 	C:\Program Files\Java\jdk-17\bin\java.dll
0x00007ffd49e00000 - 0x00007ffd49ed7000 	C:\Program Files\Java\jdk-17\bin\jsvml.dll
0x00007ffd74590000 - 0x00007ffd74df8000 	C:\WINDOWS\System32\SHELL32.dll
0x00007ffd718e0000 - 0x00007ffd721de000 	C:\WINDOWS\SYSTEM32\windows.storage.dll
0x00007ffd717a0000 - 0x00007ffd718df000 	C:\WINDOWS\SYSTEM32\wintypes.dll
0x00007ffd75720000 - 0x00007ffd75819000 	C:\WINDOWS\System32\SHCORE.dll
0x00007ffd743a0000 - 0x00007ffd743fe000 	C:\WINDOWS\System32\shlwapi.dll
0x00007ffd738c0000 - 0x00007ffd738e1000 	C:\WINDOWS\SYSTEM32\profapi.dll
0x00007ffd6d740000 - 0x00007ffd6d758000 	C:\Program Files\Java\jdk-17\bin\zip.dll
0x00007ffd6c180000 - 0x00007ffd6c199000 	C:\Program Files\Java\jdk-17\bin\net.dll
0x00007ffd6f490000 - 0x00007ffd6f5c6000 	C:\WINDOWS\SYSTEM32\WINHTTP.dll
0x00007ffd72e30000 - 0x00007ffd72e99000 	C:\WINDOWS\system32\mswsock.dll
0x00007ffd6c160000 - 0x00007ffd6c176000 	C:\Program Files\Java\jdk-17\bin\nio.dll
0x00007ffd5b440000 - 0x00007ffd5b45a000 	C:\Program Files\JetBrains\IntelliJ IDEA 2024.1.2\bin\breakgen64.dll
0x00007ffd724b0000 - 0x00007ffd725a8000 	C:\WINDOWS\SYSTEM32\DNSAPI.dll
0x00007ffd72440000 - 0x00007ffd7246d000 	C:\WINDOWS\SYSTEM32\IPHLPAPI.DLL
0x00007ffd74480000 - 0x00007ffd74489000 	C:\WINDOWS\System32\NSI.dll
0x00007ffd6f710000 - 0x00007ffd6f71a000 	C:\Windows\System32\rasadhlp.dll
0x00007ffd6c300000 - 0x00007ffd6c383000 	C:\WINDOWS\System32\fwpuclnt.dll
0x00007ffd6f170000 - 0x00007ffd6f17a000 	C:\Program Files\Java\jdk-17\bin\management.dll
0x00007ffd6d770000 - 0x00007ffd6d77b000 	C:\Program Files\Java\jdk-17\bin\management_ext.dll
0x00007ffd73090000 - 0x00007ffd730ab000 	C:\WINDOWS\SYSTEM32\CRYPTSP.dll
0x00007ffd72920000 - 0x00007ffd72955000 	C:\WINDOWS\system32\rsaenh.dll
0x00007ffd72f30000 - 0x00007ffd72f58000 	C:\WINDOWS\SYSTEM32\USERENV.dll
0x00007ffd730b0000 - 0x00007ffd730bc000 	C:\WINDOWS\SYSTEM32\CRYPTBASE.dll
0x00007ffd6f720000 - 0x00007ffd6f739000 	C:\WINDOWS\SYSTEM32\dhcpcsvc6.DLL
0x00007ffd6f190000 - 0x00007ffd6f1af000 	C:\WINDOWS\SYSTEM32\dhcpcsvc.DLL
0x00007ffd4e810000 - 0x00007ffd4e827000 	C:\WINDOWS\system32\napinsp.dll
0x00007ffd4e7f0000 - 0x00007ffd4e80b000 	C:\WINDOWS\system32\pnrpnsp.dll
0x00007ffd4e7d0000 - 0x00007ffd4e7e1000 	C:\WINDOWS\System32\winrnr.dll
0x00007ffd6c670000 - 0x00007ffd6c685000 	C:\WINDOWS\system32\wshbth.dll
0x00007ffd45a50000 - 0x00007ffd45a77000 	C:\WINDOWS\system32\nlansp_c.dll

dbghelp: loaded successfully - version: 4.0.5 - missing functions: none
symbol engine: initialized successfully - sym options: 0x614 - pdb path: .;C:\Program Files\Java\jdk-17\bin;C:\WINDOWS\SYSTEM32;C:\WINDOWS\WinSxS\amd64_microsoft.windows.common-controls_6595b64144ccf1df_6.0.22621.3672_none_2713b9d173822955;C:\Program Files\Java\jdk-17\bin\server;C:\Program Files\JetBrains\IntelliJ IDEA 2024.1.2\bin

VM Arguments:
jvm_args: -XX:TieredStopAtLevel=1 -Dspring.output.ansi.enabled=always -Dcom.sun.management.jmxremote -Dspring.jmx.enabled=true -Dspring.liveBeansView.mbeanDomain -Dspring.application.admin.enabled=true -Dmanagement.endpoints.jmx.exposure.include=* -javaagent:C:\Program Files\JetBrains\IntelliJ IDEA 2024.1.2\lib\idea_rt.jar=50105:C:\Program Files\JetBrains\IntelliJ IDEA 2024.1.2\bin -Dfile.encoding=UTF-8 
java_command: com.hussain.springjdbc.SpringJdbcApplication
java_class_path (initial): I:\Backend development\SpringJDBC\target\classes;C:\Users\hussa\.m2\repository\org\springframework\boot\spring-boot-starter-jdbc\3.3.3\spring-boot-starter-jdbc-3.3.3.jar;C:\Users\hussa\.m2\repository\org\springframework\boot\spring-boot-starter\3.3.3\spring-boot-starter-3.3.3.jar;C:\Users\hussa\.m2\repository\org\springframework\boot\spring-boot\3.3.3\spring-boot-3.3.3.jar;C:\Users\hussa\.m2\repository\org\springframework\spring-context\6.1.12\spring-context-6.1.12.jar;C:\Users\hussa\.m2\repository\org\springframework\spring-aop\6.1.12\spring-aop-6.1.12.jar;C:\Users\hussa\.m2\repository\org\springframework\spring-expression\6.1.12\spring-expression-6.1.12.jar;C:\Users\hussa\.m2\repository\io\micrometer\micrometer-observation\1.13.3\micrometer-observation-1.13.3.jar;C:\Users\hussa\.m2\repository\io\micrometer\micrometer-commons\1.13.3\micrometer-commons-1.13.3.jar;C:\Users\hussa\.m2\repository\org\springframework\boot\spring-boot-autoconfigure\3.3.3\spring-boot-autoconfigure-3.3.3.jar;C:\Users\hussa\.m2\repository\org\springframework\boot\spring-boot-starter-logging\3.3.3\spring-boot-starter-logging-3.3.3.jar;C:\Users\hussa\.m2\repository\ch\qos\logback\logback-classic\1.5.7\logback-classic-1.5.7.jar;C:\Users\hussa\.m2\repository\ch\qos\logback\logback-core\1.5.7\logback-core-1.5.7.jar;C:\Users\hussa\.m2\repository\org\apache\logging\log4j\log4j-to-slf4j\2.23.1\log4j-to-slf4j-2.23.1.jar;C:\Users\hussa\.m2\repository\org\apache\logging\log4j\log4j-api\2.23.1\log4j-api-2.23.1.jar;C:\Users\hussa\.m2\repository\org\slf4j\jul-to-slf4j\2.0.16\jul-to-slf4j-2.0.16.jar;C:\Users\hussa\.m2\repository\jakarta\annotation\jakarta.annotation-api\2.1.1\jakarta.annotation-api-2.1.1.jar;C:\Users\hussa\.m2\repository\org\yaml\snakeyaml\2.2\snakeyaml-2.2.jar;C:\Users\hussa\.m2\repository\com\zaxxer\HikariCP\5.1.0\HikariCP-5.1.0.jar;C:\Users\hussa\.m2\repository\org\slf4j\slf4j-api\2.0.16\slf4j-api-2.0.16.jar;C:\Users\hussa\.m2\repository\org\springframework\
Launcher Type: SUN_STANDARD

[Global flags]
     intx CICompilerCount                          = 3                                         {product} {ergonomic}
     uint ConcGCThreads                            = 1                                         {product} {ergonomic}
     uint G1ConcRefinementThreads                  = 4                                         {product} {ergonomic}
   size_t G1HeapRegionSize                         = 1048576                                   {product} {ergonomic}
    uintx GCDrainStackTargetSize                   = 64                                        {product} {ergonomic}
   size_t InitialHeapSize                          = 130023424                                 {product} {ergonomic}
     bool ManagementServer                         = true                                      {product} {command line}
   size_t MarkStackSize                            = 4194304                                   {product} {ergonomic}
   size_t MaxHeapSize                              = 2080374784                                {product} {ergonomic}
   size_t MaxNewSize                               = 1247805440                                {product} {ergonomic}
   size_t MinHeapDeltaBytes                        = 1048576                                   {product} {ergonomic}
   size_t MinHeapSize                              = 8388608                                   {product} {ergonomic}
    uintx NonProfiledCodeHeapSize                  = 0                                      {pd product} {ergonomic}
     bool ProfileInterpreter                       = false                                  {pd product} {command line}
    uintx ProfiledCodeHeapSize                     = 0                                      {pd product} {ergonomic}
   size_t SoftMaxHeapSize                          = 2080374784                             {manageable} {ergonomic}
     intx TieredStopAtLevel                        = 1                                         {product} {command line}
     bool UseCompressedClassPointers               = true                           {product lp64_product} {ergonomic}
     bool UseCompressedOops                        = true                           {product lp64_product} {ergonomic}
     bool UseG1GC                                  = true                                      {product} {ergonomic}
     bool UseLargePagesIndividualAllocation        = false                                  {pd product} {ergonomic}

Logging:
Log output configuration:
 #0: stdout all=warning uptime,level,tags
 #1: stderr all=off uptime,level,tags

Environment Variables:
PATH=C:\Program Files\Java\jdk-17\bin;C:\WINDOWS\system32;C:\WINDOWS;C:\WINDOWS\System32\Wbem;C:\WINDOWS\System32\WindowsPowerShell\v1.0\;C:\WINDOWS\System32\OpenSSH\;C:\Program Files\Crucial\Crucial Storage Executive;C:\Program Files\Git\cmd;C:\Program Files\nodejs\;C:\Program Files\Java\jdk-17\bin;C:\Users\hussa\AppData\Local\Microsoft\WindowsApps;C:\Users\hussa\AppData\Local\Programs\Microsoft VS Code\bin;C:\Users\hussa\AppData\Roaming\npm;C:\Program Files\JetBrains\IntelliJ IDEA 2024.1.2\bin;;C:\Users\hussa\AppData\Local\Programs\mongosh\
USERNAME=hussa
OS=Windows_NT
PROCESSOR_IDENTIFIER=Intel64 Family 6 Model 126 Stepping 5, GenuineIntel



---------------  S Y S T E M  ---------------

OS:
 Windows 11 , 64 bit Build 22621 (10.0.22621.3958)
OS uptime: 0 days 13:22 hours

CPU: total 4 (initial active 4) (2 cores per cpu, 2 threads per core) family 6 model 126 stepping 5 microcode 0x86, cx8, cmov, fxsr, ht, mmx, 3dnowpref, sse, sse2, sse3, ssse3, sse4.1, sse4.2, popcnt, lzcnt, tsc, tscinvbit, avx, avx2, aes, erms, clmul, bmi1, bmi2, adx, avx512f, avx512dq, avx512cd, avx512bw, avx512vl, sha, fma, vzeroupper, avx512_vpopcntdq, avx512_vpclmulqdq, avx512_vaes, avx512_vnni, clflush, clflushopt, avx512_vbmi2, avx512_vbmi

Memory: 4k page, system-wide physical 7934M (940M free)
TotalPageFile size 9982M (AvailPageFile size 4M)
current process WorkingSet (physical memory assigned to process): 124M, peak: 124M
current process commit charge ("private bytes"): 227M, peak: 227M

vm_info: Java HotSpot(TM) 64-Bit Server VM (17.0.11+7-LTS-207) for windows-amd64 JRE (17.0.11+7-LTS-207), built on Mar 11 2024 19:01:50 by "mach5one" with MS VC++ 17.6 (VS2022)

END.
